2016-3-23 13:56:57 org.apache.catalina.startup.VersionLoggerListener log
信息: Server version:        Apache Tomcat/7.0.68
2016-3-23 13:56:57 org.apache.catalina.startup.VersionLoggerListener log
信息: Server built:          Feb 8 2016 20:25:54 UTC
2016-3-23 13:56:57 org.apache.catalina.startup.VersionLoggerListener log
信息: Server number:         7.0.68.0
2016-3-23 13:56:57 org.apache.catalina.startup.VersionLoggerListener log
信息: OS Name:               Windows 7
2016-3-23 13:56:57 org.apache.catalina.startup.VersionLoggerListener log
信息: OS Version:            6.1
2016-3-23 13:56:57 org.apache.catalina.startup.VersionLoggerListener log
信息: Architecture:          amd64
2016-3-23 13:56:57 org.apache.catalina.startup.VersionLoggerListener log
信息: Java Home:             C:\Program Files\Java\jdk1.6.0_45\jre
2016-3-23 13:56:57 org.apache.catalina.startup.VersionLoggerListener log
信息: JVM Version:           1.6.0_45-b06
2016-3-23 13:56:57 org.apache.catalina.startup.VersionLoggerListener log
信息: JVM Vendor:            Sun Microsystems Inc.
2016-3-23 13:56:57 org.apache.catalina.startup.VersionLoggerListener log
信息: CATALINA_BASE:         C:\Users\quxiucheng\Desktop\tomcat8082\apache-tomcat-7.0.68
2016-3-23 13:56:57 org.apache.catalina.startup.VersionLoggerListener log
信息: CATALINA_HOME:         C:\Users\quxiucheng\Desktop\tomcat8082\apache-tomcat-7.0.68
2016-3-23 13:56:57 org.apache.catalina.startup.VersionLoggerListener log
信息: Command line argument: -Djava.util.logging.config.file=C:\Users\quxiucheng\Desktop\tomcat8082\apache-tomcat-7.0.68\conf\logging.properties
2016-3-23 13:56:57 org.apache.catalina.startup.VersionLoggerListener log
信息: Command line argument: -Djava.util.logging.manager=org.apache.juli.ClassLoaderLogManager
2016-3-23 13:56:57 org.apache.catalina.startup.VersionLoggerListener log
信息: Command line argument: -Djava.endorsed.dirs=C:\Users\quxiucheng\Desktop\tomcat8082\apache-tomcat-7.0.68\endorsed
2016-3-23 13:56:57 org.apache.catalina.startup.VersionLoggerListener log
信息: Command line argument: -Dcatalina.base=C:\Users\quxiucheng\Desktop\tomcat8082\apache-tomcat-7.0.68
2016-3-23 13:56:57 org.apache.catalina.startup.VersionLoggerListener log
信息: Command line argument: -Dcatalina.home=C:\Users\quxiucheng\Desktop\tomcat8082\apache-tomcat-7.0.68
2016-3-23 13:56:57 org.apache.catalina.startup.VersionLoggerListener log
信息: Command line argument: -Djava.io.tmpdir=C:\Users\quxiucheng\Desktop\tomcat8082\apache-tomcat-7.0.68\temp
2016-3-23 13:56:57 org.apache.catalina.core.AprLifecycleListener lifecycleEvent
信息: Loaded APR based Apache Tomcat Native library 1.1.33 using APR version 1.5.1.
2016-3-23 13:56:57 org.apache.catalina.core.AprLifecycleListener lifecycleEvent
信息: APR capabilities: IPv6 [true], sendfile [true], accept filters [false], random [true].
2016-3-23 13:56:58 org.apache.catalina.core.AprLifecycleListener initializeSSL
信息: OpenSSL successfully initialized (OpenSSL 1.0.1m 19 Mar 2015)
2016-3-23 13:56:58 org.apache.coyote.AbstractProtocol init
信息: Initializing ProtocolHandler ["http-apr-8082"]
2016-3-23 13:56:58 org.apache.coyote.AbstractProtocol init
信息: Initializing ProtocolHandler ["ajp-apr-8029"]
2016-3-23 13:56:58 org.apache.catalina.startup.Catalina load
信息: Initialization processed in 1153 ms
2016-3-23 13:56:58 org.apache.catalina.core.StandardService startInternal
信息: Starting service Catalina
2016-3-23 13:56:58 org.apache.catalina.core.StandardEngine startInternal
信息: Starting Servlet Engine: Apache Tomcat/7.0.68
2016-3-23 13:57:00 org.apache.catalina.startup.TldConfig execute
信息: At least one JAR was scanned for TLDs yet contained no TLDs. Enable debug logging for this logger for a complete list of JARs that were scanned but no TLDs were found in them. Skipping unneeded JARs during scanning can improve startup time and JSP compilation time.
2016-3-23 13:57:00 org.apache.tomcat.websocket.server.WsSci onStartup
信息: JSR 356 WebSocket (Java WebSocket 1.1) support is not available when running on Java 6. To suppress this message, run Tomcat on Java 7, remove the WebSocket JARs from $CATALINA_HOME/lib or add the WebSocket JARs to the tomcat.util.scan.DefaultJarScanner.jarsToSkip property in $CATALINA_BASE/conf/catalina.properties. Note that the deprecated Tomcat 7 WebSocket API will be available. 
2016-3-23 13:57:02 com.radiadesign.catalina.session.RedisSessionManager startInternal
信息: Attached to RedisSessionHandlerValve
2016-3-23 13:57:02 com.radiadesign.catalina.session.RedisSessionManager initializeSerializer
信息: Attempting to use serializer :com.radiadesign.catalina.session.JavaSerializer
2016-3-23 13:57:02 com.radiadesign.catalina.session.RedisSessionManager startInternal
信息: Will expire sessions after 30 seconds
2016-3-23 13:57:02 org.apache.coyote.AbstractProtocol start
信息: Starting ProtocolHandler ["http-apr-8082"]
2016-3-23 13:57:03 org.apache.coyote.AbstractProtocol start
信息: Starting ProtocolHandler ["ajp-apr-8029"]
2016-3-23 13:57:03 org.apache.catalina.startup.Catalina start
信息: Server startup in 4795 ms
2016-3-23 13:57:10 org.apache.jasper.compiler.TldLocationsCache tldScanJar
信息: At least one JAR was scanned for TLDs yet contained no TLDs. Enable debug logging for this logger for a complete list of JARs that were scanned but no TLDs were found in them. Skipping unneeded JARs during scanning can improve startup time and JSP compilation time.
2016-3-23 14:03:47 org.apache.catalina.startup.VersionLoggerListener log
信息: Server version:        Apache Tomcat/7.0.68
2016-3-23 14:03:47 org.apache.catalina.startup.VersionLoggerListener log
信息: Server built:          Feb 8 2016 20:25:54 UTC
2016-3-23 14:03:47 org.apache.catalina.startup.VersionLoggerListener log
信息: Server number:         7.0.68.0
2016-3-23 14:03:47 org.apache.catalina.startup.VersionLoggerListener log
信息: OS Name:               Windows 7
2016-3-23 14:03:47 org.apache.catalina.startup.VersionLoggerListener log
信息: OS Version:            6.1
2016-3-23 14:03:47 org.apache.catalina.startup.VersionLoggerListener log
信息: Architecture:          amd64
2016-3-23 14:03:47 org.apache.catalina.startup.VersionLoggerListener log
信息: Java Home:             C:\Program Files\Java\jdk1.6.0_45\jre
2016-3-23 14:03:47 org.apache.catalina.startup.VersionLoggerListener log
信息: JVM Version:           1.6.0_45-b06
2016-3-23 14:03:47 org.apache.catalina.startup.VersionLoggerListener log
信息: JVM Vendor:            Sun Microsystems Inc.
2016-3-23 14:03:47 org.apache.catalina.startup.VersionLoggerListener log
信息: CATALINA_BASE:         C:\Users\quxiucheng\Desktop\tomcat8082\apache-tomcat-7.0.68
2016-3-23 14:03:47 org.apache.catalina.startup.VersionLoggerListener log
信息: CATALINA_HOME:         C:\Users\quxiucheng\Desktop\tomcat8082\apache-tomcat-7.0.68
2016-3-23 14:03:47 org.apache.catalina.startup.VersionLoggerListener log
信息: Command line argument: -Djava.util.logging.config.file=C:\Users\quxiucheng\Desktop\tomcat8082\apache-tomcat-7.0.68\conf\logging.properties
2016-3-23 14:03:47 org.apache.catalina.startup.VersionLoggerListener log
信息: Command line argument: -Djava.util.logging.manager=org.apache.juli.ClassLoaderLogManager
2016-3-23 14:03:47 org.apache.catalina.startup.VersionLoggerListener log
信息: Command line argument: -Djava.endorsed.dirs=C:\Users\quxiucheng\Desktop\tomcat8082\apache-tomcat-7.0.68\endorsed
2016-3-23 14:03:47 org.apache.catalina.startup.VersionLoggerListener log
信息: Command line argument: -Dcatalina.base=C:\Users\quxiucheng\Desktop\tomcat8082\apache-tomcat-7.0.68
2016-3-23 14:03:47 org.apache.catalina.startup.VersionLoggerListener log
信息: Command line argument: -Dcatalina.home=C:\Users\quxiucheng\Desktop\tomcat8082\apache-tomcat-7.0.68
2016-3-23 14:03:47 org.apache.catalina.startup.VersionLoggerListener log
信息: Command line argument: -Djava.io.tmpdir=C:\Users\quxiucheng\Desktop\tomcat8082\apache-tomcat-7.0.68\temp
2016-3-23 14:03:47 org.apache.catalina.core.AprLifecycleListener lifecycleEvent
信息: Loaded APR based Apache Tomcat Native library 1.1.33 using APR version 1.5.1.
2016-3-23 14:03:47 org.apache.catalina.core.AprLifecycleListener lifecycleEvent
信息: APR capabilities: IPv6 [true], sendfile [true], accept filters [false], random [true].
2016-3-23 14:03:47 org.apache.catalina.core.AprLifecycleListener initializeSSL
信息: OpenSSL successfully initialized (OpenSSL 1.0.1m 19 Mar 2015)
2016-3-23 14:03:47 org.apache.coyote.AbstractProtocol init
信息: Initializing ProtocolHandler ["http-apr-8082"]
2016-3-23 14:03:47 org.apache.coyote.AbstractProtocol init
信息: Initializing ProtocolHandler ["ajp-apr-8029"]
2016-3-23 14:03:47 org.apache.catalina.startup.Catalina load
信息: Initialization processed in 888 ms
2016-3-23 14:03:47 org.apache.catalina.core.StandardService startInternal
信息: Starting service Catalina
2016-3-23 14:03:47 org.apache.catalina.core.StandardEngine startInternal
信息: Starting Servlet Engine: Apache Tomcat/7.0.68
2016-3-23 14:03:50 org.apache.catalina.startup.TldConfig execute
信息: At least one JAR was scanned for TLDs yet contained no TLDs. Enable debug logging for this logger for a complete list of JARs that were scanned but no TLDs were found in them. Skipping unneeded JARs during scanning can improve startup time and JSP compilation time.
2016-3-23 14:03:50 org.apache.tomcat.websocket.server.WsSci onStartup
信息: JSR 356 WebSocket (Java WebSocket 1.1) support is not available when running on Java 6. To suppress this message, run Tomcat on Java 7, remove the WebSocket JARs from $CATALINA_HOME/lib or add the WebSocket JARs to the tomcat.util.scan.DefaultJarScanner.jarsToSkip property in $CATALINA_BASE/conf/catalina.properties. Note that the deprecated Tomcat 7 WebSocket API will be available. 
2016-3-23 14:03:52 com.radiadesign.catalina.session.RedisSessionManager startInternal
信息: Attached to RedisSessionHandlerValve
2016-3-23 14:03:52 com.radiadesign.catalina.session.RedisSessionManager initializeSerializer
信息: Attempting to use serializer :com.radiadesign.catalina.session.JavaSerializer
2016-3-23 14:03:52 com.radiadesign.catalina.session.RedisSessionManager startInternal
信息: Will expire sessions after 30 seconds
2016-3-23 14:03:52 org.apache.coyote.AbstractProtocol start
信息: Starting ProtocolHandler ["http-apr-8082"]
2016-3-23 14:03:52 org.apache.coyote.AbstractProtocol start
信息: Starting ProtocolHandler ["ajp-apr-8029"]
2016-3-23 14:03:52 org.apache.catalina.startup.Catalina start
信息: Server startup in 4912 ms
2016-3-23 14:06:38 org.apache.catalina.startup.VersionLoggerListener log
信息: Server version:        Apache Tomcat/7.0.68
2016-3-23 14:06:38 org.apache.catalina.startup.VersionLoggerListener log
信息: Server built:          Feb 8 2016 20:25:54 UTC
2016-3-23 14:06:38 org.apache.catalina.startup.VersionLoggerListener log
信息: Server number:         7.0.68.0
2016-3-23 14:06:38 org.apache.catalina.startup.VersionLoggerListener log
信息: OS Name:               Windows 7
2016-3-23 14:06:38 org.apache.catalina.startup.VersionLoggerListener log
信息: OS Version:            6.1
2016-3-23 14:06:38 org.apache.catalina.startup.VersionLoggerListener log
信息: Architecture:          amd64
2016-3-23 14:06:38 org.apache.catalina.startup.VersionLoggerListener log
信息: Java Home:             C:\Program Files\Java\jdk1.6.0_45\jre
2016-3-23 14:06:38 org.apache.catalina.startup.VersionLoggerListener log
信息: JVM Version:           1.6.0_45-b06
2016-3-23 14:06:38 org.apache.catalina.startup.VersionLoggerListener log
信息: JVM Vendor:            Sun Microsystems Inc.
2016-3-23 14:06:38 org.apache.catalina.startup.VersionLoggerListener log
信息: CATALINA_BASE:         C:\Users\quxiucheng\Desktop\tomcat8082\apache-tomcat-7.0.68
2016-3-23 14:06:38 org.apache.catalina.startup.VersionLoggerListener log
信息: CATALINA_HOME:         C:\Users\quxiucheng\Desktop\tomcat8082\apache-tomcat-7.0.68
2016-3-23 14:06:38 org.apache.catalina.startup.VersionLoggerListener log
信息: Command line argument: -Djava.util.logging.config.file=C:\Users\quxiucheng\Desktop\tomcat8082\apache-tomcat-7.0.68\conf\logging.properties
2016-3-23 14:06:38 org.apache.catalina.startup.VersionLoggerListener log
信息: Command line argument: -Djava.util.logging.manager=org.apache.juli.ClassLoaderLogManager
2016-3-23 14:06:38 org.apache.catalina.startup.VersionLoggerListener log
信息: Command line argument: -Djava.endorsed.dirs=C:\Users\quxiucheng\Desktop\tomcat8082\apache-tomcat-7.0.68\endorsed
2016-3-23 14:06:38 org.apache.catalina.startup.VersionLoggerListener log
信息: Command line argument: -Dcatalina.base=C:\Users\quxiucheng\Desktop\tomcat8082\apache-tomcat-7.0.68
2016-3-23 14:06:38 org.apache.catalina.startup.VersionLoggerListener log
信息: Command line argument: -Dcatalina.home=C:\Users\quxiucheng\Desktop\tomcat8082\apache-tomcat-7.0.68
2016-3-23 14:06:38 org.apache.catalina.startup.VersionLoggerListener log
信息: Command line argument: -Djava.io.tmpdir=C:\Users\quxiucheng\Desktop\tomcat8082\apache-tomcat-7.0.68\temp
2016-3-23 14:06:38 org.apache.catalina.core.AprLifecycleListener lifecycleEvent
信息: Loaded APR based Apache Tomcat Native library 1.1.33 using APR version 1.5.1.
2016-3-23 14:06:38 org.apache.catalina.core.AprLifecycleListener lifecycleEvent
信息: APR capabilities: IPv6 [true], sendfile [true], accept filters [false], random [true].
2016-3-23 14:06:38 org.apache.catalina.core.AprLifecycleListener initializeSSL
信息: OpenSSL successfully initialized (OpenSSL 1.0.1m 19 Mar 2015)
2016-3-23 14:06:38 org.apache.coyote.AbstractProtocol init
信息: Initializing ProtocolHandler ["http-apr-8082"]
2016-3-23 14:06:38 org.apache.coyote.AbstractProtocol init
信息: Initializing ProtocolHandler ["ajp-apr-8029"]
2016-3-23 14:06:38 org.apache.catalina.startup.Catalina load
信息: Initialization processed in 1044 ms
2016-3-23 14:06:38 org.apache.catalina.core.StandardService startInternal
信息: Starting service Catalina
2016-3-23 14:06:38 org.apache.catalina.core.StandardEngine startInternal
信息: Starting Servlet Engine: Apache Tomcat/7.0.68
2016-3-23 14:06:41 org.apache.catalina.startup.TldConfig execute
信息: At least one JAR was scanned for TLDs yet contained no TLDs. Enable debug logging for this logger for a complete list of JARs that were scanned but no TLDs were found in them. Skipping unneeded JARs during scanning can improve startup time and JSP compilation time.
2016-3-23 14:06:41 org.apache.tomcat.websocket.server.WsSci onStartup
信息: JSR 356 WebSocket (Java WebSocket 1.1) support is not available when running on Java 6. To suppress this message, run Tomcat on Java 7, remove the WebSocket JARs from $CATALINA_HOME/lib or add the WebSocket JARs to the tomcat.util.scan.DefaultJarScanner.jarsToSkip property in $CATALINA_BASE/conf/catalina.properties. Note that the deprecated Tomcat 7 WebSocket API will be available. 
2016-3-23 14:06:44 com.radiadesign.catalina.session.RedisSessionManager startInternal
信息: Attached to RedisSessionHandlerValve
2016-3-23 14:06:44 com.radiadesign.catalina.session.RedisSessionManager initializeSerializer
信息: Attempting to use serializer :com.radiadesign.catalina.session.JavaSerializer
2016-3-23 14:06:44 com.radiadesign.catalina.session.RedisSessionManager startInternal
信息: Will expire sessions after 30 seconds
2016-3-23 14:06:45 org.apache.coyote.AbstractProtocol start
信息: Starting ProtocolHandler ["http-apr-8082"]
2016-3-23 14:06:45 org.apache.coyote.AbstractProtocol start
信息: Starting ProtocolHandler ["ajp-apr-8029"]
2016-3-23 14:06:45 org.apache.catalina.startup.Catalina start
信息: Server startup in 6351 ms
2016-3-23 14:07:04 org.apache.catalina.startup.VersionLoggerListener log
信息: Server version:        Apache Tomcat/7.0.68
2016-3-23 14:07:04 org.apache.catalina.startup.VersionLoggerListener log
信息: Server built:          Feb 8 2016 20:25:54 UTC
2016-3-23 14:07:04 org.apache.catalina.startup.VersionLoggerListener log
信息: Server number:         7.0.68.0
2016-3-23 14:07:04 org.apache.catalina.startup.VersionLoggerListener log
信息: OS Name:               Windows 7
2016-3-23 14:07:04 org.apache.catalina.startup.VersionLoggerListener log
信息: OS Version:            6.1
2016-3-23 14:07:04 org.apache.catalina.startup.VersionLoggerListener log
信息: Architecture:          amd64
2016-3-23 14:07:04 org.apache.catalina.startup.VersionLoggerListener log
信息: Java Home:             C:\Program Files\Java\jdk1.6.0_45\jre
2016-3-23 14:07:04 org.apache.catalina.startup.VersionLoggerListener log
信息: JVM Version:           1.6.0_45-b06
2016-3-23 14:07:04 org.apache.catalina.startup.VersionLoggerListener log
信息: JVM Vendor:            Sun Microsystems Inc.
2016-3-23 14:07:04 org.apache.catalina.startup.VersionLoggerListener log
信息: CATALINA_BASE:         C:\Users\quxiucheng\Desktop\tomcat8082\apache-tomcat-7.0.68
2016-3-23 14:07:04 org.apache.catalina.startup.VersionLoggerListener log
信息: CATALINA_HOME:         C:\Users\quxiucheng\Desktop\tomcat8082\apache-tomcat-7.0.68
2016-3-23 14:07:04 org.apache.catalina.startup.VersionLoggerListener log
信息: Command line argument: -Djava.util.logging.config.file=C:\Users\quxiucheng\Desktop\tomcat8082\apache-tomcat-7.0.68\conf\logging.properties
2016-3-23 14:07:04 org.apache.catalina.startup.VersionLoggerListener log
信息: Command line argument: -Djava.util.logging.manager=org.apache.juli.ClassLoaderLogManager
2016-3-23 14:07:04 org.apache.catalina.startup.VersionLoggerListener log
信息: Command line argument: -Djava.endorsed.dirs=C:\Users\quxiucheng\Desktop\tomcat8082\apache-tomcat-7.0.68\endorsed
2016-3-23 14:07:04 org.apache.catalina.startup.VersionLoggerListener log
信息: Command line argument: -Dcatalina.base=C:\Users\quxiucheng\Desktop\tomcat8082\apache-tomcat-7.0.68
2016-3-23 14:07:04 org.apache.catalina.startup.VersionLoggerListener log
信息: Command line argument: -Dcatalina.home=C:\Users\quxiucheng\Desktop\tomcat8082\apache-tomcat-7.0.68
2016-3-23 14:07:04 org.apache.catalina.startup.VersionLoggerListener log
信息: Command line argument: -Djava.io.tmpdir=C:\Users\quxiucheng\Desktop\tomcat8082\apache-tomcat-7.0.68\temp
2016-3-23 14:07:04 org.apache.catalina.core.AprLifecycleListener lifecycleEvent
信息: Loaded APR based Apache Tomcat Native library 1.1.33 using APR version 1.5.1.
2016-3-23 14:07:04 org.apache.catalina.core.AprLifecycleListener lifecycleEvent
信息: APR capabilities: IPv6 [true], sendfile [true], accept filters [false], random [true].
2016-3-23 14:07:04 org.apache.catalina.core.AprLifecycleListener initializeSSL
信息: OpenSSL successfully initialized (OpenSSL 1.0.1m 19 Mar 2015)
2016-3-23 14:07:04 org.apache.coyote.AbstractProtocol init
信息: Initializing ProtocolHandler ["http-apr-8082"]
2016-3-23 14:07:04 org.apache.coyote.AbstractProtocol init
信息: Initializing ProtocolHandler ["ajp-apr-8029"]
2016-3-23 14:07:04 org.apache.catalina.startup.Catalina load
信息: Initialization processed in 802 ms
2016-3-23 14:07:04 org.apache.catalina.core.StandardService startInternal
信息: Starting service Catalina
2016-3-23 14:07:04 org.apache.catalina.core.StandardEngine startInternal
信息: Starting Servlet Engine: Apache Tomcat/7.0.68
2016-3-23 14:07:06 org.apache.catalina.startup.TldConfig execute
信息: At least one JAR was scanned for TLDs yet contained no TLDs. Enable debug logging for this logger for a complete list of JARs that were scanned but no TLDs were found in them. Skipping unneeded JARs during scanning can improve startup time and JSP compilation time.
2016-3-23 14:07:06 org.apache.tomcat.websocket.server.WsSci onStartup
信息: JSR 356 WebSocket (Java WebSocket 1.1) support is not available when running on Java 6. To suppress this message, run Tomcat on Java 7, remove the WebSocket JARs from $CATALINA_HOME/lib or add the WebSocket JARs to the tomcat.util.scan.DefaultJarScanner.jarsToSkip property in $CATALINA_BASE/conf/catalina.properties. Note that the deprecated Tomcat 7 WebSocket API will be available. 
2016-3-23 14:07:08 com.radiadesign.catalina.session.RedisSessionManager startInternal
信息: Attached to RedisSessionHandlerValve
2016-3-23 14:07:08 com.radiadesign.catalina.session.RedisSessionManager initializeSerializer
信息: Attempting to use serializer :com.radiadesign.catalina.session.JavaSerializer
2016-3-23 14:07:08 com.radiadesign.catalina.session.RedisSessionManager startInternal
信息: Will expire sessions after 30 seconds
2016-3-23 14:07:09 org.apache.coyote.AbstractProtocol start
信息: Starting ProtocolHandler ["http-apr-8082"]
2016-3-23 14:07:09 org.apache.coyote.AbstractProtocol start
信息: Starting ProtocolHandler ["ajp-apr-8029"]
2016-3-23 14:07:09 org.apache.catalina.startup.Catalina start
信息: Server startup in 4275 ms
2016-3-23 14:07:31 org.apache.catalina.startup.VersionLoggerListener log
信息: Server version:        Apache Tomcat/7.0.68
2016-3-23 14:07:31 org.apache.catalina.startup.VersionLoggerListener log
信息: Server built:          Feb 8 2016 20:25:54 UTC
2016-3-23 14:07:31 org.apache.catalina.startup.VersionLoggerListener log
信息: Server number:         7.0.68.0
2016-3-23 14:07:31 org.apache.catalina.startup.VersionLoggerListener log
信息: OS Name:               Windows 7
2016-3-23 14:07:31 org.apache.catalina.startup.VersionLoggerListener log
信息: OS Version:            6.1
2016-3-23 14:07:31 org.apache.catalina.startup.VersionLoggerListener log
信息: Architecture:          amd64
2016-3-23 14:07:31 org.apache.catalina.startup.VersionLoggerListener log
信息: Java Home:             C:\Program Files\Java\jdk1.6.0_45\jre
2016-3-23 14:07:31 org.apache.catalina.startup.VersionLoggerListener log
信息: JVM Version:           1.6.0_45-b06
2016-3-23 14:07:31 org.apache.catalina.startup.VersionLoggerListener log
信息: JVM Vendor:            Sun Microsystems Inc.
2016-3-23 14:07:31 org.apache.catalina.startup.VersionLoggerListener log
信息: CATALINA_BASE:         C:\Users\quxiucheng\Desktop\tomcat8082\apache-tomcat-7.0.68
2016-3-23 14:07:31 org.apache.catalina.startup.VersionLoggerListener log
信息: CATALINA_HOME:         C:\Users\quxiucheng\Desktop\tomcat8082\apache-tomcat-7.0.68
2016-3-23 14:07:31 org.apache.catalina.startup.VersionLoggerListener log
信息: Command line argument: -Djava.util.logging.config.file=C:\Users\quxiucheng\Desktop\tomcat8082\apache-tomcat-7.0.68\conf\logging.properties
2016-3-23 14:07:31 org.apache.catalina.startup.VersionLoggerListener log
信息: Command line argument: -Djava.util.logging.manager=org.apache.juli.ClassLoaderLogManager
2016-3-23 14:07:31 org.apache.catalina.startup.VersionLoggerListener log
信息: Command line argument: -Djava.endorsed.dirs=C:\Users\quxiucheng\Desktop\tomcat8082\apache-tomcat-7.0.68\endorsed
2016-3-23 14:07:31 org.apache.catalina.startup.VersionLoggerListener log
信息: Command line argument: -Dcatalina.base=C:\Users\quxiucheng\Desktop\tomcat8082\apache-tomcat-7.0.68
2016-3-23 14:07:31 org.apache.catalina.startup.VersionLoggerListener log
信息: Command line argument: -Dcatalina.home=C:\Users\quxiucheng\Desktop\tomcat8082\apache-tomcat-7.0.68
2016-3-23 14:07:31 org.apache.catalina.startup.VersionLoggerListener log
信息: Command line argument: -Djava.io.tmpdir=C:\Users\quxiucheng\Desktop\tomcat8082\apache-tomcat-7.0.68\temp
2016-3-23 14:07:31 org.apache.catalina.core.AprLifecycleListener lifecycleEvent
信息: Loaded APR based Apache Tomcat Native library 1.1.33 using APR version 1.5.1.
2016-3-23 14:07:31 org.apache.catalina.core.AprLifecycleListener lifecycleEvent
信息: APR capabilities: IPv6 [true], sendfile [true], accept filters [false], random [true].
2016-3-23 14:07:31 org.apache.catalina.core.AprLifecycleListener initializeSSL
信息: OpenSSL successfully initialized (OpenSSL 1.0.1m 19 Mar 2015)
2016-3-23 14:07:31 org.apache.coyote.AbstractProtocol init
信息: Initializing ProtocolHandler ["http-apr-8082"]
2016-3-23 14:07:32 org.apache.coyote.AbstractProtocol init
信息: Initializing ProtocolHandler ["ajp-apr-8029"]
2016-3-23 14:07:32 org.apache.catalina.startup.Catalina load
信息: Initialization processed in 862 ms
2016-3-23 14:07:32 org.apache.catalina.core.StandardService startInternal
信息: Starting service Catalina
2016-3-23 14:07:32 org.apache.catalina.core.StandardEngine startInternal
信息: Starting Servlet Engine: Apache Tomcat/7.0.68
2016-3-23 14:07:33 org.apache.catalina.startup.TldConfig execute
信息: At least one JAR was scanned for TLDs yet contained no TLDs. Enable debug logging for this logger for a complete list of JARs that were scanned but no TLDs were found in them. Skipping unneeded JARs during scanning can improve startup time and JSP compilation time.
2016-3-23 14:07:34 org.apache.tomcat.websocket.server.WsSci onStartup
信息: JSR 356 WebSocket (Java WebSocket 1.1) support is not available when running on Java 6. To suppress this message, run Tomcat on Java 7, remove the WebSocket JARs from $CATALINA_HOME/lib or add the WebSocket JARs to the tomcat.util.scan.DefaultJarScanner.jarsToSkip property in $CATALINA_BASE/conf/catalina.properties. Note that the deprecated Tomcat 7 WebSocket API will be available. 
2016-3-23 14:07:35 com.radiadesign.catalina.session.RedisSessionManager startInternal
信息: Attached to RedisSessionHandlerValve
2016-3-23 14:07:35 com.radiadesign.catalina.session.RedisSessionManager initializeSerializer
信息: Attempting to use serializer :com.radiadesign.catalina.session.JavaSerializer
2016-3-23 14:07:35 com.radiadesign.catalina.session.RedisSessionManager startInternal
信息: Will expire sessions after 30 seconds
2016-3-23 14:07:36 org.apache.coyote.AbstractProtocol start
信息: Starting ProtocolHandler ["http-apr-8082"]
2016-3-23 14:07:36 org.apache.coyote.AbstractProtocol start
信息: Starting ProtocolHandler ["ajp-apr-8029"]
2016-3-23 14:07:36 org.apache.catalina.startup.Catalina start
信息: Server startup in 4475 ms
2016-3-23 15:11:30 org.apache.catalina.startup.VersionLoggerListener log
信息: Server version:        Apache Tomcat/7.0.68
2016-3-23 15:11:30 org.apache.catalina.startup.VersionLoggerListener log
信息: Server built:          Feb 8 2016 20:25:54 UTC
2016-3-23 15:11:30 org.apache.catalina.startup.VersionLoggerListener log
信息: Server number:         7.0.68.0
2016-3-23 15:11:30 org.apache.catalina.startup.VersionLoggerListener log
信息: OS Name:               Windows 7
2016-3-23 15:11:30 org.apache.catalina.startup.VersionLoggerListener log
信息: OS Version:            6.1
2016-3-23 15:11:30 org.apache.catalina.startup.VersionLoggerListener log
信息: Architecture:          amd64
2016-3-23 15:11:30 org.apache.catalina.startup.VersionLoggerListener log
信息: Java Home:             C:\Program Files\Java\jdk1.6.0_45\jre
2016-3-23 15:11:30 org.apache.catalina.startup.VersionLoggerListener log
信息: JVM Version:           1.6.0_45-b06
2016-3-23 15:11:30 org.apache.catalina.startup.VersionLoggerListener log
信息: JVM Vendor:            Sun Microsystems Inc.
2016-3-23 15:11:30 org.apache.catalina.startup.VersionLoggerListener log
信息: CATALINA_BASE:         C:\Users\quxiucheng\Desktop\tomcat8082\apache-tomcat-7.0.68
2016-3-23 15:11:30 org.apache.catalina.startup.VersionLoggerListener log
信息: CATALINA_HOME:         C:\Users\quxiucheng\Desktop\tomcat8082\apache-tomcat-7.0.68
2016-3-23 15:11:30 org.apache.catalina.startup.VersionLoggerListener log
信息: Command line argument: -Djava.util.logging.config.file=C:\Users\quxiucheng\Desktop\tomcat8082\apache-tomcat-7.0.68\conf\logging.properties
2016-3-23 15:11:30 org.apache.catalina.startup.VersionLoggerListener log
信息: Command line argument: -Djava.util.logging.manager=org.apache.juli.ClassLoaderLogManager
2016-3-23 15:11:30 org.apache.catalina.startup.VersionLoggerListener log
信息: Command line argument: -Djava.endorsed.dirs=C:\Users\quxiucheng\Desktop\tomcat8082\apache-tomcat-7.0.68\endorsed
2016-3-23 15:11:30 org.apache.catalina.startup.VersionLoggerListener log
信息: Command line argument: -Dcatalina.base=C:\Users\quxiucheng\Desktop\tomcat8082\apache-tomcat-7.0.68
2016-3-23 15:11:30 org.apache.catalina.startup.VersionLoggerListener log
信息: Command line argument: -Dcatalina.home=C:\Users\quxiucheng\Desktop\tomcat8082\apache-tomcat-7.0.68
2016-3-23 15:11:30 org.apache.catalina.startup.VersionLoggerListener log
信息: Command line argument: -Djava.io.tmpdir=C:\Users\quxiucheng\Desktop\tomcat8082\apache-tomcat-7.0.68\temp
2016-3-23 15:11:30 org.apache.catalina.core.AprLifecycleListener lifecycleEvent
信息: Loaded APR based Apache Tomcat Native library 1.1.33 using APR version 1.5.1.
2016-3-23 15:11:30 org.apache.catalina.core.AprLifecycleListener lifecycleEvent
信息: APR capabilities: IPv6 [true], sendfile [true], accept filters [false], random [true].
2016-3-23 15:11:30 org.apache.catalina.core.AprLifecycleListener initializeSSL
信息: OpenSSL successfully initialized (OpenSSL 1.0.1m 19 Mar 2015)
2016-3-23 15:11:30 org.apache.coyote.AbstractProtocol init
信息: Initializing ProtocolHandler ["http-apr-8082"]
2016-3-23 15:11:30 org.apache.coyote.AbstractProtocol init
信息: Initializing ProtocolHandler ["ajp-apr-8029"]
2016-3-23 15:11:30 org.apache.catalina.startup.Catalina load
信息: Initialization processed in 994 ms
2016-3-23 15:11:30 org.apache.catalina.core.StandardService startInternal
信息: Starting service Catalina
2016-3-23 15:11:30 org.apache.catalina.core.StandardEngine startInternal
信息: Starting Servlet Engine: Apache Tomcat/7.0.68
2016-3-23 15:11:33 org.apache.catalina.startup.TldConfig execute
信息: At least one JAR was scanned for TLDs yet contained no TLDs. Enable debug logging for this logger for a complete list of JARs that were scanned but no TLDs were found in them. Skipping unneeded JARs during scanning can improve startup time and JSP compilation time.
2016-3-23 15:11:33 org.apache.tomcat.websocket.server.WsSci onStartup
信息: JSR 356 WebSocket (Java WebSocket 1.1) support is not available when running on Java 6. To suppress this message, run Tomcat on Java 7, remove the WebSocket JARs from $CATALINA_HOME/lib or add the WebSocket JARs to the tomcat.util.scan.DefaultJarScanner.jarsToSkip property in $CATALINA_BASE/conf/catalina.properties. Note that the deprecated Tomcat 7 WebSocket API will be available. 
2016-3-23 15:11:35 com.radiadesign.catalina.session.RedisSessionManager startInternal
信息: Attached to RedisSessionHandlerValve
2016-3-23 15:11:35 com.radiadesign.catalina.session.RedisSessionManager initializeSerializer
信息: Attempting to use serializer :com.radiadesign.catalina.session.JavaSerializer
2016-3-23 15:11:35 com.radiadesign.catalina.session.RedisSessionManager startInternal
信息: Will expire sessions after 30 seconds
2016-3-23 15:11:36 org.apache.coyote.AbstractProtocol start
信息: Starting ProtocolHandler ["http-apr-8082"]
2016-3-23 15:11:36 org.apache.coyote.AbstractProtocol start
信息: Starting ProtocolHandler ["ajp-apr-8029"]
2016-3-23 15:11:36 org.apache.catalina.startup.Catalina start
信息: Server startup in 5644 ms
2016-3-23 15:14:18 org.apache.catalina.startup.VersionLoggerListener log
信息: Server version:        Apache Tomcat/7.0.68
2016-3-23 15:14:18 org.apache.catalina.startup.VersionLoggerListener log
信息: Server built:          Feb 8 2016 20:25:54 UTC
2016-3-23 15:14:18 org.apache.catalina.startup.VersionLoggerListener log
信息: Server number:         7.0.68.0
2016-3-23 15:14:18 org.apache.catalina.startup.VersionLoggerListener log
信息: OS Name:               Windows 7
2016-3-23 15:14:18 org.apache.catalina.startup.VersionLoggerListener log
信息: OS Version:            6.1
2016-3-23 15:14:18 org.apache.catalina.startup.VersionLoggerListener log
信息: Architecture:          amd64
2016-3-23 15:14:18 org.apache.catalina.startup.VersionLoggerListener log
信息: Java Home:             C:\Program Files\Java\jdk1.6.0_45\jre
2016-3-23 15:14:18 org.apache.catalina.startup.VersionLoggerListener log
信息: JVM Version:           1.6.0_45-b06
2016-3-23 15:14:18 org.apache.catalina.startup.VersionLoggerListener log
信息: JVM Vendor:            Sun Microsystems Inc.
2016-3-23 15:14:18 org.apache.catalina.startup.VersionLoggerListener log
信息: CATALINA_BASE:         C:\Users\quxiucheng\Desktop\tomcat8082\apache-tomcat-7.0.68
2016-3-23 15:14:18 org.apache.catalina.startup.VersionLoggerListener log
信息: CATALINA_HOME:         C:\Users\quxiucheng\Desktop\tomcat8082\apache-tomcat-7.0.68
2016-3-23 15:14:18 org.apache.catalina.startup.VersionLoggerListener log
信息: Command line argument: -Djava.util.logging.config.file=C:\Users\quxiucheng\Desktop\tomcat8082\apache-tomcat-7.0.68\conf\logging.properties
2016-3-23 15:14:18 org.apache.catalina.startup.VersionLoggerListener log
信息: Command line argument: -Djava.util.logging.manager=org.apache.juli.ClassLoaderLogManager
2016-3-23 15:14:18 org.apache.catalina.startup.VersionLoggerListener log
信息: Command line argument: -Djava.endorsed.dirs=C:\Users\quxiucheng\Desktop\tomcat8082\apache-tomcat-7.0.68\endorsed
2016-3-23 15:14:18 org.apache.catalina.startup.VersionLoggerListener log
信息: Command line argument: -Dcatalina.base=C:\Users\quxiucheng\Desktop\tomcat8082\apache-tomcat-7.0.68
2016-3-23 15:14:18 org.apache.catalina.startup.VersionLoggerListener log
信息: Command line argument: -Dcatalina.home=C:\Users\quxiucheng\Desktop\tomcat8082\apache-tomcat-7.0.68
2016-3-23 15:14:18 org.apache.catalina.startup.VersionLoggerListener log
信息: Command line argument: -Djava.io.tmpdir=C:\Users\quxiucheng\Desktop\tomcat8082\apache-tomcat-7.0.68\temp
2016-3-23 15:14:18 org.apache.catalina.core.AprLifecycleListener lifecycleEvent
信息: Loaded APR based Apache Tomcat Native library 1.1.33 using APR version 1.5.1.
2016-3-23 15:14:18 org.apache.catalina.core.AprLifecycleListener lifecycleEvent
信息: APR capabilities: IPv6 [true], sendfile [true], accept filters [false], random [true].
2016-3-23 15:14:18 org.apache.catalina.core.AprLifecycleListener initializeSSL
信息: OpenSSL successfully initialized (OpenSSL 1.0.1m 19 Mar 2015)
2016-3-23 15:14:18 org.apache.coyote.AbstractProtocol init
信息: Initializing ProtocolHandler ["http-apr-8082"]
2016-3-23 15:14:18 org.apache.coyote.AbstractProtocol init
信息: Initializing ProtocolHandler ["ajp-apr-8029"]
2016-3-23 15:14:18 org.apache.catalina.startup.Catalina load
信息: Initialization processed in 764 ms
2016-3-23 15:14:18 org.apache.catalina.core.StandardService startInternal
信息: Starting service Catalina
2016-3-23 15:14:18 org.apache.catalina.core.StandardEngine startInternal
信息: Starting Servlet Engine: Apache Tomcat/7.0.68
2016-3-23 15:14:20 org.apache.catalina.startup.TldConfig execute
信息: At least one JAR was scanned for TLDs yet contained no TLDs. Enable debug logging for this logger for a complete list of JARs that were scanned but no TLDs were found in them. Skipping unneeded JARs during scanning can improve startup time and JSP compilation time.
2016-3-23 15:14:20 org.apache.tomcat.websocket.server.WsSci onStartup
信息: JSR 356 WebSocket (Java WebSocket 1.1) support is not available when running on Java 6. To suppress this message, run Tomcat on Java 7, remove the WebSocket JARs from $CATALINA_HOME/lib or add the WebSocket JARs to the tomcat.util.scan.DefaultJarScanner.jarsToSkip property in $CATALINA_BASE/conf/catalina.properties. Note that the deprecated Tomcat 7 WebSocket API will be available. 
2016-3-23 15:14:22 com.radiadesign.catalina.session.RedisSessionManager startInternal
信息: Attached to RedisSessionHandlerValve
2016-3-23 15:14:22 com.radiadesign.catalina.session.RedisSessionManager initializeSerializer
信息: Attempting to use serializer :com.radiadesign.catalina.session.JavaSerializer
2016-3-23 15:14:22 com.radiadesign.catalina.session.RedisSessionManager startInternal
信息: Will expire sessions after 30 seconds
2016-3-23 15:14:22 org.apache.coyote.AbstractProtocol start
信息: Starting ProtocolHandler ["http-apr-8082"]
2016-3-23 15:14:22 org.apache.coyote.AbstractProtocol start
信息: Starting ProtocolHandler ["ajp-apr-8029"]
2016-3-23 15:14:22 org.apache.catalina.startup.Catalina start
信息: Server startup in 4144 ms
2016-3-23 15:56:29 org.apache.catalina.startup.VersionLoggerListener log
信息: Server version:        Apache Tomcat/7.0.68
2016-3-23 15:56:29 org.apache.catalina.startup.VersionLoggerListener log
信息: Server built:          Feb 8 2016 20:25:54 UTC
2016-3-23 15:56:29 org.apache.catalina.startup.VersionLoggerListener log
信息: Server number:         7.0.68.0
2016-3-23 15:56:29 org.apache.catalina.startup.VersionLoggerListener log
信息: OS Name:               Windows 7
2016-3-23 15:56:29 org.apache.catalina.startup.VersionLoggerListener log
信息: OS Version:            6.1
2016-3-23 15:56:29 org.apache.catalina.startup.VersionLoggerListener log
信息: Architecture:          amd64
2016-3-23 15:56:29 org.apache.catalina.startup.VersionLoggerListener log
信息: Java Home:             C:\Program Files\Java\jdk1.6.0_45\jre
2016-3-23 15:56:29 org.apache.catalina.startup.VersionLoggerListener log
信息: JVM Version:           1.6.0_45-b06
2016-3-23 15:56:29 org.apache.catalina.startup.VersionLoggerListener log
信息: JVM Vendor:            Sun Microsystems Inc.
2016-3-23 15:56:29 org.apache.catalina.startup.VersionLoggerListener log
信息: CATALINA_BASE:         C:\Users\quxiucheng\Desktop\tomcat8082\apache-tomcat-7.0.68
2016-3-23 15:56:29 org.apache.catalina.startup.VersionLoggerListener log
信息: CATALINA_HOME:         C:\Users\quxiucheng\Desktop\tomcat8082\apache-tomcat-7.0.68
2016-3-23 15:56:29 org.apache.catalina.startup.VersionLoggerListener log
信息: Command line argument: -Djava.util.logging.config.file=C:\Users\quxiucheng\Desktop\tomcat8082\apache-tomcat-7.0.68\conf\logging.properties
2016-3-23 15:56:29 org.apache.catalina.startup.VersionLoggerListener log
信息: Command line argument: -Djava.util.logging.manager=org.apache.juli.ClassLoaderLogManager
2016-3-23 15:56:29 org.apache.catalina.startup.VersionLoggerListener log
信息: Command line argument: -Djava.endorsed.dirs=C:\Users\quxiucheng\Desktop\tomcat8082\apache-tomcat-7.0.68\endorsed
2016-3-23 15:56:29 org.apache.catalina.startup.VersionLoggerListener log
信息: Command line argument: -Dcatalina.base=C:\Users\quxiucheng\Desktop\tomcat8082\apache-tomcat-7.0.68
2016-3-23 15:56:29 org.apache.catalina.startup.VersionLoggerListener log
信息: Command line argument: -Dcatalina.home=C:\Users\quxiucheng\Desktop\tomcat8082\apache-tomcat-7.0.68
2016-3-23 15:56:29 org.apache.catalina.startup.VersionLoggerListener log
信息: Command line argument: -Djava.io.tmpdir=C:\Users\quxiucheng\Desktop\tomcat8082\apache-tomcat-7.0.68\temp
2016-3-23 15:56:29 org.apache.catalina.core.AprLifecycleListener lifecycleEvent
信息: Loaded APR based Apache Tomcat Native library 1.1.33 using APR version 1.5.1.
2016-3-23 15:56:29 org.apache.catalina.core.AprLifecycleListener lifecycleEvent
信息: APR capabilities: IPv6 [true], sendfile [true], accept filters [false], random [true].
2016-3-23 15:56:30 org.apache.catalina.core.AprLifecycleListener initializeSSL
信息: OpenSSL successfully initialized (OpenSSL 1.0.1m 19 Mar 2015)
2016-3-23 15:56:30 org.apache.coyote.AbstractProtocol init
信息: Initializing ProtocolHandler ["http-apr-8082"]
2016-3-23 15:56:30 org.apache.coyote.AbstractProtocol init
信息: Initializing ProtocolHandler ["ajp-apr-8029"]
2016-3-23 15:56:30 org.apache.catalina.startup.Catalina load
信息: Initialization processed in 828 ms
2016-3-23 15:56:30 org.apache.catalina.core.StandardService startInternal
信息: Starting service Catalina
2016-3-23 15:56:30 org.apache.catalina.core.StandardEngine startInternal
信息: Starting Servlet Engine: Apache Tomcat/7.0.68
2016-3-23 15:56:32 org.apache.catalina.startup.TldConfig execute
信息: At least one JAR was scanned for TLDs yet contained no TLDs. Enable debug logging for this logger for a complete list of JARs that were scanned but no TLDs were found in them. Skipping unneeded JARs during scanning can improve startup time and JSP compilation time.
2016-3-23 15:56:32 org.apache.tomcat.websocket.server.WsSci onStartup
信息: JSR 356 WebSocket (Java WebSocket 1.1) support is not available when running on Java 6. To suppress this message, run Tomcat on Java 7, remove the WebSocket JARs from $CATALINA_HOME/lib or add the WebSocket JARs to the tomcat.util.scan.DefaultJarScanner.jarsToSkip property in $CATALINA_BASE/conf/catalina.properties. Note that the deprecated Tomcat 7 WebSocket API will be available. 
2016-3-23 15:56:34 com.radiadesign.catalina.session.RedisSessionManager startInternal
信息: Attached to RedisSessionHandlerValve
2016-3-23 15:56:34 com.radiadesign.catalina.session.RedisSessionManager initializeSerializer
信息: Attempting to use serializer :com.radiadesign.catalina.session.JavaSerializer
2016-3-23 15:56:34 com.radiadesign.catalina.session.RedisSessionManager startInternal
信息: Will expire sessions after 30 seconds
2016-3-23 15:56:34 org.apache.coyote.AbstractProtocol start
信息: Starting ProtocolHandler ["http-apr-8082"]
2016-3-23 15:56:34 org.apache.coyote.AbstractProtocol start
信息: Starting ProtocolHandler ["ajp-apr-8029"]
2016-3-23 15:56:34 org.apache.catalina.startup.Catalina start
信息: Server startup in 4576 ms
2016-3-23 15:57:46 org.apache.jasper.compiler.TldLocationsCache tldScanJar
信息: At least one JAR was scanned for TLDs yet contained no TLDs. Enable debug logging for this logger for a complete list of JARs that were scanned but no TLDs were found in them. Skipping unneeded JARs during scanning can improve startup time and JSP compilation time.
2016-3-23 16:15:41 org.apache.catalina.startup.VersionLoggerListener log
信息: Server version:        Apache Tomcat/7.0.68
2016-3-23 16:15:41 org.apache.catalina.startup.VersionLoggerListener log
信息: Server built:          Feb 8 2016 20:25:54 UTC
2016-3-23 16:15:41 org.apache.catalina.startup.VersionLoggerListener log
信息: Server number:         7.0.68.0
2016-3-23 16:15:41 org.apache.catalina.startup.VersionLoggerListener log
信息: OS Name:               Windows 7
2016-3-23 16:15:41 org.apache.catalina.startup.VersionLoggerListener log
信息: OS Version:            6.1
2016-3-23 16:15:41 org.apache.catalina.startup.VersionLoggerListener log
信息: Architecture:          amd64
2016-3-23 16:15:41 org.apache.catalina.startup.VersionLoggerListener log
信息: Java Home:             C:\Program Files\Java\jdk1.6.0_45\jre
2016-3-23 16:15:41 org.apache.catalina.startup.VersionLoggerListener log
信息: JVM Version:           1.6.0_45-b06
2016-3-23 16:15:41 org.apache.catalina.startup.VersionLoggerListener log
信息: JVM Vendor:            Sun Microsystems Inc.
2016-3-23 16:15:41 org.apache.catalina.startup.VersionLoggerListener log
信息: CATALINA_BASE:         C:\Users\quxiucheng\Desktop\tomcat8082\apache-tomcat-7.0.68
2016-3-23 16:15:41 org.apache.catalina.startup.VersionLoggerListener log
信息: CATALINA_HOME:         C:\Users\quxiucheng\Desktop\tomcat8082\apache-tomcat-7.0.68
2016-3-23 16:15:41 org.apache.catalina.startup.VersionLoggerListener log
信息: Command line argument: -Djava.util.logging.config.file=C:\Users\quxiucheng\Desktop\tomcat8082\apache-tomcat-7.0.68\conf\logging.properties
2016-3-23 16:15:41 org.apache.catalina.startup.VersionLoggerListener log
信息: Command line argument: -Djava.util.logging.manager=org.apache.juli.ClassLoaderLogManager
2016-3-23 16:15:41 org.apache.catalina.startup.VersionLoggerListener log
信息: Command line argument: -Djava.endorsed.dirs=C:\Users\quxiucheng\Desktop\tomcat8082\apache-tomcat-7.0.68\endorsed
2016-3-23 16:15:41 org.apache.catalina.startup.VersionLoggerListener log
信息: Command line argument: -Dcatalina.base=C:\Users\quxiucheng\Desktop\tomcat8082\apache-tomcat-7.0.68
2016-3-23 16:15:41 org.apache.catalina.startup.VersionLoggerListener log
信息: Command line argument: -Dcatalina.home=C:\Users\quxiucheng\Desktop\tomcat8082\apache-tomcat-7.0.68
2016-3-23 16:15:41 org.apache.catalina.startup.VersionLoggerListener log
信息: Command line argument: -Djava.io.tmpdir=C:\Users\quxiucheng\Desktop\tomcat8082\apache-tomcat-7.0.68\temp
2016-3-23 16:15:41 org.apache.catalina.core.AprLifecycleListener lifecycleEvent
信息: Loaded APR based Apache Tomcat Native library 1.1.33 using APR version 1.5.1.
2016-3-23 16:15:41 org.apache.catalina.core.AprLifecycleListener lifecycleEvent
信息: APR capabilities: IPv6 [true], sendfile [true], accept filters [false], random [true].
2016-3-23 16:15:41 org.apache.catalina.core.AprLifecycleListener initializeSSL
信息: OpenSSL successfully initialized (OpenSSL 1.0.1m 19 Mar 2015)
2016-3-23 16:15:41 org.apache.coyote.AbstractProtocol init
信息: Initializing ProtocolHandler ["http-apr-8082"]
2016-3-23 16:15:41 org.apache.coyote.AbstractProtocol init
严重: Failed to initialize end point associated with ProtocolHandler ["http-apr-8082"]
java.lang.Exception: Socket bind failed: [730048] ?????????×???(Э?é/???????/???)????í??
	at org.apache.tomcat.util.net.AprEndpoint.bind(AprEndpoint.java:470)
	at org.apache.tomcat.util.net.AbstractEndpoint.init(AbstractEndpoint.java:650)
	at org.apache.coyote.AbstractProtocol.init(AbstractProtocol.java:434)
	at org.apache.catalina.connector.Connector.initInternal(Connector.java:978)
	at org.apache.catalina.util.LifecycleBase.init(LifecycleBase.java:102)
	at org.apache.catalina.core.StandardService.initInternal(StandardService.java:560)
	at org.apache.catalina.util.LifecycleBase.init(LifecycleBase.java:102)
	at org.apache.catalina.core.StandardServer.initInternal(StandardServer.java:820)
	at org.apache.catalina.util.LifecycleBase.init(LifecycleBase.java:102)
	at org.apache.catalina.startup.Catalina.load(Catalina.java:642)
	at org.apache.catalina.startup.Catalina.load(Catalina.java:667)
	at sun.reflect.NativeMethodAccessorImpl.invoke0(Native Method)
	at sun.reflect.NativeMethodAccessorImpl.invoke(NativeMethodAccessorImpl.java:39)
	at sun.reflect.DelegatingMethodAccessorImpl.invoke(DelegatingMethodAccessorImpl.java:25)
	at java.lang.reflect.Method.invoke(Method.java:597)
	at org.apache.catalina.startup.Bootstrap.load(Bootstrap.java:253)
	at org.apache.catalina.startup.Bootstrap.main(Bootstrap.java:427)
2016-3-23 16:15:41 org.apache.catalina.core.StandardService initInternal
严重: Failed to initialize connector [Connector[HTTP/1.1-8082]]
org.apache.catalina.LifecycleException: Failed to initialize component [Connector[HTTP/1.1-8082]]
	at org.apache.catalina.util.LifecycleBase.init(LifecycleBase.java:106)
	at org.apache.catalina.core.StandardService.initInternal(StandardService.java:560)
	at org.apache.catalina.util.LifecycleBase.init(LifecycleBase.java:102)
	at org.apache.catalina.core.StandardServer.initInternal(StandardServer.java:820)
	at org.apache.catalina.util.LifecycleBase.init(LifecycleBase.java:102)
	at org.apache.catalina.startup.Catalina.load(Catalina.java:642)
	at org.apache.catalina.startup.Catalina.load(Catalina.java:667)
	at sun.reflect.NativeMethodAccessorImpl.invoke0(Native Method)
	at sun.reflect.NativeMethodAccessorImpl.invoke(NativeMethodAccessorImpl.java:39)
	at sun.reflect.DelegatingMethodAccessorImpl.invoke(DelegatingMethodAccessorImpl.java:25)
	at java.lang.reflect.Method.invoke(Method.java:597)
	at org.apache.catalina.startup.Bootstrap.load(Bootstrap.java:253)
	at org.apache.catalina.startup.Bootstrap.main(Bootstrap.java:427)
Caused by: org.apache.catalina.LifecycleException: Protocol handler initialization failed
	at org.apache.catalina.connector.Connector.initInternal(Connector.java:980)
	at org.apache.catalina.util.LifecycleBase.init(LifecycleBase.java:102)
	... 12 more
Caused by: java.lang.Exception: Socket bind failed: [730048] ?????????×???(Э?é/???????/???)????í??
	at org.apache.tomcat.util.net.AprEndpoint.bind(AprEndpoint.java:470)
	at org.apache.tomcat.util.net.AbstractEndpoint.init(AbstractEndpoint.java:650)
	at org.apache.coyote.AbstractProtocol.init(AbstractProtocol.java:434)
	at org.apache.catalina.connector.Connector.initInternal(Connector.java:978)
	... 13 more
2016-3-23 16:15:41 org.apache.coyote.AbstractProtocol init
信息: Initializing ProtocolHandler ["ajp-apr-8029"]
2016-3-23 16:15:41 org.apache.coyote.AbstractProtocol init
严重: Failed to initialize end point associated with ProtocolHandler ["ajp-apr-8029"]
java.lang.Exception: Socket bind failed: [730048] ?????????×???(Э?é/???????/???)????í??
	at org.apache.tomcat.util.net.AprEndpoint.bind(AprEndpoint.java:470)
	at org.apache.tomcat.util.net.AbstractEndpoint.init(AbstractEndpoint.java:650)
	at org.apache.coyote.AbstractProtocol.init(AbstractProtocol.java:434)
	at org.apache.catalina.connector.Connector.initInternal(Connector.java:978)
	at org.apache.catalina.util.LifecycleBase.init(LifecycleBase.java:102)
	at org.apache.catalina.core.StandardService.initInternal(StandardService.java:560)
	at org.apache.catalina.util.LifecycleBase.init(LifecycleBase.java:102)
	at org.apache.catalina.core.StandardServer.initInternal(StandardServer.java:820)
	at org.apache.catalina.util.LifecycleBase.init(LifecycleBase.java:102)
	at org.apache.catalina.startup.Catalina.load(Catalina.java:642)
	at org.apache.catalina.startup.Catalina.load(Catalina.java:667)
	at sun.reflect.NativeMethodAccessorImpl.invoke0(Native Method)
	at sun.reflect.NativeMethodAccessorImpl.invoke(NativeMethodAccessorImpl.java:39)
	at sun.reflect.DelegatingMethodAccessorImpl.invoke(DelegatingMethodAccessorImpl.java:25)
	at java.lang.reflect.Method.invoke(Method.java:597)
	at org.apache.catalina.startup.Bootstrap.load(Bootstrap.java:253)
	at org.apache.catalina.startup.Bootstrap.main(Bootstrap.java:427)
2016-3-23 16:15:41 org.apache.catalina.core.StandardService initInternal
严重: Failed to initialize connector [Connector[AJP/1.3-8029]]
org.apache.catalina.LifecycleException: Failed to initialize component [Connector[AJP/1.3-8029]]
	at org.apache.catalina.util.LifecycleBase.init(LifecycleBase.java:106)
	at org.apache.catalina.core.StandardService.initInternal(StandardService.java:560)
	at org.apache.catalina.util.LifecycleBase.init(LifecycleBase.java:102)
	at org.apache.catalina.core.StandardServer.initInternal(StandardServer.java:820)
	at org.apache.catalina.util.LifecycleBase.init(LifecycleBase.java:102)
	at org.apache.catalina.startup.Catalina.load(Catalina.java:642)
	at org.apache.catalina.startup.Catalina.load(Catalina.java:667)
	at sun.reflect.NativeMethodAccessorImpl.invoke0(Native Method)
	at sun.reflect.NativeMethodAccessorImpl.invoke(NativeMethodAccessorImpl.java:39)
	at sun.reflect.DelegatingMethodAccessorImpl.invoke(DelegatingMethodAccessorImpl.java:25)
	at java.lang.reflect.Method.invoke(Method.java:597)
	at org.apache.catalina.startup.Bootstrap.load(Bootstrap.java:253)
	at org.apache.catalina.startup.Bootstrap.main(Bootstrap.java:427)
Caused by: org.apache.catalina.LifecycleException: Protocol handler initialization failed
	at org.apache.catalina.connector.Connector.initInternal(Connector.java:980)
	at org.apache.catalina.util.LifecycleBase.init(LifecycleBase.java:102)
	... 12 more
Caused by: java.lang.Exception: Socket bind failed: [730048] ?????????×???(Э?é/???????/???)????í??
	at org.apache.tomcat.util.net.AprEndpoint.bind(AprEndpoint.java:470)
	at org.apache.tomcat.util.net.AbstractEndpoint.init(AbstractEndpoint.java:650)
	at org.apache.coyote.AbstractProtocol.init(AbstractProtocol.java:434)
	at org.apache.catalina.connector.Connector.initInternal(Connector.java:978)
	... 13 more
2016-3-23 16:15:41 org.apache.catalina.startup.Catalina load
信息: Initialization processed in 1054 ms
2016-3-23 16:15:41 org.apache.catalina.core.StandardService startInternal
信息: Starting service Catalina
2016-3-23 16:15:41 org.apache.catalina.core.StandardEngine startInternal
信息: Starting Servlet Engine: Apache Tomcat/7.0.68
2016-3-23 16:15:43 org.apache.catalina.startup.TldConfig execute
信息: At least one JAR was scanned for TLDs yet contained no TLDs. Enable debug logging for this logger for a complete list of JARs that were scanned but no TLDs were found in them. Skipping unneeded JARs during scanning can improve startup time and JSP compilation time.
2016-3-23 16:15:43 org.apache.tomcat.websocket.server.WsSci onStartup
信息: JSR 356 WebSocket (Java WebSocket 1.1) support is not available when running on Java 6. To suppress this message, run Tomcat on Java 7, remove the WebSocket JARs from $CATALINA_HOME/lib or add the WebSocket JARs to the tomcat.util.scan.DefaultJarScanner.jarsToSkip property in $CATALINA_BASE/conf/catalina.properties. Note that the deprecated Tomcat 7 WebSocket API will be available. 
2016-3-23 16:15:45 com.radiadesign.catalina.session.RedisSessionManager startInternal
信息: Attached to RedisSessionHandlerValve
2016-3-23 16:15:45 com.radiadesign.catalina.session.RedisSessionManager initializeSerializer
信息: Attempting to use serializer :com.radiadesign.catalina.session.JavaSerializer
2016-3-23 16:15:45 com.radiadesign.catalina.session.RedisSessionManager startInternal
信息: Will expire sessions after 30 seconds
2016-3-23 16:15:46 org.apache.catalina.startup.Catalina start
信息: Server startup in 4390 ms
2016-3-23 16:15:46 org.apache.catalina.core.StandardServer await
严重: StandardServer.await: create[localhost:8025]: 
java.net.BindException: Address already in use: JVM_Bind
	at java.net.PlainSocketImpl.socketBind(Native Method)
	at java.net.PlainSocketImpl.bind(PlainSocketImpl.java:383)
	at java.net.ServerSocket.bind(ServerSocket.java:328)
	at java.net.ServerSocket.<init>(ServerSocket.java:194)
	at org.apache.catalina.core.StandardServer.await(StandardServer.java:426)
	at org.apache.catalina.startup.Catalina.await(Catalina.java:781)
	at org.apache.catalina.startup.Catalina.start(Catalina.java:727)
	at sun.reflect.NativeMethodAccessorImpl.invoke0(Native Method)
	at sun.reflect.NativeMethodAccessorImpl.invoke(NativeMethodAccessorImpl.java:39)
	at sun.reflect.DelegatingMethodAccessorImpl.invoke(DelegatingMethodAccessorImpl.java:25)
	at java.lang.reflect.Method.invoke(Method.java:597)
	at org.apache.catalina.startup.Bootstrap.start(Bootstrap.java:294)
	at org.apache.catalina.startup.Bootstrap.main(Bootstrap.java:428)
2016-3-23 16:15:46 org.apache.coyote.AbstractProtocol pause
信息: Pausing ProtocolHandler ["http-apr-8082"]
2016-3-23 16:15:46 org.apache.coyote.AbstractProtocol pause
信息: Pausing ProtocolHandler ["ajp-apr-8029"]
2016-3-23 16:15:46 org.apache.catalina.core.StandardService stopInternal
信息: Stopping service Catalina
2016-3-23 16:15:46 org.apache.catalina.loader.WebappClassLoaderBase clearReferencesJdbc
严重: The web application [] registered the JDBC driver [com.alibaba.druid.proxy.DruidDriver] but failed to unregister it when the web application was stopped. To prevent a memory leak, the JDBC Driver has been forcibly unregistered.
2016-3-23 16:15:46 org.apache.catalina.loader.WebappClassLoaderBase clearReferencesJdbc
严重: The web application [] registered the JDBC driver [com.mysql.jdbc.Driver] but failed to unregister it when the web application was stopped. To prevent a memory leak, the JDBC Driver has been forcibly unregistered.
2016-3-23 16:15:46 org.apache.catalina.loader.WebappClassLoaderBase clearReferencesThreads
严重: The web application [] appears to have started a thread named [Abandoned connection cleanup thread] but has failed to stop it. This is very likely to create a memory leak.
2016-3-23 16:15:46 org.apache.catalina.loader.WebappClassLoaderBase clearReferencesThreads
严重: The web application [] appears to have started a thread named [schedulerFactoryBean_Worker-1] but has failed to stop it. This is very likely to create a memory leak.
2016-3-23 16:15:46 org.apache.catalina.loader.WebappClassLoaderBase clearReferencesThreads
严重: The web application [] appears to have started a thread named [schedulerFactoryBean_Worker-2] but has failed to stop it. This is very likely to create a memory leak.
2016-3-23 16:15:46 org.apache.catalina.loader.WebappClassLoaderBase clearReferencesThreads
严重: The web application [] appears to have started a thread named [schedulerFactoryBean_Worker-3] but has failed to stop it. This is very likely to create a memory leak.
2016-3-23 16:15:46 org.apache.catalina.loader.WebappClassLoaderBase clearReferencesThreads
严重: The web application [] appears to have started a thread named [schedulerFactoryBean_Worker-4] but has failed to stop it. This is very likely to create a memory leak.
2016-3-23 16:15:46 org.apache.catalina.loader.WebappClassLoaderBase clearReferencesThreads
严重: The web application [] appears to have started a thread named [schedulerFactoryBean_Worker-5] but has failed to stop it. This is very likely to create a memory leak.
2016-3-23 16:15:46 org.apache.catalina.loader.WebappClassLoaderBase clearReferencesThreads
严重: The web application [] appears to have started a thread named [schedulerFactoryBean_Worker-6] but has failed to stop it. This is very likely to create a memory leak.
2016-3-23 16:15:46 org.apache.catalina.loader.WebappClassLoaderBase clearReferencesThreads
严重: The web application [] appears to have started a thread named [schedulerFactoryBean_Worker-7] but has failed to stop it. This is very likely to create a memory leak.
2016-3-23 16:15:46 org.apache.catalina.loader.WebappClassLoaderBase clearReferencesThreads
严重: The web application [] appears to have started a thread named [schedulerFactoryBean_Worker-8] but has failed to stop it. This is very likely to create a memory leak.
2016-3-23 16:15:46 org.apache.catalina.loader.WebappClassLoaderBase clearReferencesThreads
严重: The web application [] appears to have started a thread named [schedulerFactoryBean_Worker-9] but has failed to stop it. This is very likely to create a memory leak.
2016-3-23 16:15:46 org.apache.catalina.loader.WebappClassLoaderBase clearReferencesThreads
严重: The web application [] appears to have started a thread named [schedulerFactoryBean_Worker-10] but has failed to stop it. This is very likely to create a memory leak.
2016-3-23 16:15:46 org.apache.coyote.AbstractProtocol stop
信息: Stopping ProtocolHandler ["http-apr-8082"]
2016-3-23 16:15:46 org.apache.coyote.AbstractProtocol destroy
信息: Destroying ProtocolHandler ["http-apr-8082"]
2016-3-23 16:15:46 org.apache.coyote.AbstractProtocol stop
信息: Stopping ProtocolHandler ["ajp-apr-8029"]
2016-3-23 16:15:46 org.apache.coyote.AbstractProtocol destroy
信息: Destroying ProtocolHandler ["ajp-apr-8029"]
2016-3-23 16:23:48 org.apache.catalina.startup.VersionLoggerListener log
信息: Server version:        Apache Tomcat/7.0.68
2016-3-23 16:23:48 org.apache.catalina.startup.VersionLoggerListener log
信息: Server built:          Feb 8 2016 20:25:54 UTC
2016-3-23 16:23:48 org.apache.catalina.startup.VersionLoggerListener log
信息: Server number:         7.0.68.0
2016-3-23 16:23:48 org.apache.catalina.startup.VersionLoggerListener log
信息: OS Name:               Windows 7
2016-3-23 16:23:48 org.apache.catalina.startup.VersionLoggerListener log
信息: OS Version:            6.1
2016-3-23 16:23:48 org.apache.catalina.startup.VersionLoggerListener log
信息: Architecture:          amd64
2016-3-23 16:23:48 org.apache.catalina.startup.VersionLoggerListener log
信息: Java Home:             C:\Program Files\Java\jdk1.6.0_45\jre
2016-3-23 16:23:48 org.apache.catalina.startup.VersionLoggerListener log
信息: JVM Version:           1.6.0_45-b06
2016-3-23 16:23:48 org.apache.catalina.startup.VersionLoggerListener log
信息: JVM Vendor:            Sun Microsystems Inc.
2016-3-23 16:23:48 org.apache.catalina.startup.VersionLoggerListener log
信息: CATALINA_BASE:         C:\Users\quxiucheng\Desktop\tomcat8082\apache-tomcat-7.0.68
2016-3-23 16:23:48 org.apache.catalina.startup.VersionLoggerListener log
信息: CATALINA_HOME:         C:\Users\quxiucheng\Desktop\tomcat8082\apache-tomcat-7.0.68
2016-3-23 16:23:48 org.apache.catalina.startup.VersionLoggerListener log
信息: Command line argument: -Djava.util.logging.config.file=C:\Users\quxiucheng\Desktop\tomcat8082\apache-tomcat-7.0.68\conf\logging.properties
2016-3-23 16:23:48 org.apache.catalina.startup.VersionLoggerListener log
信息: Command line argument: -Djava.util.logging.manager=org.apache.juli.ClassLoaderLogManager
2016-3-23 16:23:48 org.apache.catalina.startup.VersionLoggerListener log
信息: Command line argument: -Djava.endorsed.dirs=C:\Users\quxiucheng\Desktop\tomcat8082\apache-tomcat-7.0.68\endorsed
2016-3-23 16:23:48 org.apache.catalina.startup.VersionLoggerListener log
信息: Command line argument: -Dcatalina.base=C:\Users\quxiucheng\Desktop\tomcat8082\apache-tomcat-7.0.68
2016-3-23 16:23:48 org.apache.catalina.startup.VersionLoggerListener log
信息: Command line argument: -Dcatalina.home=C:\Users\quxiucheng\Desktop\tomcat8082\apache-tomcat-7.0.68
2016-3-23 16:23:48 org.apache.catalina.startup.VersionLoggerListener log
信息: Command line argument: -Djava.io.tmpdir=C:\Users\quxiucheng\Desktop\tomcat8082\apache-tomcat-7.0.68\temp
2016-3-23 16:23:48 org.apache.catalina.core.AprLifecycleListener lifecycleEvent
信息: Loaded APR based Apache Tomcat Native library 1.1.33 using APR version 1.5.1.
2016-3-23 16:23:48 org.apache.catalina.core.AprLifecycleListener lifecycleEvent
信息: APR capabilities: IPv6 [true], sendfile [true], accept filters [false], random [true].
2016-3-23 16:23:49 org.apache.catalina.core.AprLifecycleListener initializeSSL
信息: OpenSSL successfully initialized (OpenSSL 1.0.1m 19 Mar 2015)
2016-3-23 16:23:49 org.apache.coyote.AbstractProtocol init
信息: Initializing ProtocolHandler ["http-apr-8082"]
2016-3-23 16:23:49 org.apache.coyote.AbstractProtocol init
信息: Initializing ProtocolHandler ["ajp-apr-8029"]
2016-3-23 16:23:49 org.apache.catalina.startup.Catalina load
信息: Initialization processed in 871 ms
2016-3-23 16:23:49 org.apache.catalina.core.StandardService startInternal
信息: Starting service Catalina
2016-3-23 16:23:49 org.apache.catalina.core.StandardEngine startInternal
信息: Starting Servlet Engine: Apache Tomcat/7.0.68
2016-3-23 16:23:51 org.apache.catalina.startup.TldConfig execute
信息: At least one JAR was scanned for TLDs yet contained no TLDs. Enable debug logging for this logger for a complete list of JARs that were scanned but no TLDs were found in them. Skipping unneeded JARs during scanning can improve startup time and JSP compilation time.
2016-3-23 16:23:51 org.apache.tomcat.websocket.server.WsSci onStartup
信息: JSR 356 WebSocket (Java WebSocket 1.1) support is not available when running on Java 6. To suppress this message, run Tomcat on Java 7, remove the WebSocket JARs from $CATALINA_HOME/lib or add the WebSocket JARs to the tomcat.util.scan.DefaultJarScanner.jarsToSkip property in $CATALINA_BASE/conf/catalina.properties. Note that the deprecated Tomcat 7 WebSocket API will be available. 
2016-3-23 16:23:53 com.radiadesign.catalina.session.RedisSessionManager startInternal
信息: Attached to RedisSessionHandlerValve
2016-3-23 16:23:53 com.radiadesign.catalina.session.RedisSessionManager initializeSerializer
信息: Attempting to use serializer :com.radiadesign.catalina.session.JavaSerializer
2016-3-23 16:23:53 com.radiadesign.catalina.session.RedisSessionManager startInternal
信息: Will expire sessions after 30 seconds
2016-3-23 16:23:53 org.apache.coyote.AbstractProtocol start
信息: Starting ProtocolHandler ["http-apr-8082"]
2016-3-23 16:23:53 org.apache.coyote.AbstractProtocol start
信息: Starting ProtocolHandler ["ajp-apr-8029"]
2016-3-23 16:23:53 org.apache.catalina.startup.Catalina start
信息: Server startup in 4312 ms
2016-3-23 16:24:22 org.apache.jasper.compiler.TldLocationsCache tldScanJar
信息: At least one JAR was scanned for TLDs yet contained no TLDs. Enable debug logging for this logger for a complete list of JARs that were scanned but no TLDs were found in them. Skipping unneeded JARs during scanning can improve startup time and JSP compilation time.
2016-3-23 16:33:21 org.apache.catalina.startup.VersionLoggerListener log
信息: Server version:        Apache Tomcat/7.0.68
2016-3-23 16:33:21 org.apache.catalina.startup.VersionLoggerListener log
信息: Server built:          Feb 8 2016 20:25:54 UTC
2016-3-23 16:33:21 org.apache.catalina.startup.VersionLoggerListener log
信息: Server number:         7.0.68.0
2016-3-23 16:33:21 org.apache.catalina.startup.VersionLoggerListener log
信息: OS Name:               Windows 7
2016-3-23 16:33:21 org.apache.catalina.startup.VersionLoggerListener log
信息: OS Version:            6.1
2016-3-23 16:33:21 org.apache.catalina.startup.VersionLoggerListener log
信息: Architecture:          amd64
2016-3-23 16:33:21 org.apache.catalina.startup.VersionLoggerListener log
信息: Java Home:             C:\Program Files\Java\jdk1.6.0_45\jre
2016-3-23 16:33:21 org.apache.catalina.startup.VersionLoggerListener log
信息: JVM Version:           1.6.0_45-b06
2016-3-23 16:33:21 org.apache.catalina.startup.VersionLoggerListener log
信息: JVM Vendor:            Sun Microsystems Inc.
2016-3-23 16:33:21 org.apache.catalina.startup.VersionLoggerListener log
信息: CATALINA_BASE:         C:\Users\quxiucheng\Desktop\tomcat8082\apache-tomcat-7.0.68
2016-3-23 16:33:21 org.apache.catalina.startup.VersionLoggerListener log
信息: CATALINA_HOME:         C:\Users\quxiucheng\Desktop\tomcat8082\apache-tomcat-7.0.68
2016-3-23 16:33:21 org.apache.catalina.startup.VersionLoggerListener log
信息: Command line argument: -Djava.util.logging.config.file=C:\Users\quxiucheng\Desktop\tomcat8082\apache-tomcat-7.0.68\conf\logging.properties
2016-3-23 16:33:21 org.apache.catalina.startup.VersionLoggerListener log
信息: Command line argument: -Djava.util.logging.manager=org.apache.juli.ClassLoaderLogManager
2016-3-23 16:33:21 org.apache.catalina.startup.VersionLoggerListener log
信息: Command line argument: -Djava.endorsed.dirs=C:\Users\quxiucheng\Desktop\tomcat8082\apache-tomcat-7.0.68\endorsed
2016-3-23 16:33:21 org.apache.catalina.startup.VersionLoggerListener log
信息: Command line argument: -Dcatalina.base=C:\Users\quxiucheng\Desktop\tomcat8082\apache-tomcat-7.0.68
2016-3-23 16:33:21 org.apache.catalina.startup.VersionLoggerListener log
信息: Command line argument: -Dcatalina.home=C:\Users\quxiucheng\Desktop\tomcat8082\apache-tomcat-7.0.68
2016-3-23 16:33:21 org.apache.catalina.startup.VersionLoggerListener log
信息: Command line argument: -Djava.io.tmpdir=C:\Users\quxiucheng\Desktop\tomcat8082\apache-tomcat-7.0.68\temp
2016-3-23 16:33:21 org.apache.catalina.core.AprLifecycleListener lifecycleEvent
信息: Loaded APR based Apache Tomcat Native library 1.1.33 using APR version 1.5.1.
2016-3-23 16:33:21 org.apache.catalina.core.AprLifecycleListener lifecycleEvent
信息: APR capabilities: IPv6 [true], sendfile [true], accept filters [false], random [true].
2016-3-23 16:33:21 org.apache.catalina.core.AprLifecycleListener initializeSSL
信息: OpenSSL successfully initialized (OpenSSL 1.0.1m 19 Mar 2015)
2016-3-23 16:33:22 org.apache.coyote.AbstractProtocol init
信息: Initializing ProtocolHandler ["http-apr-8082"]
2016-3-23 16:33:22 org.apache.coyote.AbstractProtocol init
信息: Initializing ProtocolHandler ["ajp-apr-8029"]
2016-3-23 16:33:22 org.apache.catalina.startup.Catalina load
信息: Initialization processed in 843 ms
2016-3-23 16:33:22 org.apache.catalina.core.StandardService startInternal
信息: Starting service Catalina
2016-3-23 16:33:22 org.apache.catalina.core.StandardEngine startInternal
信息: Starting Servlet Engine: Apache Tomcat/7.0.68
2016-3-23 16:33:26 org.apache.catalina.startup.TaglibUriRule body
信息: TLD skipped. URI: http://java.sun.com/jstl/core_rt is already defined
2016-3-23 16:33:26 org.apache.catalina.startup.TaglibUriRule body
信息: TLD skipped. URI: http://java.sun.com/jstl/core is already defined
2016-3-23 16:33:26 org.apache.catalina.startup.TaglibUriRule body
信息: TLD skipped. URI: http://java.sun.com/jsp/jstl/core is already defined
2016-3-23 16:33:26 org.apache.catalina.startup.TaglibUriRule body
信息: TLD skipped. URI: http://java.sun.com/jstl/fmt_rt is already defined
2016-3-23 16:33:26 org.apache.catalina.startup.TaglibUriRule body
信息: TLD skipped. URI: http://java.sun.com/jstl/fmt is already defined
2016-3-23 16:33:26 org.apache.catalina.startup.TaglibUriRule body
信息: TLD skipped. URI: http://java.sun.com/jsp/jstl/fmt is already defined
2016-3-23 16:33:26 org.apache.catalina.startup.TaglibUriRule body
信息: TLD skipped. URI: http://java.sun.com/jsp/jstl/functions is already defined
2016-3-23 16:33:26 org.apache.catalina.startup.TaglibUriRule body
信息: TLD skipped. URI: http://jakarta.apache.org/taglibs/standard/permittedTaglibs is already defined
2016-3-23 16:33:26 org.apache.catalina.startup.TaglibUriRule body
信息: TLD skipped. URI: http://jakarta.apache.org/taglibs/standard/scriptfree is already defined
2016-3-23 16:33:26 org.apache.catalina.startup.TaglibUriRule body
信息: TLD skipped. URI: http://java.sun.com/jstl/sql_rt is already defined
2016-3-23 16:33:26 org.apache.catalina.startup.TaglibUriRule body
信息: TLD skipped. URI: http://java.sun.com/jstl/sql is already defined
2016-3-23 16:33:26 org.apache.catalina.startup.TaglibUriRule body
信息: TLD skipped. URI: http://java.sun.com/jsp/jstl/sql is already defined
2016-3-23 16:33:26 org.apache.catalina.startup.TaglibUriRule body
信息: TLD skipped. URI: http://java.sun.com/jstl/xml_rt is already defined
2016-3-23 16:33:26 org.apache.catalina.startup.TaglibUriRule body
信息: TLD skipped. URI: http://java.sun.com/jstl/xml is already defined
2016-3-23 16:33:26 org.apache.catalina.startup.TaglibUriRule body
信息: TLD skipped. URI: http://java.sun.com/jsp/jstl/xml is already defined
2016-3-23 16:33:26 org.apache.catalina.startup.TaglibUriRule body
信息: TLD skipped. URI: http://java.sun.com/jstl/core_rt is already defined
2016-3-23 16:33:26 org.apache.catalina.startup.TaglibUriRule body
信息: TLD skipped. URI: http://java.sun.com/jstl/core is already defined
2016-3-23 16:33:26 org.apache.catalina.startup.TaglibUriRule body
信息: TLD skipped. URI: http://java.sun.com/jsp/jstl/core is already defined
2016-3-23 16:33:26 org.apache.catalina.startup.TaglibUriRule body
信息: TLD skipped. URI: http://java.sun.com/jstl/fmt_rt is already defined
2016-3-23 16:33:26 org.apache.catalina.startup.TaglibUriRule body
信息: TLD skipped. URI: http://java.sun.com/jstl/fmt is already defined
2016-3-23 16:33:26 org.apache.catalina.startup.TaglibUriRule body
信息: TLD skipped. URI: http://java.sun.com/jsp/jstl/fmt is already defined
2016-3-23 16:33:26 org.apache.catalina.startup.TaglibUriRule body
信息: TLD skipped. URI: http://java.sun.com/jsp/jstl/functions is already defined
2016-3-23 16:33:26 org.apache.catalina.startup.TaglibUriRule body
信息: TLD skipped. URI: http://jakarta.apache.org/taglibs/standard/permittedTaglibs is already defined
2016-3-23 16:33:26 org.apache.catalina.startup.TaglibUriRule body
信息: TLD skipped. URI: http://jakarta.apache.org/taglibs/standard/scriptfree is already defined
2016-3-23 16:33:26 org.apache.catalina.startup.TaglibUriRule body
信息: TLD skipped. URI: http://java.sun.com/jstl/sql_rt is already defined
2016-3-23 16:33:26 org.apache.catalina.startup.TaglibUriRule body
信息: TLD skipped. URI: http://java.sun.com/jstl/sql is already defined
2016-3-23 16:33:26 org.apache.catalina.startup.TaglibUriRule body
信息: TLD skipped. URI: http://java.sun.com/jsp/jstl/sql is already defined
2016-3-23 16:33:26 org.apache.catalina.startup.TaglibUriRule body
信息: TLD skipped. URI: http://java.sun.com/jstl/xml_rt is already defined
2016-3-23 16:33:26 org.apache.catalina.startup.TaglibUriRule body
信息: TLD skipped. URI: http://java.sun.com/jstl/xml is already defined
2016-3-23 16:33:26 org.apache.catalina.startup.TaglibUriRule body
信息: TLD skipped. URI: http://java.sun.com/jsp/jstl/xml is already defined
2016-3-23 16:33:27 org.apache.catalina.startup.TldConfig execute
信息: At least one JAR was scanned for TLDs yet contained no TLDs. Enable debug logging for this logger for a complete list of JARs that were scanned but no TLDs were found in them. Skipping unneeded JARs during scanning can improve startup time and JSP compilation time.
2016-3-23 16:33:27 org.apache.tomcat.websocket.server.WsSci onStartup
信息: JSR 356 WebSocket (Java WebSocket 1.1) support is not available when running on Java 6. To suppress this message, run Tomcat on Java 7, remove the WebSocket JARs from $CATALINA_HOME/lib or add the WebSocket JARs to the tomcat.util.scan.DefaultJarScanner.jarsToSkip property in $CATALINA_BASE/conf/catalina.properties. Note that the deprecated Tomcat 7 WebSocket API will be available. 
2016-3-23 16:33:32 com.radiadesign.catalina.session.RedisSessionManager startInternal
信息: Attached to RedisSessionHandlerValve
2016-3-23 16:33:32 com.radiadesign.catalina.session.RedisSessionManager initializeSerializer
信息: Attempting to use serializer :com.radiadesign.catalina.session.JavaSerializer
2016-3-23 16:33:32 com.radiadesign.catalina.session.RedisSessionManager startInternal
信息: Will expire sessions after 30 seconds
2016-3-23 16:33:41 org.apache.coyote.AbstractProtocol start
信息: Starting ProtocolHandler ["http-apr-8082"]
2016-3-23 16:33:41 org.apache.coyote.AbstractProtocol start
信息: Starting ProtocolHandler ["ajp-apr-8029"]
2016-3-23 16:33:41 org.apache.catalina.startup.Catalina start
信息: Server startup in 19043 ms
2016-3-23 16:34:10 org.apache.jasper.compiler.TldLocationsCache tldScanJar
信息: At least one JAR was scanned for TLDs yet contained no TLDs. Enable debug logging for this logger for a complete list of JARs that were scanned but no TLDs were found in them. Skipping unneeded JARs during scanning can improve startup time and JSP compilation time.
