2016-3-18 15:27:42 org.apache.catalina.core.ApplicationContext log
信息: ContextListener: contextInitialized()
2016-3-18 15:27:42 org.apache.catalina.core.ApplicationContext log
信息: SessionListener: contextInitialized()
2016-3-18 15:27:42 org.apache.catalina.core.ApplicationContext log
信息: ContextListener: attributeAdded('org.apache.jasper.compiler.TldLocationsCache', 'org.apache.jasper.compiler.TldLocationsCache@46e06703')
2016-3-18 15:42:18 org.apache.catalina.core.ApplicationContext log
信息: ContextListener: contextInitialized()
2016-3-18 15:42:18 org.apache.catalina.core.ApplicationContext log
信息: SessionListener: contextInitialized()
2016-3-18 15:42:18 org.apache.catalina.core.ApplicationContext log
信息: ContextListener: attributeAdded('org.apache.jasper.compiler.TldLocationsCache', 'org.apache.jasper.compiler.TldLocationsCache@e11e831')
2016-3-18 15:50:12 org.apache.catalina.core.ApplicationContext log
信息: ContextListener: contextInitialized()
2016-3-18 15:50:12 org.apache.catalina.core.ApplicationContext log
信息: SessionListener: contextInitialized()
2016-3-18 15:50:12 org.apache.catalina.core.ApplicationContext log
信息: ContextListener: attributeAdded('org.apache.jasper.compiler.TldLocationsCache', 'org.apache.jasper.compiler.TldLocationsCache@449fea8a')
2016-3-18 15:56:24 org.apache.catalina.core.ApplicationContext log
信息: ContextListener: contextInitialized()
2016-3-18 15:56:24 org.apache.catalina.core.ApplicationContext log
信息: SessionListener: contextInitialized()
2016-3-18 15:56:24 org.apache.catalina.core.ApplicationContext log
信息: ContextListener: attributeAdded('org.apache.jasper.compiler.TldLocationsCache', 'org.apache.jasper.compiler.TldLocationsCache@368b1a4f')
2016-3-18 16:10:45 org.apache.catalina.core.ApplicationContext log
信息: ContextListener: contextInitialized()
2016-3-18 16:10:45 org.apache.catalina.core.ApplicationContext log
信息: SessionListener: contextInitialized()
2016-3-18 16:10:45 org.apache.catalina.core.ApplicationContext log
信息: ContextListener: attributeAdded('org.apache.jasper.compiler.TldLocationsCache', 'org.apache.jasper.compiler.TldLocationsCache@449fea8a')
2016-3-18 16:21:38 org.apache.catalina.core.ApplicationContext log
信息: ContextListener: contextInitialized()
2016-3-18 16:21:38 org.apache.catalina.core.ApplicationContext log
信息: SessionListener: contextInitialized()
2016-3-18 16:21:38 org.apache.catalina.core.ApplicationContext log
信息: ContextListener: attributeAdded('org.apache.jasper.compiler.TldLocationsCache', 'org.apache.jasper.compiler.TldLocationsCache@31a3ca10')
2016-3-18 17:26:25 org.apache.catalina.core.ApplicationContext log
信息: ContextListener: contextInitialized()
2016-3-18 17:26:25 org.apache.catalina.core.ApplicationContext log
信息: SessionListener: contextInitialized()
2016-3-18 17:26:25 org.apache.catalina.core.ApplicationContext log
信息: ContextListener: attributeAdded('org.apache.jasper.compiler.TldLocationsCache', 'org.apache.jasper.compiler.TldLocationsCache@5a92668c')
2016-3-18 17:32:12 org.apache.catalina.core.ApplicationContext log
信息: ContextListener: contextInitialized()
2016-3-18 17:32:12 org.apache.catalina.core.ApplicationContext log
信息: SessionListener: contextInitialized()
2016-3-18 17:32:12 org.apache.catalina.core.ApplicationContext log
信息: ContextListener: attributeAdded('org.apache.jasper.compiler.TldLocationsCache', 'org.apache.jasper.compiler.TldLocationsCache@3efd66a5')
2016-3-18 17:33:03 org.apache.catalina.core.ApplicationContext log
信息: SessionListener: contextDestroyed()
2016-3-18 17:33:03 org.apache.catalina.core.ApplicationContext log
信息: ContextListener: contextDestroyed()
2016-3-18 17:33:03 org.apache.catalina.core.ApplicationContext log
信息: ContextListener: contextInitialized()
2016-3-18 17:33:03 org.apache.catalina.core.ApplicationContext log
信息: SessionListener: contextInitialized()
2016-3-18 17:33:03 org.apache.catalina.core.ApplicationContext log
信息: ContextListener: attributeAdded('org.apache.jasper.compiler.TldLocationsCache', 'org.apache.jasper.compiler.TldLocationsCache@40537935')
2016-3-18 17:33:37 org.apache.catalina.core.ApplicationContext log
信息: ContextListener: contextInitialized()
2016-3-18 17:33:37 org.apache.catalina.core.ApplicationContext log
信息: SessionListener: contextInitialized()
2016-3-18 17:33:37 org.apache.catalina.core.ApplicationContext log
信息: ContextListener: attributeAdded('org.apache.jasper.compiler.TldLocationsCache', 'org.apache.jasper.compiler.TldLocationsCache@7a4fe91e')
2016-3-18 17:33:37 org.apache.catalina.core.ApplicationContext log
信息: SessionListener: contextDestroyed()
2016-3-18 17:33:37 org.apache.catalina.core.ApplicationContext log
信息: ContextListener: contextDestroyed()
2016-3-18 17:33:42 org.apache.catalina.core.ApplicationContext log
信息: ContextListener: contextInitialized()
2016-3-18 17:33:42 org.apache.catalina.core.ApplicationContext log
信息: SessionListener: contextInitialized()
2016-3-18 17:33:42 org.apache.catalina.core.ApplicationContext log
信息: ContextListener: attributeAdded('org.apache.jasper.compiler.TldLocationsCache', 'org.apache.jasper.compiler.TldLocationsCache@4ee14d81')
2016-3-18 17:33:42 org.apache.catalina.core.ApplicationContext log
信息: SessionListener: contextDestroyed()
2016-3-18 17:33:42 org.apache.catalina.core.ApplicationContext log
信息: ContextListener: contextDestroyed()
2016-3-18 17:34:13 org.apache.catalina.core.ApplicationContext log
信息: SessionListener: contextDestroyed()
2016-3-18 17:34:13 org.apache.catalina.core.ApplicationContext log
信息: ContextListener: contextDestroyed()
2016-3-18 17:34:13 org.apache.catalina.core.ApplicationContext log
信息: ContextListener: contextInitialized()
2016-3-18 17:34:13 org.apache.catalina.core.ApplicationContext log
信息: SessionListener: contextInitialized()
2016-3-18 17:34:13 org.apache.catalina.core.ApplicationContext log
信息: ContextListener: attributeAdded('org.apache.jasper.compiler.TldLocationsCache', 'org.apache.jasper.compiler.TldLocationsCache@633e6346')
2016-3-18 17:34:23 org.apache.catalina.core.ApplicationContext log
信息: ContextListener: contextInitialized()
2016-3-18 17:34:23 org.apache.catalina.core.ApplicationContext log
信息: SessionListener: contextInitialized()
2016-3-18 17:34:23 org.apache.catalina.core.ApplicationContext log
信息: ContextListener: attributeAdded('org.apache.jasper.compiler.TldLocationsCache', 'org.apache.jasper.compiler.TldLocationsCache@418a9fc8')
2016-3-18 17:34:23 org.apache.catalina.core.ApplicationContext log
信息: SessionListener: contextDestroyed()
2016-3-18 17:34:23 org.apache.catalina.core.ApplicationContext log
信息: ContextListener: contextDestroyed()
2016-3-18 17:34:54 org.apache.catalina.core.ApplicationContext log
信息: ContextListener: contextInitialized()
2016-3-18 17:34:54 org.apache.catalina.core.ApplicationContext log
信息: SessionListener: contextInitialized()
2016-3-18 17:34:54 org.apache.catalina.core.ApplicationContext log
信息: ContextListener: attributeAdded('org.apache.jasper.compiler.TldLocationsCache', 'org.apache.jasper.compiler.TldLocationsCache@38d0357a')
2016-3-18 17:35:08 org.apache.catalina.core.ApplicationContext log
信息: ContextListener: contextInitialized()
2016-3-18 17:35:08 org.apache.catalina.core.ApplicationContext log
信息: SessionListener: contextInitialized()
2016-3-18 17:35:08 org.apache.catalina.core.ApplicationContext log
信息: ContextListener: attributeAdded('org.apache.jasper.compiler.TldLocationsCache', 'org.apache.jasper.compiler.TldLocationsCache@39320a41')
2016-3-18 17:49:28 org.apache.catalina.core.ApplicationContext log
信息: ContextListener: contextInitialized()
2016-3-18 17:49:28 org.apache.catalina.core.ApplicationContext log
信息: SessionListener: contextInitialized()
2016-3-18 17:49:28 org.apache.catalina.core.ApplicationContext log
信息: ContextListener: attributeAdded('org.apache.jasper.compiler.TldLocationsCache', 'org.apache.jasper.compiler.TldLocationsCache@25cbfa42')
2016-3-18 17:50:08 org.apache.catalina.core.ApplicationContext log
信息: ContextListener: contextInitialized()
2016-3-18 17:50:08 org.apache.catalina.core.ApplicationContext log
信息: SessionListener: contextInitialized()
2016-3-18 17:50:09 org.apache.catalina.core.ApplicationContext log
信息: ContextListener: attributeAdded('org.apache.jasper.compiler.TldLocationsCache', 'org.apache.jasper.compiler.TldLocationsCache@57c8b24d')
