2016-3-23 13:56:56 org.apache.catalina.startup.VersionLoggerListener log
信息: Server version:        Apache Tomcat/7.0.68
2016-3-23 13:56:56 org.apache.catalina.startup.VersionLoggerListener log
信息: Server built:          Feb 8 2016 20:25:54 UTC
2016-3-23 13:56:56 org.apache.catalina.startup.VersionLoggerListener log
信息: Server number:         7.0.68.0
2016-3-23 13:56:56 org.apache.catalina.startup.VersionLoggerListener log
信息: OS Name:               Windows 7
2016-3-23 13:56:56 org.apache.catalina.startup.VersionLoggerListener log
信息: OS Version:            6.1
2016-3-23 13:56:56 org.apache.catalina.startup.VersionLoggerListener log
信息: Architecture:          amd64
2016-3-23 13:56:56 org.apache.catalina.startup.VersionLoggerListener log
信息: Java Home:             C:\Program Files\Java\jdk1.6.0_45\jre
2016-3-23 13:56:56 org.apache.catalina.startup.VersionLoggerListener log
信息: JVM Version:           1.6.0_45-b06
2016-3-23 13:56:56 org.apache.catalina.startup.VersionLoggerListener log
信息: JVM Vendor:            Sun Microsystems Inc.
2016-3-23 13:56:56 org.apache.catalina.startup.VersionLoggerListener log
信息: CATALINA_BASE:         C:\Users\quxiucheng\Desktop\tomcat8081\apache-tomcat-7.0.68
2016-3-23 13:56:56 org.apache.catalina.startup.VersionLoggerListener log
信息: CATALINA_HOME:         C:\Users\quxiucheng\Desktop\tomcat8081\apache-tomcat-7.0.68
2016-3-23 13:56:56 org.apache.catalina.startup.VersionLoggerListener log
信息: Command line argument: -Djava.util.logging.config.file=C:\Users\quxiucheng\Desktop\tomcat8081\apache-tomcat-7.0.68\conf\logging.properties
2016-3-23 13:56:56 org.apache.catalina.startup.VersionLoggerListener log
信息: Command line argument: -Djava.util.logging.manager=org.apache.juli.ClassLoaderLogManager
2016-3-23 13:56:56 org.apache.catalina.startup.VersionLoggerListener log
信息: Command line argument: -Djava.endorsed.dirs=C:\Users\quxiucheng\Desktop\tomcat8081\apache-tomcat-7.0.68\endorsed
2016-3-23 13:56:56 org.apache.catalina.startup.VersionLoggerListener log
信息: Command line argument: -Dcatalina.base=C:\Users\quxiucheng\Desktop\tomcat8081\apache-tomcat-7.0.68
2016-3-23 13:56:56 org.apache.catalina.startup.VersionLoggerListener log
信息: Command line argument: -Dcatalina.home=C:\Users\quxiucheng\Desktop\tomcat8081\apache-tomcat-7.0.68
2016-3-23 13:56:56 org.apache.catalina.startup.VersionLoggerListener log
信息: Command line argument: -Djava.io.tmpdir=C:\Users\quxiucheng\Desktop\tomcat8081\apache-tomcat-7.0.68\temp
2016-3-23 13:56:56 org.apache.catalina.core.AprLifecycleListener lifecycleEvent
信息: Loaded APR based Apache Tomcat Native library 1.1.33 using APR version 1.5.1.
2016-3-23 13:56:56 org.apache.catalina.core.AprLifecycleListener lifecycleEvent
信息: APR capabilities: IPv6 [true], sendfile [true], accept filters [false], random [true].
2016-3-23 13:56:56 org.apache.catalina.core.AprLifecycleListener initializeSSL
信息: OpenSSL successfully initialized (OpenSSL 1.0.1m 19 Mar 2015)
2016-3-23 13:56:56 org.apache.coyote.AbstractProtocol init
信息: Initializing ProtocolHandler ["http-apr-8081"]
2016-3-23 13:56:56 org.apache.coyote.AbstractProtocol init
信息: Initializing ProtocolHandler ["ajp-apr-8019"]
2016-3-23 13:56:56 org.apache.catalina.startup.Catalina load
信息: Initialization processed in 1264 ms
2016-3-23 13:56:56 org.apache.catalina.core.StandardService startInternal
信息: Starting service Catalina
2016-3-23 13:56:56 org.apache.catalina.core.StandardEngine startInternal
信息: Starting Servlet Engine: Apache Tomcat/7.0.68
2016-3-23 13:56:58 org.apache.catalina.startup.TldConfig execute
信息: At least one JAR was scanned for TLDs yet contained no TLDs. Enable debug logging for this logger for a complete list of JARs that were scanned but no TLDs were found in them. Skipping unneeded JARs during scanning can improve startup time and JSP compilation time.
2016-3-23 13:56:58 org.apache.tomcat.websocket.server.WsSci onStartup
信息: JSR 356 WebSocket (Java WebSocket 1.1) support is not available when running on Java 6. To suppress this message, run Tomcat on Java 7, remove the WebSocket JARs from $CATALINA_HOME/lib or add the WebSocket JARs to the tomcat.util.scan.DefaultJarScanner.jarsToSkip property in $CATALINA_BASE/conf/catalina.properties. Note that the deprecated Tomcat 7 WebSocket API will be available. 
2016-3-23 13:57:00 com.radiadesign.catalina.session.RedisSessionManager startInternal
信息: Attached to RedisSessionHandlerValve
2016-3-23 13:57:00 com.radiadesign.catalina.session.RedisSessionManager initializeSerializer
信息: Attempting to use serializer :com.radiadesign.catalina.session.JavaSerializer
2016-3-23 13:57:00 com.radiadesign.catalina.session.RedisSessionManager startInternal
信息: Will expire sessions after 30 seconds
2016-3-23 13:57:01 org.apache.coyote.AbstractProtocol start
信息: Starting ProtocolHandler ["http-apr-8081"]
2016-3-23 13:57:01 org.apache.coyote.AbstractProtocol start
信息: Starting ProtocolHandler ["ajp-apr-8019"]
2016-3-23 13:57:01 org.apache.catalina.startup.Catalina start
信息: Server startup in 5120 ms
2016-3-23 13:57:08 org.apache.jasper.compiler.TldLocationsCache tldScanJar
信息: At least one JAR was scanned for TLDs yet contained no TLDs. Enable debug logging for this logger for a complete list of JARs that were scanned but no TLDs were found in them. Skipping unneeded JARs during scanning can improve startup time and JSP compilation time.
2016-3-23 14:03:46 org.apache.catalina.startup.VersionLoggerListener log
信息: Server version:        Apache Tomcat/7.0.68
2016-3-23 14:03:46 org.apache.catalina.startup.VersionLoggerListener log
信息: Server built:          Feb 8 2016 20:25:54 UTC
2016-3-23 14:03:46 org.apache.catalina.startup.VersionLoggerListener log
信息: Server number:         7.0.68.0
2016-3-23 14:03:46 org.apache.catalina.startup.VersionLoggerListener log
信息: OS Name:               Windows 7
2016-3-23 14:03:46 org.apache.catalina.startup.VersionLoggerListener log
信息: OS Version:            6.1
2016-3-23 14:03:46 org.apache.catalina.startup.VersionLoggerListener log
信息: Architecture:          amd64
2016-3-23 14:03:46 org.apache.catalina.startup.VersionLoggerListener log
信息: Java Home:             C:\Program Files\Java\jdk1.6.0_45\jre
2016-3-23 14:03:46 org.apache.catalina.startup.VersionLoggerListener log
信息: JVM Version:           1.6.0_45-b06
2016-3-23 14:03:46 org.apache.catalina.startup.VersionLoggerListener log
信息: JVM Vendor:            Sun Microsystems Inc.
2016-3-23 14:03:46 org.apache.catalina.startup.VersionLoggerListener log
信息: CATALINA_BASE:         C:\Users\quxiucheng\Desktop\tomcat8081\apache-tomcat-7.0.68
2016-3-23 14:03:46 org.apache.catalina.startup.VersionLoggerListener log
信息: CATALINA_HOME:         C:\Users\quxiucheng\Desktop\tomcat8081\apache-tomcat-7.0.68
2016-3-23 14:03:46 org.apache.catalina.startup.VersionLoggerListener log
信息: Command line argument: -Djava.util.logging.config.file=C:\Users\quxiucheng\Desktop\tomcat8081\apache-tomcat-7.0.68\conf\logging.properties
2016-3-23 14:03:46 org.apache.catalina.startup.VersionLoggerListener log
信息: Command line argument: -Djava.util.logging.manager=org.apache.juli.ClassLoaderLogManager
2016-3-23 14:03:46 org.apache.catalina.startup.VersionLoggerListener log
信息: Command line argument: -Djava.endorsed.dirs=C:\Users\quxiucheng\Desktop\tomcat8081\apache-tomcat-7.0.68\endorsed
2016-3-23 14:03:46 org.apache.catalina.startup.VersionLoggerListener log
信息: Command line argument: -Dcatalina.base=C:\Users\quxiucheng\Desktop\tomcat8081\apache-tomcat-7.0.68
2016-3-23 14:03:46 org.apache.catalina.startup.VersionLoggerListener log
信息: Command line argument: -Dcatalina.home=C:\Users\quxiucheng\Desktop\tomcat8081\apache-tomcat-7.0.68
2016-3-23 14:03:46 org.apache.catalina.startup.VersionLoggerListener log
信息: Command line argument: -Djava.io.tmpdir=C:\Users\quxiucheng\Desktop\tomcat8081\apache-tomcat-7.0.68\temp
2016-3-23 14:03:46 org.apache.catalina.core.AprLifecycleListener lifecycleEvent
信息: Loaded APR based Apache Tomcat Native library 1.1.33 using APR version 1.5.1.
2016-3-23 14:03:46 org.apache.catalina.core.AprLifecycleListener lifecycleEvent
信息: APR capabilities: IPv6 [true], sendfile [true], accept filters [false], random [true].
2016-3-23 14:03:46 org.apache.catalina.core.AprLifecycleListener initializeSSL
信息: OpenSSL successfully initialized (OpenSSL 1.0.1m 19 Mar 2015)
2016-3-23 14:03:46 org.apache.coyote.AbstractProtocol init
信息: Initializing ProtocolHandler ["http-apr-8081"]
2016-3-23 14:03:46 org.apache.coyote.AbstractProtocol init
信息: Initializing ProtocolHandler ["ajp-apr-8019"]
2016-3-23 14:03:46 org.apache.catalina.startup.Catalina load
信息: Initialization processed in 763 ms
2016-3-23 14:03:46 org.apache.catalina.core.StandardService startInternal
信息: Starting service Catalina
2016-3-23 14:03:46 org.apache.catalina.core.StandardEngine startInternal
信息: Starting Servlet Engine: Apache Tomcat/7.0.68
2016-3-23 14:03:48 org.apache.catalina.startup.TldConfig execute
信息: At least one JAR was scanned for TLDs yet contained no TLDs. Enable debug logging for this logger for a complete list of JARs that were scanned but no TLDs were found in them. Skipping unneeded JARs during scanning can improve startup time and JSP compilation time.
2016-3-23 14:03:49 org.apache.tomcat.websocket.server.WsSci onStartup
信息: JSR 356 WebSocket (Java WebSocket 1.1) support is not available when running on Java 6. To suppress this message, run Tomcat on Java 7, remove the WebSocket JARs from $CATALINA_HOME/lib or add the WebSocket JARs to the tomcat.util.scan.DefaultJarScanner.jarsToSkip property in $CATALINA_BASE/conf/catalina.properties. Note that the deprecated Tomcat 7 WebSocket API will be available. 
2016-3-23 14:03:51 com.radiadesign.catalina.session.RedisSessionManager startInternal
信息: Attached to RedisSessionHandlerValve
2016-3-23 14:03:51 com.radiadesign.catalina.session.RedisSessionManager initializeSerializer
信息: Attempting to use serializer :com.radiadesign.catalina.session.JavaSerializer
2016-3-23 14:03:51 com.radiadesign.catalina.session.RedisSessionManager startInternal
信息: Will expire sessions after 30 seconds
2016-3-23 14:03:52 org.apache.coyote.AbstractProtocol start
信息: Starting ProtocolHandler ["http-apr-8081"]
2016-3-23 14:03:52 org.apache.coyote.AbstractProtocol start
信息: Starting ProtocolHandler ["ajp-apr-8019"]
2016-3-23 14:03:52 org.apache.catalina.startup.Catalina start
信息: Server startup in 5724 ms
2016-3-23 14:06:37 org.apache.catalina.startup.VersionLoggerListener log
信息: Server version:        Apache Tomcat/7.0.68
2016-3-23 14:06:37 org.apache.catalina.startup.VersionLoggerListener log
信息: Server built:          Feb 8 2016 20:25:54 UTC
2016-3-23 14:06:37 org.apache.catalina.startup.VersionLoggerListener log
信息: Server number:         7.0.68.0
2016-3-23 14:06:37 org.apache.catalina.startup.VersionLoggerListener log
信息: OS Name:               Windows 7
2016-3-23 14:06:37 org.apache.catalina.startup.VersionLoggerListener log
信息: OS Version:            6.1
2016-3-23 14:06:37 org.apache.catalina.startup.VersionLoggerListener log
信息: Architecture:          amd64
2016-3-23 14:06:37 org.apache.catalina.startup.VersionLoggerListener log
信息: Java Home:             C:\Program Files\Java\jdk1.6.0_45\jre
2016-3-23 14:06:37 org.apache.catalina.startup.VersionLoggerListener log
信息: JVM Version:           1.6.0_45-b06
2016-3-23 14:06:37 org.apache.catalina.startup.VersionLoggerListener log
信息: JVM Vendor:            Sun Microsystems Inc.
2016-3-23 14:06:37 org.apache.catalina.startup.VersionLoggerListener log
信息: CATALINA_BASE:         C:\Users\quxiucheng\Desktop\tomcat8081\apache-tomcat-7.0.68
2016-3-23 14:06:37 org.apache.catalina.startup.VersionLoggerListener log
信息: CATALINA_HOME:         C:\Users\quxiucheng\Desktop\tomcat8081\apache-tomcat-7.0.68
2016-3-23 14:06:37 org.apache.catalina.startup.VersionLoggerListener log
信息: Command line argument: -Djava.util.logging.config.file=C:\Users\quxiucheng\Desktop\tomcat8081\apache-tomcat-7.0.68\conf\logging.properties
2016-3-23 14:06:37 org.apache.catalina.startup.VersionLoggerListener log
信息: Command line argument: -Djava.util.logging.manager=org.apache.juli.ClassLoaderLogManager
2016-3-23 14:06:37 org.apache.catalina.startup.VersionLoggerListener log
信息: Command line argument: -Djava.endorsed.dirs=C:\Users\quxiucheng\Desktop\tomcat8081\apache-tomcat-7.0.68\endorsed
2016-3-23 14:06:37 org.apache.catalina.startup.VersionLoggerListener log
信息: Command line argument: -Dcatalina.base=C:\Users\quxiucheng\Desktop\tomcat8081\apache-tomcat-7.0.68
2016-3-23 14:06:37 org.apache.catalina.startup.VersionLoggerListener log
信息: Command line argument: -Dcatalina.home=C:\Users\quxiucheng\Desktop\tomcat8081\apache-tomcat-7.0.68
2016-3-23 14:06:37 org.apache.catalina.startup.VersionLoggerListener log
信息: Command line argument: -Djava.io.tmpdir=C:\Users\quxiucheng\Desktop\tomcat8081\apache-tomcat-7.0.68\temp
2016-3-23 14:06:37 org.apache.catalina.core.AprLifecycleListener lifecycleEvent
信息: Loaded APR based Apache Tomcat Native library 1.1.33 using APR version 1.5.1.
2016-3-23 14:06:37 org.apache.catalina.core.AprLifecycleListener lifecycleEvent
信息: APR capabilities: IPv6 [true], sendfile [true], accept filters [false], random [true].
2016-3-23 14:06:37 org.apache.catalina.core.AprLifecycleListener initializeSSL
信息: OpenSSL successfully initialized (OpenSSL 1.0.1m 19 Mar 2015)
2016-3-23 14:06:37 org.apache.coyote.AbstractProtocol init
信息: Initializing ProtocolHandler ["http-apr-8081"]
2016-3-23 14:06:37 org.apache.coyote.AbstractProtocol init
信息: Initializing ProtocolHandler ["ajp-apr-8019"]
2016-3-23 14:06:37 org.apache.catalina.startup.Catalina load
信息: Initialization processed in 1143 ms
2016-3-23 14:06:37 org.apache.catalina.core.StandardService startInternal
信息: Starting service Catalina
2016-3-23 14:06:38 org.apache.catalina.core.StandardEngine startInternal
信息: Starting Servlet Engine: Apache Tomcat/7.0.68
2016-3-23 14:06:41 org.apache.catalina.startup.TldConfig execute
信息: At least one JAR was scanned for TLDs yet contained no TLDs. Enable debug logging for this logger for a complete list of JARs that were scanned but no TLDs were found in them. Skipping unneeded JARs during scanning can improve startup time and JSP compilation time.
2016-3-23 14:06:41 org.apache.tomcat.websocket.server.WsSci onStartup
信息: JSR 356 WebSocket (Java WebSocket 1.1) support is not available when running on Java 6. To suppress this message, run Tomcat on Java 7, remove the WebSocket JARs from $CATALINA_HOME/lib or add the WebSocket JARs to the tomcat.util.scan.DefaultJarScanner.jarsToSkip property in $CATALINA_BASE/conf/catalina.properties. Note that the deprecated Tomcat 7 WebSocket API will be available. 
2016-3-23 14:06:44 com.radiadesign.catalina.session.RedisSessionManager startInternal
信息: Attached to RedisSessionHandlerValve
2016-3-23 14:06:44 com.radiadesign.catalina.session.RedisSessionManager initializeSerializer
信息: Attempting to use serializer :com.radiadesign.catalina.session.JavaSerializer
2016-3-23 14:06:44 com.radiadesign.catalina.session.RedisSessionManager startInternal
信息: Will expire sessions after 30 seconds
2016-3-23 14:06:44 org.apache.coyote.AbstractProtocol start
信息: Starting ProtocolHandler ["http-apr-8081"]
2016-3-23 14:06:44 org.apache.coyote.AbstractProtocol start
信息: Starting ProtocolHandler ["ajp-apr-8019"]
2016-3-23 14:06:44 org.apache.catalina.startup.Catalina start
信息: Server startup in 6985 ms
2016-3-23 14:07:03 org.apache.catalina.startup.VersionLoggerListener log
信息: Server version:        Apache Tomcat/7.0.68
2016-3-23 14:07:29 org.apache.catalina.startup.VersionLoggerListener log
信息: Server version:        Apache Tomcat/7.0.68
2016-3-23 14:07:29 org.apache.catalina.startup.VersionLoggerListener log
信息: Server built:          Feb 8 2016 20:25:54 UTC
2016-3-23 14:07:29 org.apache.catalina.startup.VersionLoggerListener log
信息: Server number:         7.0.68.0
2016-3-23 14:07:29 org.apache.catalina.startup.VersionLoggerListener log
信息: OS Name:               Windows 7
2016-3-23 14:07:29 org.apache.catalina.startup.VersionLoggerListener log
信息: OS Version:            6.1
2016-3-23 14:07:29 org.apache.catalina.startup.VersionLoggerListener log
信息: Architecture:          amd64
2016-3-23 14:07:29 org.apache.catalina.startup.VersionLoggerListener log
信息: Java Home:             C:\Program Files\Java\jdk1.6.0_45\jre
2016-3-23 14:07:29 org.apache.catalina.startup.VersionLoggerListener log
信息: JVM Version:           1.6.0_45-b06
2016-3-23 14:07:29 org.apache.catalina.startup.VersionLoggerListener log
信息: JVM Vendor:            Sun Microsystems Inc.
2016-3-23 14:07:29 org.apache.catalina.startup.VersionLoggerListener log
信息: CATALINA_BASE:         C:\Users\quxiucheng\Desktop\tomcat8081\apache-tomcat-7.0.68
2016-3-23 14:07:29 org.apache.catalina.startup.VersionLoggerListener log
信息: CATALINA_HOME:         C:\Users\quxiucheng\Desktop\tomcat8081\apache-tomcat-7.0.68
2016-3-23 14:07:29 org.apache.catalina.startup.VersionLoggerListener log
信息: Command line argument: -Djava.util.logging.config.file=C:\Users\quxiucheng\Desktop\tomcat8081\apache-tomcat-7.0.68\conf\logging.properties
2016-3-23 14:07:29 org.apache.catalina.startup.VersionLoggerListener log
信息: Command line argument: -Djava.util.logging.manager=org.apache.juli.ClassLoaderLogManager
2016-3-23 14:07:29 org.apache.catalina.startup.VersionLoggerListener log
信息: Command line argument: -Djava.endorsed.dirs=C:\Users\quxiucheng\Desktop\tomcat8081\apache-tomcat-7.0.68\endorsed
2016-3-23 14:07:29 org.apache.catalina.startup.VersionLoggerListener log
信息: Command line argument: -Dcatalina.base=C:\Users\quxiucheng\Desktop\tomcat8081\apache-tomcat-7.0.68
2016-3-23 14:07:29 org.apache.catalina.startup.VersionLoggerListener log
信息: Command line argument: -Dcatalina.home=C:\Users\quxiucheng\Desktop\tomcat8081\apache-tomcat-7.0.68
2016-3-23 14:07:29 org.apache.catalina.startup.VersionLoggerListener log
信息: Command line argument: -Djava.io.tmpdir=C:\Users\quxiucheng\Desktop\tomcat8081\apache-tomcat-7.0.68\temp
2016-3-23 14:07:29 org.apache.catalina.core.AprLifecycleListener lifecycleEvent
信息: Loaded APR based Apache Tomcat Native library 1.1.33 using APR version 1.5.1.
2016-3-23 14:07:29 org.apache.catalina.core.AprLifecycleListener lifecycleEvent
信息: APR capabilities: IPv6 [true], sendfile [true], accept filters [false], random [true].
2016-3-23 14:07:29 org.apache.catalina.core.AprLifecycleListener initializeSSL
信息: OpenSSL successfully initialized (OpenSSL 1.0.1m 19 Mar 2015)
2016-3-23 14:07:29 org.apache.coyote.AbstractProtocol init
信息: Initializing ProtocolHandler ["http-apr-8081"]
2016-3-23 14:07:29 org.apache.coyote.AbstractProtocol init
信息: Initializing ProtocolHandler ["ajp-apr-8019"]
2016-3-23 14:07:29 org.apache.catalina.startup.Catalina load
信息: Initialization processed in 796 ms
2016-3-23 14:07:29 org.apache.catalina.core.StandardService startInternal
信息: Starting service Catalina
2016-3-23 14:07:29 org.apache.catalina.core.StandardEngine startInternal
信息: Starting Servlet Engine: Apache Tomcat/7.0.68
2016-3-23 14:07:32 org.apache.catalina.startup.TldConfig execute
信息: At least one JAR was scanned for TLDs yet contained no TLDs. Enable debug logging for this logger for a complete list of JARs that were scanned but no TLDs were found in them. Skipping unneeded JARs during scanning can improve startup time and JSP compilation time.
2016-3-23 14:07:32 org.apache.tomcat.websocket.server.WsSci onStartup
信息: JSR 356 WebSocket (Java WebSocket 1.1) support is not available when running on Java 6. To suppress this message, run Tomcat on Java 7, remove the WebSocket JARs from $CATALINA_HOME/lib or add the WebSocket JARs to the tomcat.util.scan.DefaultJarScanner.jarsToSkip property in $CATALINA_BASE/conf/catalina.properties. Note that the deprecated Tomcat 7 WebSocket API will be available. 
2016-3-23 14:07:35 com.radiadesign.catalina.session.RedisSessionManager startInternal
信息: Attached to RedisSessionHandlerValve
2016-3-23 14:07:35 com.radiadesign.catalina.session.RedisSessionManager initializeSerializer
信息: Attempting to use serializer :com.radiadesign.catalina.session.JavaSerializer
2016-3-23 14:07:35 com.radiadesign.catalina.session.RedisSessionManager startInternal
信息: Will expire sessions after 30 seconds
2016-3-23 14:07:35 org.apache.coyote.AbstractProtocol start
信息: Starting ProtocolHandler ["http-apr-8081"]
2016-3-23 14:07:35 org.apache.coyote.AbstractProtocol start
信息: Starting ProtocolHandler ["ajp-apr-8019"]
2016-3-23 14:07:35 org.apache.catalina.startup.Catalina start
信息: Server startup in 6011 ms
2016-3-23 15:11:28 org.apache.catalina.startup.VersionLoggerListener log
信息: Server version:        Apache Tomcat/7.0.68
2016-3-23 15:11:28 org.apache.catalina.startup.VersionLoggerListener log
信息: Server built:          Feb 8 2016 20:25:54 UTC
2016-3-23 15:11:28 org.apache.catalina.startup.VersionLoggerListener log
信息: Server number:         7.0.68.0
2016-3-23 15:11:28 org.apache.catalina.startup.VersionLoggerListener log
信息: OS Name:               Windows 7
2016-3-23 15:11:28 org.apache.catalina.startup.VersionLoggerListener log
信息: OS Version:            6.1
2016-3-23 15:11:28 org.apache.catalina.startup.VersionLoggerListener log
信息: Architecture:          amd64
2016-3-23 15:11:28 org.apache.catalina.startup.VersionLoggerListener log
信息: Java Home:             C:\Program Files\Java\jdk1.6.0_45\jre
2016-3-23 15:11:28 org.apache.catalina.startup.VersionLoggerListener log
信息: JVM Version:           1.6.0_45-b06
2016-3-23 15:11:28 org.apache.catalina.startup.VersionLoggerListener log
信息: JVM Vendor:            Sun Microsystems Inc.
2016-3-23 15:11:28 org.apache.catalina.startup.VersionLoggerListener log
信息: CATALINA_BASE:         C:\Users\quxiucheng\Desktop\tomcat8081\apache-tomcat-7.0.68
2016-3-23 15:11:28 org.apache.catalina.startup.VersionLoggerListener log
信息: CATALINA_HOME:         C:\Users\quxiucheng\Desktop\tomcat8081\apache-tomcat-7.0.68
2016-3-23 15:11:28 org.apache.catalina.startup.VersionLoggerListener log
信息: Command line argument: -Djava.util.logging.config.file=C:\Users\quxiucheng\Desktop\tomcat8081\apache-tomcat-7.0.68\conf\logging.properties
2016-3-23 15:11:28 org.apache.catalina.startup.VersionLoggerListener log
信息: Command line argument: -Djava.util.logging.manager=org.apache.juli.ClassLoaderLogManager
2016-3-23 15:11:28 org.apache.catalina.startup.VersionLoggerListener log
信息: Command line argument: -Djava.endorsed.dirs=C:\Users\quxiucheng\Desktop\tomcat8081\apache-tomcat-7.0.68\endorsed
2016-3-23 15:11:28 org.apache.catalina.startup.VersionLoggerListener log
信息: Command line argument: -Dcatalina.base=C:\Users\quxiucheng\Desktop\tomcat8081\apache-tomcat-7.0.68
2016-3-23 15:11:28 org.apache.catalina.startup.VersionLoggerListener log
信息: Command line argument: -Dcatalina.home=C:\Users\quxiucheng\Desktop\tomcat8081\apache-tomcat-7.0.68
2016-3-23 15:11:28 org.apache.catalina.startup.VersionLoggerListener log
信息: Command line argument: -Djava.io.tmpdir=C:\Users\quxiucheng\Desktop\tomcat8081\apache-tomcat-7.0.68\temp
2016-3-23 15:11:28 org.apache.catalina.core.AprLifecycleListener lifecycleEvent
信息: Loaded APR based Apache Tomcat Native library 1.1.33 using APR version 1.5.1.
2016-3-23 15:11:28 org.apache.catalina.core.AprLifecycleListener lifecycleEvent
信息: APR capabilities: IPv6 [true], sendfile [true], accept filters [false], random [true].
2016-3-23 15:11:29 org.apache.catalina.core.AprLifecycleListener initializeSSL
信息: OpenSSL successfully initialized (OpenSSL 1.0.1m 19 Mar 2015)
2016-3-23 15:11:29 org.apache.coyote.AbstractProtocol init
信息: Initializing ProtocolHandler ["http-apr-8081"]
2016-3-23 15:11:29 org.apache.coyote.AbstractProtocol init
信息: Initializing ProtocolHandler ["ajp-apr-8019"]
2016-3-23 15:11:29 org.apache.catalina.startup.Catalina load
信息: Initialization processed in 981 ms
2016-3-23 15:11:29 org.apache.catalina.core.StandardService startInternal
信息: Starting service Catalina
2016-3-23 15:11:29 org.apache.catalina.core.StandardEngine startInternal
信息: Starting Servlet Engine: Apache Tomcat/7.0.68
2016-3-23 15:11:32 org.apache.catalina.startup.TldConfig execute
信息: At least one JAR was scanned for TLDs yet contained no TLDs. Enable debug logging for this logger for a complete list of JARs that were scanned but no TLDs were found in them. Skipping unneeded JARs during scanning can improve startup time and JSP compilation time.
2016-3-23 15:11:32 org.apache.tomcat.websocket.server.WsSci onStartup
信息: JSR 356 WebSocket (Java WebSocket 1.1) support is not available when running on Java 6. To suppress this message, run Tomcat on Java 7, remove the WebSocket JARs from $CATALINA_HOME/lib or add the WebSocket JARs to the tomcat.util.scan.DefaultJarScanner.jarsToSkip property in $CATALINA_BASE/conf/catalina.properties. Note that the deprecated Tomcat 7 WebSocket API will be available. 
2016-3-23 15:11:35 com.radiadesign.catalina.session.RedisSessionManager startInternal
信息: Attached to RedisSessionHandlerValve
2016-3-23 15:11:35 com.radiadesign.catalina.session.RedisSessionManager initializeSerializer
信息: Attempting to use serializer :com.radiadesign.catalina.session.JavaSerializer
2016-3-23 15:11:35 com.radiadesign.catalina.session.RedisSessionManager startInternal
信息: Will expire sessions after 30 seconds
2016-3-23 15:11:36 org.apache.coyote.AbstractProtocol start
信息: Starting ProtocolHandler ["http-apr-8081"]
2016-3-23 15:11:36 org.apache.coyote.AbstractProtocol start
信息: Starting ProtocolHandler ["ajp-apr-8019"]
2016-3-23 15:11:36 org.apache.catalina.startup.Catalina start
信息: Server startup in 7038 ms
2016-3-23 15:14:03 org.apache.catalina.startup.VersionLoggerListener log
信息: Server version:        Apache Tomcat/7.0.68
2016-3-23 15:14:03 org.apache.catalina.startup.VersionLoggerListener log
信息: Server built:          Feb 8 2016 20:25:54 UTC
2016-3-23 15:14:03 org.apache.catalina.startup.VersionLoggerListener log
信息: Server number:         7.0.68.0
2016-3-23 15:14:03 org.apache.catalina.startup.VersionLoggerListener log
信息: OS Name:               Windows 7
2016-3-23 15:14:03 org.apache.catalina.startup.VersionLoggerListener log
信息: OS Version:            6.1
2016-3-23 15:14:03 org.apache.catalina.startup.VersionLoggerListener log
信息: Architecture:          amd64
2016-3-23 15:14:03 org.apache.catalina.startup.VersionLoggerListener log
信息: Java Home:             C:\Program Files\Java\jdk1.6.0_45\jre
2016-3-23 15:14:03 org.apache.catalina.startup.VersionLoggerListener log
信息: JVM Version:           1.6.0_45-b06
2016-3-23 15:14:03 org.apache.catalina.startup.VersionLoggerListener log
信息: JVM Vendor:            Sun Microsystems Inc.
2016-3-23 15:14:03 org.apache.catalina.startup.VersionLoggerListener log
信息: CATALINA_BASE:         C:\Users\quxiucheng\Desktop\tomcat8081\apache-tomcat-7.0.68
2016-3-23 15:14:03 org.apache.catalina.startup.VersionLoggerListener log
信息: CATALINA_HOME:         C:\Users\quxiucheng\Desktop\tomcat8081\apache-tomcat-7.0.68
2016-3-23 15:14:03 org.apache.catalina.startup.VersionLoggerListener log
信息: Command line argument: -Djava.util.logging.config.file=C:\Users\quxiucheng\Desktop\tomcat8081\apache-tomcat-7.0.68\conf\logging.properties
2016-3-23 15:14:03 org.apache.catalina.startup.VersionLoggerListener log
信息: Command line argument: -Djava.util.logging.manager=org.apache.juli.ClassLoaderLogManager
2016-3-23 15:14:03 org.apache.catalina.startup.VersionLoggerListener log
信息: Command line argument: -Djava.endorsed.dirs=C:\Users\quxiucheng\Desktop\tomcat8081\apache-tomcat-7.0.68\endorsed
2016-3-23 15:14:03 org.apache.catalina.startup.VersionLoggerListener log
信息: Command line argument: -Dcatalina.base=C:\Users\quxiucheng\Desktop\tomcat8081\apache-tomcat-7.0.68
2016-3-23 15:14:03 org.apache.catalina.startup.VersionLoggerListener log
信息: Command line argument: -Dcatalina.home=C:\Users\quxiucheng\Desktop\tomcat8081\apache-tomcat-7.0.68
2016-3-23 15:14:03 org.apache.catalina.startup.VersionLoggerListener log
信息: Command line argument: -Djava.io.tmpdir=C:\Users\quxiucheng\Desktop\tomcat8081\apache-tomcat-7.0.68\temp
2016-3-23 15:14:03 org.apache.catalina.core.AprLifecycleListener lifecycleEvent
信息: Loaded APR based Apache Tomcat Native library 1.1.33 using APR version 1.5.1.
2016-3-23 15:14:03 org.apache.catalina.core.AprLifecycleListener lifecycleEvent
信息: APR capabilities: IPv6 [true], sendfile [true], accept filters [false], random [true].
2016-3-23 15:14:04 org.apache.catalina.core.AprLifecycleListener initializeSSL
信息: OpenSSL successfully initialized (OpenSSL 1.0.1m 19 Mar 2015)
2016-3-23 15:14:04 org.apache.coyote.AbstractProtocol init
信息: Initializing ProtocolHandler ["http-apr-8081"]
2016-3-23 15:14:04 org.apache.coyote.AbstractProtocol init
信息: Initializing ProtocolHandler ["ajp-apr-8019"]
2016-3-23 15:14:04 org.apache.catalina.startup.Catalina load
信息: Initialization processed in 753 ms
2016-3-23 15:14:04 org.apache.catalina.core.StandardService startInternal
信息: Starting service Catalina
2016-3-23 15:14:04 org.apache.catalina.core.StandardEngine startInternal
信息: Starting Servlet Engine: Apache Tomcat/7.0.68
2016-3-23 15:14:05 org.apache.catalina.startup.TldConfig execute
信息: At least one JAR was scanned for TLDs yet contained no TLDs. Enable debug logging for this logger for a complete list of JARs that were scanned but no TLDs were found in them. Skipping unneeded JARs during scanning can improve startup time and JSP compilation time.
2016-3-23 15:14:05 org.apache.tomcat.websocket.server.WsSci onStartup
信息: JSR 356 WebSocket (Java WebSocket 1.1) support is not available when running on Java 6. To suppress this message, run Tomcat on Java 7, remove the WebSocket JARs from $CATALINA_HOME/lib or add the WebSocket JARs to the tomcat.util.scan.DefaultJarScanner.jarsToSkip property in $CATALINA_BASE/conf/catalina.properties. Note that the deprecated Tomcat 7 WebSocket API will be available. 
2016-3-23 15:14:07 com.radiadesign.catalina.session.RedisSessionManager startInternal
信息: Attached to RedisSessionHandlerValve
2016-3-23 15:14:07 com.radiadesign.catalina.session.RedisSessionManager initializeSerializer
信息: Attempting to use serializer :com.radiadesign.catalina.session.JavaSerializer
2016-3-23 15:14:07 com.radiadesign.catalina.session.RedisSessionManager startInternal
信息: Will expire sessions after 30 seconds
2016-3-23 15:14:08 org.apache.coyote.AbstractProtocol start
信息: Starting ProtocolHandler ["http-apr-8081"]
2016-3-23 15:14:08 org.apache.coyote.AbstractProtocol start
信息: Starting ProtocolHandler ["ajp-apr-8019"]
2016-3-23 15:14:08 org.apache.catalina.startup.Catalina start
信息: Server startup in 3946 ms
2016-3-23 15:31:20 org.apache.catalina.startup.VersionLoggerListener log
信息: Server version:        Apache Tomcat/7.0.68
2016-3-23 15:31:20 org.apache.catalina.startup.VersionLoggerListener log
信息: Server built:          Feb 8 2016 20:25:54 UTC
2016-3-23 15:31:20 org.apache.catalina.startup.VersionLoggerListener log
信息: Server number:         7.0.68.0
2016-3-23 15:31:20 org.apache.catalina.startup.VersionLoggerListener log
信息: OS Name:               Windows 7
2016-3-23 15:31:20 org.apache.catalina.startup.VersionLoggerListener log
信息: OS Version:            6.1
2016-3-23 15:31:20 org.apache.catalina.startup.VersionLoggerListener log
信息: Architecture:          amd64
2016-3-23 15:31:20 org.apache.catalina.startup.VersionLoggerListener log
信息: Java Home:             C:\Program Files\Java\jdk1.6.0_45\jre
2016-3-23 15:31:20 org.apache.catalina.startup.VersionLoggerListener log
信息: JVM Version:           1.6.0_45-b06
2016-3-23 15:31:20 org.apache.catalina.startup.VersionLoggerListener log
信息: JVM Vendor:            Sun Microsystems Inc.
2016-3-23 15:31:20 org.apache.catalina.startup.VersionLoggerListener log
信息: CATALINA_BASE:         C:\Users\quxiucheng\Desktop\tomcat8081\apache-tomcat-7.0.68
2016-3-23 15:31:20 org.apache.catalina.startup.VersionLoggerListener log
信息: CATALINA_HOME:         C:\Users\quxiucheng\Desktop\tomcat8081\apache-tomcat-7.0.68
2016-3-23 15:31:20 org.apache.catalina.startup.VersionLoggerListener log
信息: Command line argument: -Djava.util.logging.config.file=C:\Users\quxiucheng\Desktop\tomcat8081\apache-tomcat-7.0.68\conf\logging.properties
2016-3-23 15:31:20 org.apache.catalina.startup.VersionLoggerListener log
信息: Command line argument: -Djava.util.logging.manager=org.apache.juli.ClassLoaderLogManager
2016-3-23 15:31:20 org.apache.catalina.startup.VersionLoggerListener log
信息: Command line argument: -Djava.endorsed.dirs=C:\Users\quxiucheng\Desktop\tomcat8081\apache-tomcat-7.0.68\endorsed
2016-3-23 15:31:20 org.apache.catalina.startup.VersionLoggerListener log
信息: Command line argument: -Dcatalina.base=C:\Users\quxiucheng\Desktop\tomcat8081\apache-tomcat-7.0.68
2016-3-23 15:31:20 org.apache.catalina.startup.VersionLoggerListener log
信息: Command line argument: -Dcatalina.home=C:\Users\quxiucheng\Desktop\tomcat8081\apache-tomcat-7.0.68
2016-3-23 15:31:20 org.apache.catalina.startup.VersionLoggerListener log
信息: Command line argument: -Djava.io.tmpdir=C:\Users\quxiucheng\Desktop\tomcat8081\apache-tomcat-7.0.68\temp
2016-3-23 15:31:20 org.apache.catalina.core.AprLifecycleListener lifecycleEvent
信息: Loaded APR based Apache Tomcat Native library 1.1.33 using APR version 1.5.1.
2016-3-23 15:31:20 org.apache.catalina.core.AprLifecycleListener lifecycleEvent
信息: APR capabilities: IPv6 [true], sendfile [true], accept filters [false], random [true].
2016-3-23 15:31:20 org.apache.catalina.core.AprLifecycleListener initializeSSL
信息: OpenSSL successfully initialized (OpenSSL 1.0.1m 19 Mar 2015)
2016-3-23 15:31:20 org.apache.coyote.AbstractProtocol init
信息: Initializing ProtocolHandler ["http-apr-8081"]
2016-3-23 15:31:20 org.apache.coyote.AbstractProtocol init
信息: Initializing ProtocolHandler ["ajp-apr-8019"]
2016-3-23 15:31:20 org.apache.catalina.startup.Catalina load
信息: Initialization processed in 746 ms
2016-3-23 15:31:20 org.apache.catalina.core.StandardService startInternal
信息: Starting service Catalina
2016-3-23 15:31:20 org.apache.catalina.core.StandardEngine startInternal
信息: Starting Servlet Engine: Apache Tomcat/7.0.68
2016-3-23 15:31:22 org.apache.catalina.startup.TldConfig execute
信息: At least one JAR was scanned for TLDs yet contained no TLDs. Enable debug logging for this logger for a complete list of JARs that were scanned but no TLDs were found in them. Skipping unneeded JARs during scanning can improve startup time and JSP compilation time.
2016-3-23 15:31:22 org.apache.tomcat.websocket.server.WsSci onStartup
信息: JSR 356 WebSocket (Java WebSocket 1.1) support is not available when running on Java 6. To suppress this message, run Tomcat on Java 7, remove the WebSocket JARs from $CATALINA_HOME/lib or add the WebSocket JARs to the tomcat.util.scan.DefaultJarScanner.jarsToSkip property in $CATALINA_BASE/conf/catalina.properties. Note that the deprecated Tomcat 7 WebSocket API will be available. 
2016-3-23 15:31:23 com.radiadesign.catalina.session.RedisSessionManager startInternal
信息: Attached to RedisSessionHandlerValve
2016-3-23 15:31:23 com.radiadesign.catalina.session.RedisSessionManager initializeSerializer
信息: Attempting to use serializer :com.radiadesign.catalina.session.JavaSerializer
2016-3-23 15:31:23 com.radiadesign.catalina.session.RedisSessionManager startInternal
信息: Will expire sessions after 30 seconds
2016-3-23 15:31:24 org.apache.coyote.AbstractProtocol start
信息: Starting ProtocolHandler ["http-apr-8081"]
2016-3-23 15:31:24 org.apache.coyote.AbstractProtocol start
信息: Starting ProtocolHandler ["ajp-apr-8019"]
2016-3-23 15:31:24 org.apache.catalina.startup.Catalina start
信息: Server startup in 4157 ms
2016-3-23 15:31:33 org.apache.jasper.compiler.TldLocationsCache tldScanJar
信息: At least one JAR was scanned for TLDs yet contained no TLDs. Enable debug logging for this logger for a complete list of JARs that were scanned but no TLDs were found in them. Skipping unneeded JARs during scanning can improve startup time and JSP compilation time.
2016-3-23 15:37:02 org.apache.catalina.startup.VersionLoggerListener log
信息: Server version:        Apache Tomcat/7.0.68
2016-3-23 15:37:02 org.apache.catalina.startup.VersionLoggerListener log
信息: Server built:          Feb 8 2016 20:25:54 UTC
2016-3-23 15:37:02 org.apache.catalina.startup.VersionLoggerListener log
信息: Server number:         7.0.68.0
2016-3-23 15:37:02 org.apache.catalina.startup.VersionLoggerListener log
信息: OS Name:               Windows 7
2016-3-23 15:37:02 org.apache.catalina.startup.VersionLoggerListener log
信息: OS Version:            6.1
2016-3-23 15:37:02 org.apache.catalina.startup.VersionLoggerListener log
信息: Architecture:          amd64
2016-3-23 15:37:02 org.apache.catalina.startup.VersionLoggerListener log
信息: Java Home:             C:\Program Files\Java\jdk1.6.0_45\jre
2016-3-23 15:37:02 org.apache.catalina.startup.VersionLoggerListener log
信息: JVM Version:           1.6.0_45-b06
2016-3-23 15:37:02 org.apache.catalina.startup.VersionLoggerListener log
信息: JVM Vendor:            Sun Microsystems Inc.
2016-3-23 15:37:02 org.apache.catalina.startup.VersionLoggerListener log
信息: CATALINA_BASE:         C:\Users\quxiucheng\Desktop\tomcat8081\apache-tomcat-7.0.68
2016-3-23 15:37:02 org.apache.catalina.startup.VersionLoggerListener log
信息: CATALINA_HOME:         C:\Users\quxiucheng\Desktop\tomcat8081\apache-tomcat-7.0.68
2016-3-23 15:37:02 org.apache.catalina.startup.VersionLoggerListener log
信息: Command line argument: -Djava.util.logging.config.file=C:\Users\quxiucheng\Desktop\tomcat8081\apache-tomcat-7.0.68\conf\logging.properties
2016-3-23 15:37:02 org.apache.catalina.startup.VersionLoggerListener log
信息: Command line argument: -Djava.util.logging.manager=org.apache.juli.ClassLoaderLogManager
2016-3-23 15:37:02 org.apache.catalina.startup.VersionLoggerListener log
信息: Command line argument: -Djava.endorsed.dirs=C:\Users\quxiucheng\Desktop\tomcat8081\apache-tomcat-7.0.68\endorsed
2016-3-23 15:37:02 org.apache.catalina.startup.VersionLoggerListener log
信息: Command line argument: -Dcatalina.base=C:\Users\quxiucheng\Desktop\tomcat8081\apache-tomcat-7.0.68
2016-3-23 15:37:02 org.apache.catalina.startup.VersionLoggerListener log
信息: Command line argument: -Dcatalina.home=C:\Users\quxiucheng\Desktop\tomcat8081\apache-tomcat-7.0.68
2016-3-23 15:37:02 org.apache.catalina.startup.VersionLoggerListener log
信息: Command line argument: -Djava.io.tmpdir=C:\Users\quxiucheng\Desktop\tomcat8081\apache-tomcat-7.0.68\temp
2016-3-23 15:37:02 org.apache.catalina.core.AprLifecycleListener lifecycleEvent
信息: Loaded APR based Apache Tomcat Native library 1.1.33 using APR version 1.5.1.
2016-3-23 15:37:02 org.apache.catalina.core.AprLifecycleListener lifecycleEvent
信息: APR capabilities: IPv6 [true], sendfile [true], accept filters [false], random [true].
2016-3-23 15:37:03 org.apache.catalina.core.AprLifecycleListener initializeSSL
信息: OpenSSL successfully initialized (OpenSSL 1.0.1m 19 Mar 2015)
2016-3-23 15:37:03 org.apache.coyote.AbstractProtocol init
信息: Initializing ProtocolHandler ["http-apr-8081"]
2016-3-23 15:37:03 org.apache.coyote.AbstractProtocol init
信息: Initializing ProtocolHandler ["ajp-apr-8019"]
2016-3-23 15:37:03 org.apache.catalina.startup.Catalina load
信息: Initialization processed in 754 ms
2016-3-23 15:37:03 org.apache.catalina.core.StandardService startInternal
信息: Starting service Catalina
2016-3-23 15:37:03 org.apache.catalina.core.StandardEngine startInternal
信息: Starting Servlet Engine: Apache Tomcat/7.0.68
2016-3-23 15:37:04 org.apache.catalina.startup.TldConfig execute
信息: At least one JAR was scanned for TLDs yet contained no TLDs. Enable debug logging for this logger for a complete list of JARs that were scanned but no TLDs were found in them. Skipping unneeded JARs during scanning can improve startup time and JSP compilation time.
2016-3-23 15:37:04 org.apache.tomcat.websocket.server.WsSci onStartup
信息: JSR 356 WebSocket (Java WebSocket 1.1) support is not available when running on Java 6. To suppress this message, run Tomcat on Java 7, remove the WebSocket JARs from $CATALINA_HOME/lib or add the WebSocket JARs to the tomcat.util.scan.DefaultJarScanner.jarsToSkip property in $CATALINA_BASE/conf/catalina.properties. Note that the deprecated Tomcat 7 WebSocket API will be available. 
2016-3-23 15:37:06 com.radiadesign.catalina.session.RedisSessionManager startInternal
信息: Attached to RedisSessionHandlerValve
2016-3-23 15:37:06 com.radiadesign.catalina.session.RedisSessionManager initializeSerializer
信息: Attempting to use serializer :com.radiadesign.catalina.session.JavaSerializer
2016-3-23 15:37:06 com.radiadesign.catalina.session.RedisSessionManager startInternal
信息: Will expire sessions after 30 seconds
2016-3-23 15:37:07 org.apache.coyote.AbstractProtocol start
信息: Starting ProtocolHandler ["http-apr-8081"]
2016-3-23 15:37:07 org.apache.coyote.AbstractProtocol start
信息: Starting ProtocolHandler ["ajp-apr-8019"]
2016-3-23 15:37:07 org.apache.catalina.startup.Catalina start
信息: Server startup in 3971 ms
2016-3-23 15:37:24 org.apache.jasper.compiler.TldLocationsCache tldScanJar
信息: At least one JAR was scanned for TLDs yet contained no TLDs. Enable debug logging for this logger for a complete list of JARs that were scanned but no TLDs were found in them. Skipping unneeded JARs during scanning can improve startup time and JSP compilation time.
2016-3-23 15:41:18 org.apache.catalina.startup.VersionLoggerListener log
信息: Server version:        Apache Tomcat/7.0.68
2016-3-23 15:41:18 org.apache.catalina.startup.VersionLoggerListener log
信息: Server built:          Feb 8 2016 20:25:54 UTC
2016-3-23 15:41:18 org.apache.catalina.startup.VersionLoggerListener log
信息: Server number:         7.0.68.0
2016-3-23 15:41:18 org.apache.catalina.startup.VersionLoggerListener log
信息: OS Name:               Windows 7
2016-3-23 15:41:18 org.apache.catalina.startup.VersionLoggerListener log
信息: OS Version:            6.1
2016-3-23 15:41:18 org.apache.catalina.startup.VersionLoggerListener log
信息: Architecture:          amd64
2016-3-23 15:41:18 org.apache.catalina.startup.VersionLoggerListener log
信息: Java Home:             C:\Program Files\Java\jdk1.6.0_45\jre
2016-3-23 15:41:18 org.apache.catalina.startup.VersionLoggerListener log
信息: JVM Version:           1.6.0_45-b06
2016-3-23 15:41:18 org.apache.catalina.startup.VersionLoggerListener log
信息: JVM Vendor:            Sun Microsystems Inc.
2016-3-23 15:41:18 org.apache.catalina.startup.VersionLoggerListener log
信息: CATALINA_BASE:         C:\Users\quxiucheng\Desktop\tomcat8081\apache-tomcat-7.0.68
2016-3-23 15:41:18 org.apache.catalina.startup.VersionLoggerListener log
信息: CATALINA_HOME:         C:\Users\quxiucheng\Desktop\tomcat8081\apache-tomcat-7.0.68
2016-3-23 15:41:18 org.apache.catalina.startup.VersionLoggerListener log
信息: Command line argument: -Djava.util.logging.config.file=C:\Users\quxiucheng\Desktop\tomcat8081\apache-tomcat-7.0.68\conf\logging.properties
2016-3-23 15:41:18 org.apache.catalina.startup.VersionLoggerListener log
信息: Command line argument: -Djava.util.logging.manager=org.apache.juli.ClassLoaderLogManager
2016-3-23 15:41:18 org.apache.catalina.startup.VersionLoggerListener log
信息: Command line argument: -Djava.endorsed.dirs=C:\Users\quxiucheng\Desktop\tomcat8081\apache-tomcat-7.0.68\endorsed
2016-3-23 15:41:18 org.apache.catalina.startup.VersionLoggerListener log
信息: Command line argument: -Dcatalina.base=C:\Users\quxiucheng\Desktop\tomcat8081\apache-tomcat-7.0.68
2016-3-23 15:41:18 org.apache.catalina.startup.VersionLoggerListener log
信息: Command line argument: -Dcatalina.home=C:\Users\quxiucheng\Desktop\tomcat8081\apache-tomcat-7.0.68
2016-3-23 15:41:18 org.apache.catalina.startup.VersionLoggerListener log
信息: Command line argument: -Djava.io.tmpdir=C:\Users\quxiucheng\Desktop\tomcat8081\apache-tomcat-7.0.68\temp
2016-3-23 15:41:18 org.apache.catalina.core.AprLifecycleListener lifecycleEvent
信息: Loaded APR based Apache Tomcat Native library 1.1.33 using APR version 1.5.1.
2016-3-23 15:41:18 org.apache.catalina.core.AprLifecycleListener lifecycleEvent
信息: APR capabilities: IPv6 [true], sendfile [true], accept filters [false], random [true].
2016-3-23 15:41:18 org.apache.catalina.core.AprLifecycleListener initializeSSL
信息: OpenSSL successfully initialized (OpenSSL 1.0.1m 19 Mar 2015)
2016-3-23 15:41:18 org.apache.coyote.AbstractProtocol init
信息: Initializing ProtocolHandler ["http-apr-8081"]
2016-3-23 15:41:18 org.apache.coyote.AbstractProtocol init
信息: Initializing ProtocolHandler ["ajp-apr-8019"]
2016-3-23 15:41:18 org.apache.catalina.startup.Catalina load
信息: Initialization processed in 772 ms
2016-3-23 15:41:18 org.apache.catalina.core.StandardService startInternal
信息: Starting service Catalina
2016-3-23 15:41:18 org.apache.catalina.core.StandardEngine startInternal
信息: Starting Servlet Engine: Apache Tomcat/7.0.68
2016-3-23 15:41:20 org.apache.catalina.startup.TldConfig execute
信息: At least one JAR was scanned for TLDs yet contained no TLDs. Enable debug logging for this logger for a complete list of JARs that were scanned but no TLDs were found in them. Skipping unneeded JARs during scanning can improve startup time and JSP compilation time.
2016-3-23 15:41:20 org.apache.tomcat.websocket.server.WsSci onStartup
信息: JSR 356 WebSocket (Java WebSocket 1.1) support is not available when running on Java 6. To suppress this message, run Tomcat on Java 7, remove the WebSocket JARs from $CATALINA_HOME/lib or add the WebSocket JARs to the tomcat.util.scan.DefaultJarScanner.jarsToSkip property in $CATALINA_BASE/conf/catalina.properties. Note that the deprecated Tomcat 7 WebSocket API will be available. 
2016-3-23 15:41:22 com.radiadesign.catalina.session.RedisSessionManager startInternal
信息: Attached to RedisSessionHandlerValve
2016-3-23 15:41:22 com.radiadesign.catalina.session.RedisSessionManager initializeSerializer
信息: Attempting to use serializer :com.radiadesign.catalina.session.JavaSerializer
2016-3-23 15:41:22 com.radiadesign.catalina.session.RedisSessionManager startInternal
信息: Will expire sessions after 30 seconds
2016-3-23 15:41:22 org.apache.coyote.AbstractProtocol start
信息: Starting ProtocolHandler ["http-apr-8081"]
2016-3-23 15:41:22 org.apache.coyote.AbstractProtocol start
信息: Starting ProtocolHandler ["ajp-apr-8019"]
2016-3-23 15:41:22 org.apache.catalina.startup.Catalina start
信息: Server startup in 3891 ms
2016-3-23 15:54:15 org.apache.catalina.startup.VersionLoggerListener log
信息: Server version:        Apache Tomcat/7.0.68
2016-3-23 15:54:15 org.apache.catalina.startup.VersionLoggerListener log
信息: Server built:          Feb 8 2016 20:25:54 UTC
2016-3-23 15:54:15 org.apache.catalina.startup.VersionLoggerListener log
信息: Server number:         7.0.68.0
2016-3-23 15:54:15 org.apache.catalina.startup.VersionLoggerListener log
信息: OS Name:               Windows 7
2016-3-23 15:54:15 org.apache.catalina.startup.VersionLoggerListener log
信息: OS Version:            6.1
2016-3-23 15:54:15 org.apache.catalina.startup.VersionLoggerListener log
信息: Architecture:          amd64
2016-3-23 15:54:15 org.apache.catalina.startup.VersionLoggerListener log
信息: Java Home:             C:\Program Files\Java\jdk1.6.0_45\jre
2016-3-23 15:54:15 org.apache.catalina.startup.VersionLoggerListener log
信息: JVM Version:           1.6.0_45-b06
2016-3-23 15:54:15 org.apache.catalina.startup.VersionLoggerListener log
信息: JVM Vendor:            Sun Microsystems Inc.
2016-3-23 15:54:15 org.apache.catalina.startup.VersionLoggerListener log
信息: CATALINA_BASE:         C:\Users\quxiucheng\Desktop\tomcat8081\apache-tomcat-7.0.68
2016-3-23 15:54:15 org.apache.catalina.startup.VersionLoggerListener log
信息: CATALINA_HOME:         C:\Users\quxiucheng\Desktop\tomcat8081\apache-tomcat-7.0.68
2016-3-23 15:54:15 org.apache.catalina.startup.VersionLoggerListener log
信息: Command line argument: -Djava.util.logging.config.file=C:\Users\quxiucheng\Desktop\tomcat8081\apache-tomcat-7.0.68\conf\logging.properties
2016-3-23 15:54:15 org.apache.catalina.startup.VersionLoggerListener log
信息: Command line argument: -Djava.util.logging.manager=org.apache.juli.ClassLoaderLogManager
2016-3-23 15:54:15 org.apache.catalina.startup.VersionLoggerListener log
信息: Command line argument: -Djava.endorsed.dirs=C:\Users\quxiucheng\Desktop\tomcat8081\apache-tomcat-7.0.68\endorsed
2016-3-23 15:54:15 org.apache.catalina.startup.VersionLoggerListener log
信息: Command line argument: -Dcatalina.base=C:\Users\quxiucheng\Desktop\tomcat8081\apache-tomcat-7.0.68
2016-3-23 15:54:15 org.apache.catalina.startup.VersionLoggerListener log
信息: Command line argument: -Dcatalina.home=C:\Users\quxiucheng\Desktop\tomcat8081\apache-tomcat-7.0.68
2016-3-23 15:54:15 org.apache.catalina.startup.VersionLoggerListener log
信息: Command line argument: -Djava.io.tmpdir=C:\Users\quxiucheng\Desktop\tomcat8081\apache-tomcat-7.0.68\temp
2016-3-23 15:54:15 org.apache.catalina.core.AprLifecycleListener lifecycleEvent
信息: Loaded APR based Apache Tomcat Native library 1.1.33 using APR version 1.5.1.
2016-3-23 15:54:15 org.apache.catalina.core.AprLifecycleListener lifecycleEvent
信息: APR capabilities: IPv6 [true], sendfile [true], accept filters [false], random [true].
2016-3-23 15:54:15 org.apache.catalina.core.AprLifecycleListener initializeSSL
信息: OpenSSL successfully initialized (OpenSSL 1.0.1m 19 Mar 2015)
2016-3-23 15:54:15 org.apache.coyote.AbstractProtocol init
信息: Initializing ProtocolHandler ["http-apr-8081"]
2016-3-23 15:54:15 org.apache.coyote.AbstractProtocol init
信息: Initializing ProtocolHandler ["ajp-apr-8019"]
2016-3-23 15:54:15 org.apache.catalina.startup.Catalina load
信息: Initialization processed in 755 ms
2016-3-23 15:54:15 org.apache.catalina.core.StandardService startInternal
信息: Starting service Catalina
2016-3-23 15:54:15 org.apache.catalina.core.StandardEngine startInternal
信息: Starting Servlet Engine: Apache Tomcat/7.0.68
2016-3-23 15:54:17 org.apache.catalina.startup.TldConfig execute
信息: At least one JAR was scanned for TLDs yet contained no TLDs. Enable debug logging for this logger for a complete list of JARs that were scanned but no TLDs were found in them. Skipping unneeded JARs during scanning can improve startup time and JSP compilation time.
2016-3-23 15:54:17 org.apache.tomcat.websocket.server.WsSci onStartup
信息: JSR 356 WebSocket (Java WebSocket 1.1) support is not available when running on Java 6. To suppress this message, run Tomcat on Java 7, remove the WebSocket JARs from $CATALINA_HOME/lib or add the WebSocket JARs to the tomcat.util.scan.DefaultJarScanner.jarsToSkip property in $CATALINA_BASE/conf/catalina.properties. Note that the deprecated Tomcat 7 WebSocket API will be available. 
2016-3-23 15:54:19 com.radiadesign.catalina.session.RedisSessionManager startInternal
信息: Attached to RedisSessionHandlerValve
2016-3-23 15:54:19 com.radiadesign.catalina.session.RedisSessionManager initializeSerializer
信息: Attempting to use serializer :com.radiadesign.catalina.session.JavaSerializer
2016-3-23 15:54:19 com.radiadesign.catalina.session.RedisSessionManager startInternal
信息: Will expire sessions after 30 seconds
2016-3-23 15:54:19 org.apache.coyote.AbstractProtocol start
信息: Starting ProtocolHandler ["http-apr-8081"]
2016-3-23 15:54:19 org.apache.coyote.AbstractProtocol start
信息: Starting ProtocolHandler ["ajp-apr-8019"]
2016-3-23 15:54:19 org.apache.catalina.startup.Catalina start
信息: Server startup in 3905 ms
2016-3-23 15:56:28 org.apache.catalina.startup.VersionLoggerListener log
信息: Server version:        Apache Tomcat/7.0.68
2016-3-23 15:56:28 org.apache.catalina.startup.VersionLoggerListener log
信息: Server built:          Feb 8 2016 20:25:54 UTC
2016-3-23 15:56:28 org.apache.catalina.startup.VersionLoggerListener log
信息: Server number:         7.0.68.0
2016-3-23 15:56:28 org.apache.catalina.startup.VersionLoggerListener log
信息: OS Name:               Windows 7
2016-3-23 15:56:28 org.apache.catalina.startup.VersionLoggerListener log
信息: OS Version:            6.1
2016-3-23 15:56:28 org.apache.catalina.startup.VersionLoggerListener log
信息: Architecture:          amd64
2016-3-23 15:56:28 org.apache.catalina.startup.VersionLoggerListener log
信息: Java Home:             C:\Program Files\Java\jdk1.6.0_45\jre
2016-3-23 15:56:28 org.apache.catalina.startup.VersionLoggerListener log
信息: JVM Version:           1.6.0_45-b06
2016-3-23 15:56:28 org.apache.catalina.startup.VersionLoggerListener log
信息: JVM Vendor:            Sun Microsystems Inc.
2016-3-23 15:56:28 org.apache.catalina.startup.VersionLoggerListener log
信息: CATALINA_BASE:         C:\Users\quxiucheng\Desktop\tomcat8081\apache-tomcat-7.0.68
2016-3-23 15:56:28 org.apache.catalina.startup.VersionLoggerListener log
信息: CATALINA_HOME:         C:\Users\quxiucheng\Desktop\tomcat8081\apache-tomcat-7.0.68
2016-3-23 15:56:28 org.apache.catalina.startup.VersionLoggerListener log
信息: Command line argument: -Djava.util.logging.config.file=C:\Users\quxiucheng\Desktop\tomcat8081\apache-tomcat-7.0.68\conf\logging.properties
2016-3-23 15:56:28 org.apache.catalina.startup.VersionLoggerListener log
信息: Command line argument: -Djava.util.logging.manager=org.apache.juli.ClassLoaderLogManager
2016-3-23 15:56:28 org.apache.catalina.startup.VersionLoggerListener log
信息: Command line argument: -Djava.endorsed.dirs=C:\Users\quxiucheng\Desktop\tomcat8081\apache-tomcat-7.0.68\endorsed
2016-3-23 15:56:28 org.apache.catalina.startup.VersionLoggerListener log
信息: Command line argument: -Dcatalina.base=C:\Users\quxiucheng\Desktop\tomcat8081\apache-tomcat-7.0.68
2016-3-23 15:56:28 org.apache.catalina.startup.VersionLoggerListener log
信息: Command line argument: -Dcatalina.home=C:\Users\quxiucheng\Desktop\tomcat8081\apache-tomcat-7.0.68
2016-3-23 15:56:28 org.apache.catalina.startup.VersionLoggerListener log
信息: Command line argument: -Djava.io.tmpdir=C:\Users\quxiucheng\Desktop\tomcat8081\apache-tomcat-7.0.68\temp
2016-3-23 15:56:28 org.apache.catalina.core.AprLifecycleListener lifecycleEvent
信息: Loaded APR based Apache Tomcat Native library 1.1.33 using APR version 1.5.1.
2016-3-23 15:56:28 org.apache.catalina.core.AprLifecycleListener lifecycleEvent
信息: APR capabilities: IPv6 [true], sendfile [true], accept filters [false], random [true].
2016-3-23 15:56:28 org.apache.catalina.core.AprLifecycleListener initializeSSL
信息: OpenSSL successfully initialized (OpenSSL 1.0.1m 19 Mar 2015)
2016-3-23 15:56:28 org.apache.coyote.AbstractProtocol init
信息: Initializing ProtocolHandler ["http-apr-8081"]
2016-3-23 15:56:28 org.apache.coyote.AbstractProtocol init
信息: Initializing ProtocolHandler ["ajp-apr-8019"]
2016-3-23 15:56:28 org.apache.catalina.startup.Catalina load
信息: Initialization processed in 778 ms
2016-3-23 15:56:28 org.apache.catalina.core.StandardService startInternal
信息: Starting service Catalina
2016-3-23 15:56:28 org.apache.catalina.core.StandardEngine startInternal
信息: Starting Servlet Engine: Apache Tomcat/7.0.68
2016-3-23 15:56:30 org.apache.catalina.startup.TldConfig execute
信息: At least one JAR was scanned for TLDs yet contained no TLDs. Enable debug logging for this logger for a complete list of JARs that were scanned but no TLDs were found in them. Skipping unneeded JARs during scanning can improve startup time and JSP compilation time.
2016-3-23 15:56:30 org.apache.tomcat.websocket.server.WsSci onStartup
信息: JSR 356 WebSocket (Java WebSocket 1.1) support is not available when running on Java 6. To suppress this message, run Tomcat on Java 7, remove the WebSocket JARs from $CATALINA_HOME/lib or add the WebSocket JARs to the tomcat.util.scan.DefaultJarScanner.jarsToSkip property in $CATALINA_BASE/conf/catalina.properties. Note that the deprecated Tomcat 7 WebSocket API will be available. 
2016-3-23 15:56:33 com.radiadesign.catalina.session.RedisSessionManager startInternal
信息: Attached to RedisSessionHandlerValve
2016-3-23 15:56:33 com.radiadesign.catalina.session.RedisSessionManager initializeSerializer
信息: Attempting to use serializer :com.radiadesign.catalina.session.JavaSerializer
2016-3-23 15:56:33 com.radiadesign.catalina.session.RedisSessionManager startInternal
信息: Will expire sessions after 30 seconds
2016-3-23 15:56:33 org.apache.coyote.AbstractProtocol start
信息: Starting ProtocolHandler ["http-apr-8081"]
2016-3-23 15:56:33 org.apache.coyote.AbstractProtocol start
信息: Starting ProtocolHandler ["ajp-apr-8019"]
2016-3-23 15:56:33 org.apache.catalina.startup.Catalina start
信息: Server startup in 5211 ms
2016-3-23 15:56:45 org.apache.jasper.compiler.TldLocationsCache tldScanJar
信息: At least one JAR was scanned for TLDs yet contained no TLDs. Enable debug logging for this logger for a complete list of JARs that were scanned but no TLDs were found in them. Skipping unneeded JARs during scanning can improve startup time and JSP compilation time.
2016-3-23 16:15:39 org.apache.catalina.startup.VersionLoggerListener log
信息: Server version:        Apache Tomcat/7.0.68
2016-3-23 16:15:39 org.apache.catalina.startup.VersionLoggerListener log
信息: Server built:          Feb 8 2016 20:25:54 UTC
2016-3-23 16:15:39 org.apache.catalina.startup.VersionLoggerListener log
信息: Server number:         7.0.68.0
2016-3-23 16:15:39 org.apache.catalina.startup.VersionLoggerListener log
信息: OS Name:               Windows 7
2016-3-23 16:15:39 org.apache.catalina.startup.VersionLoggerListener log
信息: OS Version:            6.1
2016-3-23 16:15:39 org.apache.catalina.startup.VersionLoggerListener log
信息: Architecture:          amd64
2016-3-23 16:15:39 org.apache.catalina.startup.VersionLoggerListener log
信息: Java Home:             C:\Program Files\Java\jdk1.6.0_45\jre
2016-3-23 16:15:39 org.apache.catalina.startup.VersionLoggerListener log
信息: JVM Version:           1.6.0_45-b06
2016-3-23 16:15:39 org.apache.catalina.startup.VersionLoggerListener log
信息: JVM Vendor:            Sun Microsystems Inc.
2016-3-23 16:15:39 org.apache.catalina.startup.VersionLoggerListener log
信息: CATALINA_BASE:         C:\Users\quxiucheng\Desktop\tomcat8081\apache-tomcat-7.0.68
2016-3-23 16:15:39 org.apache.catalina.startup.VersionLoggerListener log
信息: CATALINA_HOME:         C:\Users\quxiucheng\Desktop\tomcat8081\apache-tomcat-7.0.68
2016-3-23 16:15:39 org.apache.catalina.startup.VersionLoggerListener log
信息: Command line argument: -Djava.util.logging.config.file=C:\Users\quxiucheng\Desktop\tomcat8081\apache-tomcat-7.0.68\conf\logging.properties
2016-3-23 16:15:39 org.apache.catalina.startup.VersionLoggerListener log
信息: Command line argument: -Djava.util.logging.manager=org.apache.juli.ClassLoaderLogManager
2016-3-23 16:15:39 org.apache.catalina.startup.VersionLoggerListener log
信息: Command line argument: -Djava.endorsed.dirs=C:\Users\quxiucheng\Desktop\tomcat8081\apache-tomcat-7.0.68\endorsed
2016-3-23 16:15:39 org.apache.catalina.startup.VersionLoggerListener log
信息: Command line argument: -Dcatalina.base=C:\Users\quxiucheng\Desktop\tomcat8081\apache-tomcat-7.0.68
2016-3-23 16:15:40 org.apache.catalina.startup.VersionLoggerListener log
信息: Command line argument: -Dcatalina.home=C:\Users\quxiucheng\Desktop\tomcat8081\apache-tomcat-7.0.68
2016-3-23 16:15:40 org.apache.catalina.startup.VersionLoggerListener log
信息: Command line argument: -Djava.io.tmpdir=C:\Users\quxiucheng\Desktop\tomcat8081\apache-tomcat-7.0.68\temp
2016-3-23 16:15:40 org.apache.catalina.core.AprLifecycleListener lifecycleEvent
信息: Loaded APR based Apache Tomcat Native library 1.1.33 using APR version 1.5.1.
2016-3-23 16:15:40 org.apache.catalina.core.AprLifecycleListener lifecycleEvent
信息: APR capabilities: IPv6 [true], sendfile [true], accept filters [false], random [true].
2016-3-23 16:15:40 org.apache.catalina.core.AprLifecycleListener initializeSSL
信息: OpenSSL successfully initialized (OpenSSL 1.0.1m 19 Mar 2015)
2016-3-23 16:15:40 org.apache.coyote.AbstractProtocol init
信息: Initializing ProtocolHandler ["http-apr-8081"]
2016-3-23 16:15:40 org.apache.coyote.AbstractProtocol init
信息: Initializing ProtocolHandler ["ajp-apr-8019"]
2016-3-23 16:15:40 org.apache.catalina.startup.Catalina load
信息: Initialization processed in 805 ms
2016-3-23 16:15:40 org.apache.catalina.core.StandardService startInternal
信息: Starting service Catalina
2016-3-23 16:15:40 org.apache.catalina.core.StandardEngine startInternal
信息: Starting Servlet Engine: Apache Tomcat/7.0.68
2016-3-23 16:15:42 org.apache.catalina.startup.TldConfig execute
信息: At least one JAR was scanned for TLDs yet contained no TLDs. Enable debug logging for this logger for a complete list of JARs that were scanned but no TLDs were found in them. Skipping unneeded JARs during scanning can improve startup time and JSP compilation time.
2016-3-23 16:15:42 org.apache.tomcat.websocket.server.WsSci onStartup
信息: JSR 356 WebSocket (Java WebSocket 1.1) support is not available when running on Java 6. To suppress this message, run Tomcat on Java 7, remove the WebSocket JARs from $CATALINA_HOME/lib or add the WebSocket JARs to the tomcat.util.scan.DefaultJarScanner.jarsToSkip property in $CATALINA_BASE/conf/catalina.properties. Note that the deprecated Tomcat 7 WebSocket API will be available. 
2016-3-23 16:15:44 com.radiadesign.catalina.session.RedisSessionManager startInternal
信息: Attached to RedisSessionHandlerValve
2016-3-23 16:15:44 com.radiadesign.catalina.session.RedisSessionManager initializeSerializer
信息: Attempting to use serializer :com.radiadesign.catalina.session.JavaSerializer
2016-3-23 16:15:44 com.radiadesign.catalina.session.RedisSessionManager startInternal
信息: Will expire sessions after 30 seconds
2016-3-23 16:15:45 org.apache.coyote.AbstractProtocol start
信息: Starting ProtocolHandler ["http-apr-8081"]
2016-3-23 16:15:45 org.apache.coyote.AbstractProtocol start
信息: Starting ProtocolHandler ["ajp-apr-8019"]
2016-3-23 16:15:45 org.apache.catalina.startup.Catalina start
信息: Server startup in 4831 ms
2016-3-23 16:23:47 org.apache.catalina.startup.VersionLoggerListener log
信息: Server version:        Apache Tomcat/7.0.68
2016-3-23 16:23:47 org.apache.catalina.startup.VersionLoggerListener log
信息: Server built:          Feb 8 2016 20:25:54 UTC
2016-3-23 16:23:47 org.apache.catalina.startup.VersionLoggerListener log
信息: Server number:         7.0.68.0
2016-3-23 16:23:47 org.apache.catalina.startup.VersionLoggerListener log
信息: OS Name:               Windows 7
2016-3-23 16:23:47 org.apache.catalina.startup.VersionLoggerListener log
信息: OS Version:            6.1
2016-3-23 16:23:47 org.apache.catalina.startup.VersionLoggerListener log
信息: Architecture:          amd64
2016-3-23 16:23:47 org.apache.catalina.startup.VersionLoggerListener log
信息: Java Home:             C:\Program Files\Java\jdk1.6.0_45\jre
2016-3-23 16:23:47 org.apache.catalina.startup.VersionLoggerListener log
信息: JVM Version:           1.6.0_45-b06
2016-3-23 16:23:47 org.apache.catalina.startup.VersionLoggerListener log
信息: JVM Vendor:            Sun Microsystems Inc.
2016-3-23 16:23:47 org.apache.catalina.startup.VersionLoggerListener log
信息: CATALINA_BASE:         C:\Users\quxiucheng\Desktop\tomcat8081\apache-tomcat-7.0.68
2016-3-23 16:23:47 org.apache.catalina.startup.VersionLoggerListener log
信息: CATALINA_HOME:         C:\Users\quxiucheng\Desktop\tomcat8081\apache-tomcat-7.0.68
2016-3-23 16:23:47 org.apache.catalina.startup.VersionLoggerListener log
信息: Command line argument: -Djava.util.logging.config.file=C:\Users\quxiucheng\Desktop\tomcat8081\apache-tomcat-7.0.68\conf\logging.properties
2016-3-23 16:23:47 org.apache.catalina.startup.VersionLoggerListener log
信息: Command line argument: -Djava.util.logging.manager=org.apache.juli.ClassLoaderLogManager
2016-3-23 16:23:47 org.apache.catalina.startup.VersionLoggerListener log
信息: Command line argument: -Djava.endorsed.dirs=C:\Users\quxiucheng\Desktop\tomcat8081\apache-tomcat-7.0.68\endorsed
2016-3-23 16:23:47 org.apache.catalina.startup.VersionLoggerListener log
信息: Command line argument: -Dcatalina.base=C:\Users\quxiucheng\Desktop\tomcat8081\apache-tomcat-7.0.68
2016-3-23 16:23:47 org.apache.catalina.startup.VersionLoggerListener log
信息: Command line argument: -Dcatalina.home=C:\Users\quxiucheng\Desktop\tomcat8081\apache-tomcat-7.0.68
2016-3-23 16:23:47 org.apache.catalina.startup.VersionLoggerListener log
信息: Command line argument: -Djava.io.tmpdir=C:\Users\quxiucheng\Desktop\tomcat8081\apache-tomcat-7.0.68\temp
2016-3-23 16:23:47 org.apache.catalina.core.AprLifecycleListener lifecycleEvent
信息: Loaded APR based Apache Tomcat Native library 1.1.33 using APR version 1.5.1.
2016-3-23 16:23:48 org.apache.catalina.core.AprLifecycleListener lifecycleEvent
信息: APR capabilities: IPv6 [true], sendfile [true], accept filters [false], random [true].
2016-3-23 16:23:48 org.apache.catalina.core.AprLifecycleListener initializeSSL
信息: OpenSSL successfully initialized (OpenSSL 1.0.1m 19 Mar 2015)
2016-3-23 16:23:48 org.apache.coyote.AbstractProtocol init
信息: Initializing ProtocolHandler ["http-apr-8081"]
2016-3-23 16:23:48 org.apache.coyote.AbstractProtocol init
信息: Initializing ProtocolHandler ["ajp-apr-8019"]
2016-3-23 16:23:48 org.apache.catalina.startup.Catalina load
信息: Initialization processed in 775 ms
2016-3-23 16:23:48 org.apache.catalina.core.StandardService startInternal
信息: Starting service Catalina
2016-3-23 16:23:48 org.apache.catalina.core.StandardEngine startInternal
信息: Starting Servlet Engine: Apache Tomcat/7.0.68
2016-3-23 16:23:50 org.apache.catalina.startup.TldConfig execute
信息: At least one JAR was scanned for TLDs yet contained no TLDs. Enable debug logging for this logger for a complete list of JARs that were scanned but no TLDs were found in them. Skipping unneeded JARs during scanning can improve startup time and JSP compilation time.
2016-3-23 16:23:50 org.apache.tomcat.websocket.server.WsSci onStartup
信息: JSR 356 WebSocket (Java WebSocket 1.1) support is not available when running on Java 6. To suppress this message, run Tomcat on Java 7, remove the WebSocket JARs from $CATALINA_HOME/lib or add the WebSocket JARs to the tomcat.util.scan.DefaultJarScanner.jarsToSkip property in $CATALINA_BASE/conf/catalina.properties. Note that the deprecated Tomcat 7 WebSocket API will be available. 
2016-3-23 16:23:52 com.radiadesign.catalina.session.RedisSessionManager startInternal
信息: Attached to RedisSessionHandlerValve
2016-3-23 16:23:52 com.radiadesign.catalina.session.RedisSessionManager initializeSerializer
信息: Attempting to use serializer :com.radiadesign.catalina.session.JavaSerializer
2016-3-23 16:23:52 com.radiadesign.catalina.session.RedisSessionManager startInternal
信息: Will expire sessions after 30 seconds
2016-3-23 16:23:53 org.apache.coyote.AbstractProtocol start
信息: Starting ProtocolHandler ["http-apr-8081"]
2016-3-23 16:23:53 org.apache.coyote.AbstractProtocol start
信息: Starting ProtocolHandler ["ajp-apr-8019"]
2016-3-23 16:23:53 org.apache.catalina.startup.Catalina start
信息: Server startup in 4837 ms
2016-3-23 16:24:28 org.apache.jasper.compiler.TldLocationsCache tldScanJar
信息: At least one JAR was scanned for TLDs yet contained no TLDs. Enable debug logging for this logger for a complete list of JARs that were scanned but no TLDs were found in them. Skipping unneeded JARs during scanning can improve startup time and JSP compilation time.
2016-3-23 16:33:19 org.apache.catalina.startup.VersionLoggerListener log
信息: Server version:        Apache Tomcat/7.0.68
2016-3-23 16:33:19 org.apache.catalina.startup.VersionLoggerListener log
信息: Server built:          Feb 8 2016 20:25:54 UTC
2016-3-23 16:33:19 org.apache.catalina.startup.VersionLoggerListener log
信息: Server number:         7.0.68.0
2016-3-23 16:33:19 org.apache.catalina.startup.VersionLoggerListener log
信息: OS Name:               Windows 7
2016-3-23 16:33:19 org.apache.catalina.startup.VersionLoggerListener log
信息: OS Version:            6.1
2016-3-23 16:33:19 org.apache.catalina.startup.VersionLoggerListener log
信息: Architecture:          amd64
2016-3-23 16:33:19 org.apache.catalina.startup.VersionLoggerListener log
信息: Java Home:             C:\Program Files\Java\jdk1.6.0_45\jre
2016-3-23 16:33:19 org.apache.catalina.startup.VersionLoggerListener log
信息: JVM Version:           1.6.0_45-b06
2016-3-23 16:33:19 org.apache.catalina.startup.VersionLoggerListener log
信息: JVM Vendor:            Sun Microsystems Inc.
2016-3-23 16:33:19 org.apache.catalina.startup.VersionLoggerListener log
信息: CATALINA_BASE:         C:\Users\quxiucheng\Desktop\tomcat8081\apache-tomcat-7.0.68
2016-3-23 16:33:19 org.apache.catalina.startup.VersionLoggerListener log
信息: CATALINA_HOME:         C:\Users\quxiucheng\Desktop\tomcat8081\apache-tomcat-7.0.68
2016-3-23 16:33:19 org.apache.catalina.startup.VersionLoggerListener log
信息: Command line argument: -Djava.util.logging.config.file=C:\Users\quxiucheng\Desktop\tomcat8081\apache-tomcat-7.0.68\conf\logging.properties
2016-3-23 16:33:19 org.apache.catalina.startup.VersionLoggerListener log
信息: Command line argument: -Djava.util.logging.manager=org.apache.juli.ClassLoaderLogManager
2016-3-23 16:33:19 org.apache.catalina.startup.VersionLoggerListener log
信息: Command line argument: -Djava.endorsed.dirs=C:\Users\quxiucheng\Desktop\tomcat8081\apache-tomcat-7.0.68\endorsed
2016-3-23 16:33:19 org.apache.catalina.startup.VersionLoggerListener log
信息: Command line argument: -Dcatalina.base=C:\Users\quxiucheng\Desktop\tomcat8081\apache-tomcat-7.0.68
2016-3-23 16:33:19 org.apache.catalina.startup.VersionLoggerListener log
信息: Command line argument: -Dcatalina.home=C:\Users\quxiucheng\Desktop\tomcat8081\apache-tomcat-7.0.68
2016-3-23 16:33:19 org.apache.catalina.startup.VersionLoggerListener log
信息: Command line argument: -Djava.io.tmpdir=C:\Users\quxiucheng\Desktop\tomcat8081\apache-tomcat-7.0.68\temp
2016-3-23 16:33:19 org.apache.catalina.core.AprLifecycleListener lifecycleEvent
信息: Loaded APR based Apache Tomcat Native library 1.1.33 using APR version 1.5.1.
2016-3-23 16:33:19 org.apache.catalina.core.AprLifecycleListener lifecycleEvent
信息: APR capabilities: IPv6 [true], sendfile [true], accept filters [false], random [true].
2016-3-23 16:33:20 org.apache.catalina.core.AprLifecycleListener initializeSSL
信息: OpenSSL successfully initialized (OpenSSL 1.0.1m 19 Mar 2015)
2016-3-23 16:33:20 org.apache.coyote.AbstractProtocol init
信息: Initializing ProtocolHandler ["http-apr-8081"]
2016-3-23 16:33:20 org.apache.coyote.AbstractProtocol init
信息: Initializing ProtocolHandler ["ajp-apr-8019"]
2016-3-23 16:33:20 org.apache.catalina.startup.Catalina load
信息: Initialization processed in 875 ms
2016-3-23 16:33:20 org.apache.catalina.core.StandardService startInternal
信息: Starting service Catalina
2016-3-23 16:33:20 org.apache.catalina.core.StandardEngine startInternal
信息: Starting Servlet Engine: Apache Tomcat/7.0.68
2016-3-23 16:33:24 org.apache.catalina.startup.TaglibUriRule body
信息: TLD skipped. URI: http://java.sun.com/jstl/core_rt is already defined
2016-3-23 16:33:24 org.apache.catalina.startup.TaglibUriRule body
信息: TLD skipped. URI: http://java.sun.com/jstl/core is already defined
2016-3-23 16:33:24 org.apache.catalina.startup.TaglibUriRule body
信息: TLD skipped. URI: http://java.sun.com/jsp/jstl/core is already defined
2016-3-23 16:33:24 org.apache.catalina.startup.TaglibUriRule body
信息: TLD skipped. URI: http://java.sun.com/jstl/fmt_rt is already defined
2016-3-23 16:33:24 org.apache.catalina.startup.TaglibUriRule body
信息: TLD skipped. URI: http://java.sun.com/jstl/fmt is already defined
2016-3-23 16:33:24 org.apache.catalina.startup.TaglibUriRule body
信息: TLD skipped. URI: http://java.sun.com/jsp/jstl/fmt is already defined
2016-3-23 16:33:24 org.apache.catalina.startup.TaglibUriRule body
信息: TLD skipped. URI: http://java.sun.com/jsp/jstl/functions is already defined
2016-3-23 16:33:24 org.apache.catalina.startup.TaglibUriRule body
信息: TLD skipped. URI: http://jakarta.apache.org/taglibs/standard/permittedTaglibs is already defined
2016-3-23 16:33:24 org.apache.catalina.startup.TaglibUriRule body
信息: TLD skipped. URI: http://jakarta.apache.org/taglibs/standard/scriptfree is already defined
2016-3-23 16:33:24 org.apache.catalina.startup.TaglibUriRule body
信息: TLD skipped. URI: http://java.sun.com/jstl/sql_rt is already defined
2016-3-23 16:33:24 org.apache.catalina.startup.TaglibUriRule body
信息: TLD skipped. URI: http://java.sun.com/jstl/sql is already defined
2016-3-23 16:33:24 org.apache.catalina.startup.TaglibUriRule body
信息: TLD skipped. URI: http://java.sun.com/jsp/jstl/sql is already defined
2016-3-23 16:33:24 org.apache.catalina.startup.TaglibUriRule body
信息: TLD skipped. URI: http://java.sun.com/jstl/xml_rt is already defined
2016-3-23 16:33:24 org.apache.catalina.startup.TaglibUriRule body
信息: TLD skipped. URI: http://java.sun.com/jstl/xml is already defined
2016-3-23 16:33:24 org.apache.catalina.startup.TaglibUriRule body
信息: TLD skipped. URI: http://java.sun.com/jsp/jstl/xml is already defined
2016-3-23 16:33:24 org.apache.catalina.startup.TaglibUriRule body
信息: TLD skipped. URI: http://java.sun.com/jstl/core_rt is already defined
2016-3-23 16:33:24 org.apache.catalina.startup.TaglibUriRule body
信息: TLD skipped. URI: http://java.sun.com/jstl/core is already defined
2016-3-23 16:33:24 org.apache.catalina.startup.TaglibUriRule body
信息: TLD skipped. URI: http://java.sun.com/jsp/jstl/core is already defined
2016-3-23 16:33:24 org.apache.catalina.startup.TaglibUriRule body
信息: TLD skipped. URI: http://java.sun.com/jstl/fmt_rt is already defined
2016-3-23 16:33:24 org.apache.catalina.startup.TaglibUriRule body
信息: TLD skipped. URI: http://java.sun.com/jstl/fmt is already defined
2016-3-23 16:33:24 org.apache.catalina.startup.TaglibUriRule body
信息: TLD skipped. URI: http://java.sun.com/jsp/jstl/fmt is already defined
2016-3-23 16:33:24 org.apache.catalina.startup.TaglibUriRule body
信息: TLD skipped. URI: http://java.sun.com/jsp/jstl/functions is already defined
2016-3-23 16:33:24 org.apache.catalina.startup.TaglibUriRule body
信息: TLD skipped. URI: http://jakarta.apache.org/taglibs/standard/permittedTaglibs is already defined
2016-3-23 16:33:24 org.apache.catalina.startup.TaglibUriRule body
信息: TLD skipped. URI: http://jakarta.apache.org/taglibs/standard/scriptfree is already defined
2016-3-23 16:33:24 org.apache.catalina.startup.TaglibUriRule body
信息: TLD skipped. URI: http://java.sun.com/jstl/sql_rt is already defined
2016-3-23 16:33:24 org.apache.catalina.startup.TaglibUriRule body
信息: TLD skipped. URI: http://java.sun.com/jstl/sql is already defined
2016-3-23 16:33:24 org.apache.catalina.startup.TaglibUriRule body
信息: TLD skipped. URI: http://java.sun.com/jsp/jstl/sql is already defined
2016-3-23 16:33:24 org.apache.catalina.startup.TaglibUriRule body
信息: TLD skipped. URI: http://java.sun.com/jstl/xml_rt is already defined
2016-3-23 16:33:24 org.apache.catalina.startup.TaglibUriRule body
信息: TLD skipped. URI: http://java.sun.com/jstl/xml is already defined
2016-3-23 16:33:24 org.apache.catalina.startup.TaglibUriRule body
信息: TLD skipped. URI: http://java.sun.com/jsp/jstl/xml is already defined
2016-3-23 16:33:24 org.apache.catalina.startup.TldConfig execute
信息: At least one JAR was scanned for TLDs yet contained no TLDs. Enable debug logging for this logger for a complete list of JARs that were scanned but no TLDs were found in them. Skipping unneeded JARs during scanning can improve startup time and JSP compilation time.
2016-3-23 16:33:24 org.apache.tomcat.websocket.server.WsSci onStartup
信息: JSR 356 WebSocket (Java WebSocket 1.1) support is not available when running on Java 6. To suppress this message, run Tomcat on Java 7, remove the WebSocket JARs from $CATALINA_HOME/lib or add the WebSocket JARs to the tomcat.util.scan.DefaultJarScanner.jarsToSkip property in $CATALINA_BASE/conf/catalina.properties. Note that the deprecated Tomcat 7 WebSocket API will be available. 
2016-3-23 16:33:31 com.radiadesign.catalina.session.RedisSessionManager startInternal
信息: Attached to RedisSessionHandlerValve
2016-3-23 16:33:31 com.radiadesign.catalina.session.RedisSessionManager initializeSerializer
信息: Attempting to use serializer :com.radiadesign.catalina.session.JavaSerializer
2016-3-23 16:33:31 com.radiadesign.catalina.session.RedisSessionManager startInternal
信息: Will expire sessions after 30 seconds
2016-3-23 16:33:41 org.apache.coyote.AbstractProtocol start
信息: Starting ProtocolHandler ["http-apr-8081"]
2016-3-23 16:33:41 org.apache.coyote.AbstractProtocol start
信息: Starting ProtocolHandler ["ajp-apr-8019"]
2016-3-23 16:33:41 org.apache.catalina.startup.Catalina start
信息: Server startup in 20766 ms
2016-3-23 16:34:22 org.apache.jasper.compiler.TldLocationsCache tldScanJar
信息: At least one JAR was scanned for TLDs yet contained no TLDs. Enable debug logging for this logger for a complete list of JARs that were scanned but no TLDs were found in them. Skipping unneeded JARs during scanning can improve startup time and JSP compilation time.
