2016-3-22 14:25:03 org.apache.catalina.startup.VersionLoggerListener log
信息: Server version:        Apache Tomcat/7.0.68
2016-3-22 14:25:03 org.apache.catalina.startup.VersionLoggerListener log
信息: Server built:          Feb 8 2016 20:25:54 UTC
2016-3-22 14:25:03 org.apache.catalina.startup.VersionLoggerListener log
信息: Server number:         7.0.68.0
2016-3-22 14:25:03 org.apache.catalina.startup.VersionLoggerListener log
信息: OS Name:               Windows 7
2016-3-22 14:25:03 org.apache.catalina.startup.VersionLoggerListener log
信息: OS Version:            6.1
2016-3-22 14:25:03 org.apache.catalina.startup.VersionLoggerListener log
信息: Architecture:          amd64
2016-3-22 14:25:03 org.apache.catalina.startup.VersionLoggerListener log
信息: Java Home:             C:\Program Files\Java\jdk1.6.0_45\jre
2016-3-22 14:25:03 org.apache.catalina.startup.VersionLoggerListener log
信息: JVM Version:           1.6.0_45-b06
2016-3-22 14:25:03 org.apache.catalina.startup.VersionLoggerListener log
信息: JVM Vendor:            Sun Microsystems Inc.
2016-3-22 14:25:03 org.apache.catalina.startup.VersionLoggerListener log
信息: CATALINA_BASE:         C:\Users\quxiucheng\Desktop\tomcat8081\apache-tomcat-7.0.68
2016-3-22 14:25:03 org.apache.catalina.startup.VersionLoggerListener log
信息: CATALINA_HOME:         C:\Users\quxiucheng\Desktop\tomcat8081\apache-tomcat-7.0.68
2016-3-22 14:25:03 org.apache.catalina.startup.VersionLoggerListener log
信息: Command line argument: -Djava.util.logging.config.file=C:\Users\quxiucheng\Desktop\tomcat8081\apache-tomcat-7.0.68\conf\logging.properties
2016-3-22 14:25:03 org.apache.catalina.startup.VersionLoggerListener log
信息: Command line argument: -Djava.util.logging.manager=org.apache.juli.ClassLoaderLogManager
2016-3-22 14:25:03 org.apache.catalina.startup.VersionLoggerListener log
信息: Command line argument: -Djava.endorsed.dirs=C:\Users\quxiucheng\Desktop\tomcat8081\apache-tomcat-7.0.68\endorsed
2016-3-22 14:25:03 org.apache.catalina.startup.VersionLoggerListener log
信息: Command line argument: -Dcatalina.base=C:\Users\quxiucheng\Desktop\tomcat8081\apache-tomcat-7.0.68
2016-3-22 14:25:03 org.apache.catalina.startup.VersionLoggerListener log
信息: Command line argument: -Dcatalina.home=C:\Users\quxiucheng\Desktop\tomcat8081\apache-tomcat-7.0.68
2016-3-22 14:25:03 org.apache.catalina.startup.VersionLoggerListener log
信息: Command line argument: -Djava.io.tmpdir=C:\Users\quxiucheng\Desktop\tomcat8081\apache-tomcat-7.0.68\temp
2016-3-22 14:25:03 org.apache.catalina.core.AprLifecycleListener lifecycleEvent
信息: Loaded APR based Apache Tomcat Native library 1.1.33 using APR version 1.5.1.
2016-3-22 14:25:03 org.apache.catalina.core.AprLifecycleListener lifecycleEvent
信息: APR capabilities: IPv6 [true], sendfile [true], accept filters [false], random [true].
2016-3-22 14:25:04 org.apache.catalina.core.AprLifecycleListener initializeSSL
信息: OpenSSL successfully initialized (OpenSSL 1.0.1m 19 Mar 2015)
2016-3-22 14:25:04 org.apache.coyote.AbstractProtocol init
信息: Initializing ProtocolHandler ["http-apr-8081"]
2016-3-22 14:25:04 org.apache.coyote.AbstractProtocol init
信息: Initializing ProtocolHandler ["ajp-apr-8019"]
2016-3-22 14:25:04 org.apache.catalina.startup.Catalina load
信息: Initialization processed in 1284 ms
2016-3-22 14:25:04 org.apache.catalina.core.StandardService startInternal
信息: Starting service Catalina
2016-3-22 14:25:04 org.apache.catalina.core.StandardEngine startInternal
信息: Starting Servlet Engine: Apache Tomcat/7.0.68
2016-3-22 14:25:06 org.apache.catalina.startup.TldConfig execute
信息: At least one JAR was scanned for TLDs yet contained no TLDs. Enable debug logging for this logger for a complete list of JARs that were scanned but no TLDs were found in them. Skipping unneeded JARs during scanning can improve startup time and JSP compilation time.
2016-3-22 14:25:06 org.apache.tomcat.websocket.server.WsSci onStartup
信息: JSR 356 WebSocket (Java WebSocket 1.1) support is not available when running on Java 6. To suppress this message, run Tomcat on Java 7, remove the WebSocket JARs from $CATALINA_HOME/lib or add the WebSocket JARs to the tomcat.util.scan.DefaultJarScanner.jarsToSkip property in $CATALINA_BASE/conf/catalina.properties. Note that the deprecated Tomcat 7 WebSocket API will be available. 
2016-3-22 14:25:06 org.springframework.web.context.ContextLoader initWebApplicationContext
信息: Root WebApplicationContext: initialization started
2016-3-22 14:25:06 org.springframework.context.support.AbstractApplicationContext prepareRefresh
信息: Refreshing Root WebApplicationContext: startup date [Tue Mar 22 14:25:06 CST 2016]; root of context hierarchy
2016-3-22 14:25:06 org.springframework.beans.factory.xml.XmlBeanDefinitionReader loadBeanDefinitions
信息: Loading XML bean definitions from file [C:\Users\quxiucheng\Desktop\012work\WEB-INF\classes\spring\spring-context-cluster.xml]
2016-3-22 14:25:06 org.springframework.beans.factory.xml.XmlBeanDefinitionReader loadBeanDefinitions
信息: Loading XML bean definitions from file [C:\Users\quxiucheng\Desktop\012work\WEB-INF\classes\spring\spring-context-db.xml]
2016-3-22 14:25:06 org.springframework.beans.factory.xml.XmlBeanDefinitionReader loadBeanDefinitions
信息: Loading XML bean definitions from file [C:\Users\quxiucheng\Desktop\012work\WEB-INF\classes\spring\spring-context-db.xml]
2016-3-22 14:25:06 org.springframework.beans.factory.support.DefaultListableBeanFactory registerBeanDefinition
信息: Overriding bean definition for bean 'dataSource': replacing [Generic bean: class [com.alibaba.druid.pool.DruidDataSource]; scope=; abstract=false; lazyInit=false; autowireMode=0; dependencyCheck=0; autowireCandidate=true; primary=false; factoryBeanName=null; factoryMethodName=null; initMethodName=init; destroyMethodName=close; defined in file [C:\Users\quxiucheng\Desktop\012work\WEB-INF\classes\spring\spring-context-db.xml]] with [Generic bean: class [com.alibaba.druid.pool.DruidDataSource]; scope=; abstract=false; lazyInit=false; autowireMode=0; dependencyCheck=0; autowireCandidate=true; primary=false; factoryBeanName=null; factoryMethodName=null; initMethodName=init; destroyMethodName=close; defined in file [C:\Users\quxiucheng\Desktop\012work\WEB-INF\classes\spring\spring-context-db.xml]]
2016-3-22 14:25:06 org.springframework.beans.factory.support.DefaultListableBeanFactory registerBeanDefinition
信息: Overriding bean definition for bean 'transactionManager': replacing [Generic bean: class [org.springframework.jdbc.datasource.DataSourceTransactionManager]; scope=; abstract=false; lazyInit=false; autowireMode=0; dependencyCheck=0; autowireCandidate=true; primary=false; factoryBeanName=null; factoryMethodName=null; initMethodName=null; destroyMethodName=null; defined in file [C:\Users\quxiucheng\Desktop\012work\WEB-INF\classes\spring\spring-context-db.xml]] with [Generic bean: class [org.springframework.jdbc.datasource.DataSourceTransactionManager]; scope=; abstract=false; lazyInit=false; autowireMode=0; dependencyCheck=0; autowireCandidate=true; primary=false; factoryBeanName=null; factoryMethodName=null; initMethodName=null; destroyMethodName=null; defined in file [C:\Users\quxiucheng\Desktop\012work\WEB-INF\classes\spring\spring-context-db.xml]]
2016-3-22 14:25:06 org.springframework.beans.factory.support.DefaultListableBeanFactory registerBeanDefinition
信息: Overriding bean definition for bean 'jdbcTemplate': replacing [Generic bean: class [org.springframework.jdbc.core.JdbcTemplate]; scope=; abstract=false; lazyInit=false; autowireMode=0; dependencyCheck=0; autowireCandidate=true; primary=false; factoryBeanName=null; factoryMethodName=null; initMethodName=null; destroyMethodName=null; defined in file [C:\Users\quxiucheng\Desktop\012work\WEB-INF\classes\spring\spring-context-db.xml]] with [Generic bean: class [org.springframework.jdbc.core.JdbcTemplate]; scope=; abstract=false; lazyInit=false; autowireMode=0; dependencyCheck=0; autowireCandidate=true; primary=false; factoryBeanName=null; factoryMethodName=null; initMethodName=null; destroyMethodName=null; defined in file [C:\Users\quxiucheng\Desktop\012work\WEB-INF\classes\spring\spring-context-db.xml]]
2016-3-22 14:25:06 org.springframework.beans.factory.xml.XmlBeanDefinitionReader loadBeanDefinitions
信息: Loading XML bean definitions from file [C:\Users\quxiucheng\Desktop\012work\WEB-INF\classes\spring\spring-context-quartz.xml]
2016-3-22 14:25:06 org.springframework.beans.factory.support.DefaultListableBeanFactory registerBeanDefinition
信息: Overriding bean definition for bean 'taskDetail': replacing [Generic bean: class [org.springframework.scheduling.quartz.JobDetailBean]; scope=; abstract=false; lazyInit=true; autowireMode=0; dependencyCheck=0; autowireCandidate=true; primary=false; factoryBeanName=null; factoryMethodName=null; initMethodName=null; destroyMethodName=null; defined in file [C:\Users\quxiucheng\Desktop\012work\WEB-INF\classes\spring\spring-context-cluster.xml]] with [Generic bean: class [org.springframework.scheduling.quartz.MethodInvokingJobDetailFactoryBean]; scope=; abstract=false; lazyInit=true; autowireMode=0; dependencyCheck=0; autowireCandidate=true; primary=false; factoryBeanName=null; factoryMethodName=null; initMethodName=null; destroyMethodName=null; defined in file [C:\Users\quxiucheng\Desktop\012work\WEB-INF\classes\spring\spring-context-quartz.xml]]
2016-3-22 14:25:06 org.springframework.beans.factory.support.DefaultListableBeanFactory registerBeanDefinition
信息: Overriding bean definition for bean 'taskTrigger': replacing [Generic bean: class [org.springframework.scheduling.quartz.CronTriggerBean]; scope=; abstract=false; lazyInit=true; autowireMode=0; dependencyCheck=0; autowireCandidate=true; primary=false; factoryBeanName=null; factoryMethodName=null; initMethodName=null; destroyMethodName=null; defined in file [C:\Users\quxiucheng\Desktop\012work\WEB-INF\classes\spring\spring-context-cluster.xml]] with [Generic bean: class [org.springframework.scheduling.quartz.CronTriggerBean]; scope=; abstract=false; lazyInit=true; autowireMode=0; dependencyCheck=0; autowireCandidate=true; primary=false; factoryBeanName=null; factoryMethodName=null; initMethodName=null; destroyMethodName=null; defined in file [C:\Users\quxiucheng\Desktop\012work\WEB-INF\classes\spring\spring-context-quartz.xml]]
2016-3-22 14:25:07 org.springframework.beans.factory.support.DefaultListableBeanFactory preInstantiateSingletons
信息: Pre-instantiating singletons in org.springframework.beans.factory.support.DefaultListableBeanFactory@48f3d27: defining beans [org.springframework.context.annotation.internalConfigurationAnnotationProcessor,org.springframework.context.annotation.internalAutowiredAnnotationProcessor,org.springframework.context.annotation.internalRequiredAnnotationProcessor,org.springframework.context.annotation.internalCommonAnnotationProcessor,dataSource,transactionManager,org.springframework.aop.config.internalAutoProxyCreator,org.springframework.transaction.annotation.AnnotationTransactionAttributeSource#0,org.springframework.transaction.interceptor.TransactionInterceptor#0,org.springframework.transaction.config.internalTransactionAdvisor,jdbcTemplate,clusterService,taskDetail,taskTrigger,doSchedulerCluster,quartzTaskService,doScheduler,org.springframework.context.annotation.ConfigurationClassPostProcessor.importAwareProcessor]; root of factory hierarchy
2016-3-22 14:25:07 com.alibaba.druid.support.logging.JakartaCommonsLoggingImpl info
信息: {dataSource-1} inited
2016-3-22 14:25:07 org.springframework.scheduling.quartz.SchedulerFactoryBean initSchedulerFactory
信息: Loading Quartz config from [class path resource [properties/quartz.properties]]
2016-3-22 14:25:07 org.springframework.context.support.DefaultLifecycleProcessor$LifecycleGroup start
信息: Starting beans in phase 2147483647
2016-3-22 14:25:07 org.springframework.scheduling.quartz.SchedulerFactoryBean startScheduler
信息: Starting Quartz Scheduler now
2016-3-22 14:25:07 org.springframework.scheduling.quartz.SchedulerFactoryBean startScheduler
信息: Starting Quartz Scheduler now
2016-3-22 14:25:07 org.springframework.web.context.ContextLoader initWebApplicationContext
信息: Root WebApplicationContext: initialization completed in 1659 ms
2016-3-22 14:25:07 com.radiadesign.catalina.session.RedisSessionManager startInternal
信息: Attached to RedisSessionHandlerValve
2016-3-22 14:25:07 com.radiadesign.catalina.session.RedisSessionManager initializeSerializer
信息: Attempting to use serializer :com.radiadesign.catalina.session.JavaSerializer
2016-3-22 14:25:07 com.radiadesign.catalina.session.RedisSessionManager startInternal
信息: Will expire sessions after 30 seconds
2016-3-22 14:25:07 org.apache.coyote.AbstractProtocol start
信息: Starting ProtocolHandler ["http-apr-8081"]
2016-3-22 14:25:07 org.apache.coyote.AbstractProtocol start
信息: Starting ProtocolHandler ["ajp-apr-8019"]
2016-3-22 14:25:07 org.apache.catalina.startup.Catalina start
信息: Server startup in 3669 ms
2016-3-22 14:29:49 org.apache.catalina.startup.VersionLoggerListener log
信息: Server version:        Apache Tomcat/7.0.68
2016-3-22 14:29:49 org.apache.catalina.startup.VersionLoggerListener log
信息: Server built:          Feb 8 2016 20:25:54 UTC
2016-3-22 14:29:49 org.apache.catalina.startup.VersionLoggerListener log
信息: Server number:         7.0.68.0
2016-3-22 14:29:49 org.apache.catalina.startup.VersionLoggerListener log
信息: OS Name:               Windows 7
2016-3-22 14:29:49 org.apache.catalina.startup.VersionLoggerListener log
信息: OS Version:            6.1
2016-3-22 14:29:49 org.apache.catalina.startup.VersionLoggerListener log
信息: Architecture:          amd64
2016-3-22 14:29:49 org.apache.catalina.startup.VersionLoggerListener log
信息: Java Home:             C:\Program Files\Java\jdk1.6.0_45\jre
2016-3-22 14:29:49 org.apache.catalina.startup.VersionLoggerListener log
信息: JVM Version:           1.6.0_45-b06
2016-3-22 14:29:49 org.apache.catalina.startup.VersionLoggerListener log
信息: JVM Vendor:            Sun Microsystems Inc.
2016-3-22 14:29:49 org.apache.catalina.startup.VersionLoggerListener log
信息: CATALINA_BASE:         C:\Users\quxiucheng\Desktop\tomcat8081\apache-tomcat-7.0.68
2016-3-22 14:29:49 org.apache.catalina.startup.VersionLoggerListener log
信息: CATALINA_HOME:         C:\Users\quxiucheng\Desktop\tomcat8081\apache-tomcat-7.0.68
2016-3-22 14:29:49 org.apache.catalina.startup.VersionLoggerListener log
信息: Command line argument: -Djava.util.logging.config.file=C:\Users\quxiucheng\Desktop\tomcat8081\apache-tomcat-7.0.68\conf\logging.properties
2016-3-22 14:29:49 org.apache.catalina.startup.VersionLoggerListener log
信息: Command line argument: -Djava.util.logging.manager=org.apache.juli.ClassLoaderLogManager
2016-3-22 14:29:49 org.apache.catalina.startup.VersionLoggerListener log
信息: Command line argument: -Djava.endorsed.dirs=C:\Users\quxiucheng\Desktop\tomcat8081\apache-tomcat-7.0.68\endorsed
2016-3-22 14:29:49 org.apache.catalina.startup.VersionLoggerListener log
信息: Command line argument: -Dcatalina.base=C:\Users\quxiucheng\Desktop\tomcat8081\apache-tomcat-7.0.68
2016-3-22 14:29:49 org.apache.catalina.startup.VersionLoggerListener log
信息: Command line argument: -Dcatalina.home=C:\Users\quxiucheng\Desktop\tomcat8081\apache-tomcat-7.0.68
2016-3-22 14:29:49 org.apache.catalina.startup.VersionLoggerListener log
信息: Command line argument: -Djava.io.tmpdir=C:\Users\quxiucheng\Desktop\tomcat8081\apache-tomcat-7.0.68\temp
2016-3-22 14:29:49 org.apache.catalina.core.AprLifecycleListener lifecycleEvent
信息: Loaded APR based Apache Tomcat Native library 1.1.33 using APR version 1.5.1.
2016-3-22 14:29:49 org.apache.catalina.core.AprLifecycleListener lifecycleEvent
信息: APR capabilities: IPv6 [true], sendfile [true], accept filters [false], random [true].
2016-3-22 14:29:49 org.apache.catalina.core.AprLifecycleListener initializeSSL
信息: OpenSSL successfully initialized (OpenSSL 1.0.1m 19 Mar 2015)
2016-3-22 14:29:49 org.apache.coyote.AbstractProtocol init
信息: Initializing ProtocolHandler ["http-apr-8081"]
2016-3-22 14:29:49 org.apache.coyote.AbstractProtocol init
信息: Initializing ProtocolHandler ["ajp-apr-8019"]
2016-3-22 14:29:49 org.apache.catalina.startup.Catalina load
信息: Initialization processed in 794 ms
2016-3-22 14:29:49 org.apache.catalina.core.StandardService startInternal
信息: Starting service Catalina
2016-3-22 14:29:49 org.apache.catalina.core.StandardEngine startInternal
信息: Starting Servlet Engine: Apache Tomcat/7.0.68
2016-3-22 14:29:51 org.apache.catalina.startup.TldConfig execute
信息: At least one JAR was scanned for TLDs yet contained no TLDs. Enable debug logging for this logger for a complete list of JARs that were scanned but no TLDs were found in them. Skipping unneeded JARs during scanning can improve startup time and JSP compilation time.
2016-3-22 14:29:51 org.apache.tomcat.websocket.server.WsSci onStartup
信息: JSR 356 WebSocket (Java WebSocket 1.1) support is not available when running on Java 6. To suppress this message, run Tomcat on Java 7, remove the WebSocket JARs from $CATALINA_HOME/lib or add the WebSocket JARs to the tomcat.util.scan.DefaultJarScanner.jarsToSkip property in $CATALINA_BASE/conf/catalina.properties. Note that the deprecated Tomcat 7 WebSocket API will be available. 
2016-3-22 14:29:51 org.springframework.web.context.ContextLoader initWebApplicationContext
信息: Root WebApplicationContext: initialization started
2016-3-22 14:29:51 org.springframework.context.support.AbstractApplicationContext prepareRefresh
信息: Refreshing Root WebApplicationContext: startup date [Tue Mar 22 14:29:51 CST 2016]; root of context hierarchy
2016-3-22 14:29:51 org.springframework.beans.factory.xml.XmlBeanDefinitionReader loadBeanDefinitions
信息: Loading XML bean definitions from file [C:\Users\quxiucheng\Desktop\012work\WEB-INF\classes\spring\spring-context-cluster.xml]
2016-3-22 14:29:51 org.springframework.beans.factory.xml.XmlBeanDefinitionReader loadBeanDefinitions
信息: Loading XML bean definitions from file [C:\Users\quxiucheng\Desktop\012work\WEB-INF\classes\spring\spring-context-db.xml]
2016-3-22 14:29:51 org.springframework.beans.factory.xml.XmlBeanDefinitionReader loadBeanDefinitions
信息: Loading XML bean definitions from file [C:\Users\quxiucheng\Desktop\012work\WEB-INF\classes\spring\spring-context-db.xml]
2016-3-22 14:29:51 org.springframework.beans.factory.support.DefaultListableBeanFactory registerBeanDefinition
信息: Overriding bean definition for bean 'dataSource': replacing [Generic bean: class [com.alibaba.druid.pool.DruidDataSource]; scope=; abstract=false; lazyInit=false; autowireMode=0; dependencyCheck=0; autowireCandidate=true; primary=false; factoryBeanName=null; factoryMethodName=null; initMethodName=init; destroyMethodName=close; defined in file [C:\Users\quxiucheng\Desktop\012work\WEB-INF\classes\spring\spring-context-db.xml]] with [Generic bean: class [com.alibaba.druid.pool.DruidDataSource]; scope=; abstract=false; lazyInit=false; autowireMode=0; dependencyCheck=0; autowireCandidate=true; primary=false; factoryBeanName=null; factoryMethodName=null; initMethodName=init; destroyMethodName=close; defined in file [C:\Users\quxiucheng\Desktop\012work\WEB-INF\classes\spring\spring-context-db.xml]]
2016-3-22 14:29:51 org.springframework.beans.factory.support.DefaultListableBeanFactory registerBeanDefinition
信息: Overriding bean definition for bean 'transactionManager': replacing [Generic bean: class [org.springframework.jdbc.datasource.DataSourceTransactionManager]; scope=; abstract=false; lazyInit=false; autowireMode=0; dependencyCheck=0; autowireCandidate=true; primary=false; factoryBeanName=null; factoryMethodName=null; initMethodName=null; destroyMethodName=null; defined in file [C:\Users\quxiucheng\Desktop\012work\WEB-INF\classes\spring\spring-context-db.xml]] with [Generic bean: class [org.springframework.jdbc.datasource.DataSourceTransactionManager]; scope=; abstract=false; lazyInit=false; autowireMode=0; dependencyCheck=0; autowireCandidate=true; primary=false; factoryBeanName=null; factoryMethodName=null; initMethodName=null; destroyMethodName=null; defined in file [C:\Users\quxiucheng\Desktop\012work\WEB-INF\classes\spring\spring-context-db.xml]]
2016-3-22 14:29:51 org.springframework.beans.factory.support.DefaultListableBeanFactory registerBeanDefinition
信息: Overriding bean definition for bean 'jdbcTemplate': replacing [Generic bean: class [org.springframework.jdbc.core.JdbcTemplate]; scope=; abstract=false; lazyInit=false; autowireMode=0; dependencyCheck=0; autowireCandidate=true; primary=false; factoryBeanName=null; factoryMethodName=null; initMethodName=null; destroyMethodName=null; defined in file [C:\Users\quxiucheng\Desktop\012work\WEB-INF\classes\spring\spring-context-db.xml]] with [Generic bean: class [org.springframework.jdbc.core.JdbcTemplate]; scope=; abstract=false; lazyInit=false; autowireMode=0; dependencyCheck=0; autowireCandidate=true; primary=false; factoryBeanName=null; factoryMethodName=null; initMethodName=null; destroyMethodName=null; defined in file [C:\Users\quxiucheng\Desktop\012work\WEB-INF\classes\spring\spring-context-db.xml]]
2016-3-22 14:29:51 org.springframework.beans.factory.xml.XmlBeanDefinitionReader loadBeanDefinitions
信息: Loading XML bean definitions from file [C:\Users\quxiucheng\Desktop\012work\WEB-INF\classes\spring\spring-context-quartz.xml]
2016-3-22 14:29:51 org.springframework.beans.factory.support.DefaultListableBeanFactory registerBeanDefinition
信息: Overriding bean definition for bean 'taskDetail': replacing [Generic bean: class [org.springframework.scheduling.quartz.JobDetailBean]; scope=; abstract=false; lazyInit=true; autowireMode=0; dependencyCheck=0; autowireCandidate=true; primary=false; factoryBeanName=null; factoryMethodName=null; initMethodName=null; destroyMethodName=null; defined in file [C:\Users\quxiucheng\Desktop\012work\WEB-INF\classes\spring\spring-context-cluster.xml]] with [Generic bean: class [org.springframework.scheduling.quartz.MethodInvokingJobDetailFactoryBean]; scope=; abstract=false; lazyInit=true; autowireMode=0; dependencyCheck=0; autowireCandidate=true; primary=false; factoryBeanName=null; factoryMethodName=null; initMethodName=null; destroyMethodName=null; defined in file [C:\Users\quxiucheng\Desktop\012work\WEB-INF\classes\spring\spring-context-quartz.xml]]
2016-3-22 14:29:51 org.springframework.beans.factory.support.DefaultListableBeanFactory registerBeanDefinition
信息: Overriding bean definition for bean 'taskTrigger': replacing [Generic bean: class [org.springframework.scheduling.quartz.CronTriggerBean]; scope=; abstract=false; lazyInit=true; autowireMode=0; dependencyCheck=0; autowireCandidate=true; primary=false; factoryBeanName=null; factoryMethodName=null; initMethodName=null; destroyMethodName=null; defined in file [C:\Users\quxiucheng\Desktop\012work\WEB-INF\classes\spring\spring-context-cluster.xml]] with [Generic bean: class [org.springframework.scheduling.quartz.CronTriggerBean]; scope=; abstract=false; lazyInit=true; autowireMode=0; dependencyCheck=0; autowireCandidate=true; primary=false; factoryBeanName=null; factoryMethodName=null; initMethodName=null; destroyMethodName=null; defined in file [C:\Users\quxiucheng\Desktop\012work\WEB-INF\classes\spring\spring-context-quartz.xml]]
2016-3-22 14:29:51 org.springframework.beans.factory.support.DefaultListableBeanFactory preInstantiateSingletons
信息: Pre-instantiating singletons in org.springframework.beans.factory.support.DefaultListableBeanFactory@58651e95: defining beans [org.springframework.context.annotation.internalConfigurationAnnotationProcessor,org.springframework.context.annotation.internalAutowiredAnnotationProcessor,org.springframework.context.annotation.internalRequiredAnnotationProcessor,org.springframework.context.annotation.internalCommonAnnotationProcessor,dataSource,transactionManager,org.springframework.aop.config.internalAutoProxyCreator,org.springframework.transaction.annotation.AnnotationTransactionAttributeSource#0,org.springframework.transaction.interceptor.TransactionInterceptor#0,org.springframework.transaction.config.internalTransactionAdvisor,jdbcTemplate,clusterService,taskDetail,taskTrigger,doSchedulerCluster,quartzTaskService,doScheduler,org.springframework.context.annotation.ConfigurationClassPostProcessor.importAwareProcessor]; root of factory hierarchy
2016-3-22 14:29:51 com.alibaba.druid.support.logging.JakartaCommonsLoggingImpl info
信息: {dataSource-1} inited
2016-3-22 14:29:52 org.springframework.scheduling.quartz.SchedulerFactoryBean initSchedulerFactory
信息: Loading Quartz config from [class path resource [properties/quartz.properties]]
2016-3-22 14:29:52 org.springframework.context.support.DefaultLifecycleProcessor$LifecycleGroup start
信息: Starting beans in phase 2147483647
2016-3-22 14:29:52 org.springframework.scheduling.quartz.SchedulerFactoryBean startScheduler
信息: Starting Quartz Scheduler now
2016-3-22 14:29:52 org.springframework.scheduling.quartz.SchedulerFactoryBean startScheduler
信息: Starting Quartz Scheduler now
2016-3-22 14:29:52 org.springframework.web.context.ContextLoader initWebApplicationContext
信息: Root WebApplicationContext: initialization completed in 1095 ms
2016-3-22 14:29:52 com.radiadesign.catalina.session.RedisSessionManager startInternal
信息: Attached to RedisSessionHandlerValve
2016-3-22 14:29:52 com.radiadesign.catalina.session.RedisSessionManager initializeSerializer
信息: Attempting to use serializer :com.radiadesign.catalina.session.JavaSerializer
2016-3-22 14:29:52 com.radiadesign.catalina.session.RedisSessionManager startInternal
信息: Will expire sessions after 30 seconds
2016-3-22 14:29:52 org.apache.coyote.AbstractProtocol start
信息: Starting ProtocolHandler ["http-apr-8081"]
2016-3-22 14:29:52 org.apache.coyote.AbstractProtocol start
信息: Starting ProtocolHandler ["ajp-apr-8019"]
2016-3-22 14:29:52 org.apache.catalina.startup.Catalina start
信息: Server startup in 2446 ms
