2016-3-22 14:24:30 org.apache.catalina.startup.VersionLoggerListener log
信息: Server version:        Apache Tomcat/7.0.68
2016-3-22 14:24:30 org.apache.catalina.startup.VersionLoggerListener log
信息: Server built:          Feb 8 2016 20:25:54 UTC
2016-3-22 14:24:30 org.apache.catalina.startup.VersionLoggerListener log
信息: Server number:         7.0.68.0
2016-3-22 14:24:30 org.apache.catalina.startup.VersionLoggerListener log
信息: OS Name:               Windows 7
2016-3-22 14:24:30 org.apache.catalina.startup.VersionLoggerListener log
信息: OS Version:            6.1
2016-3-22 14:24:30 org.apache.catalina.startup.VersionLoggerListener log
信息: Architecture:          amd64
2016-3-22 14:24:30 org.apache.catalina.startup.VersionLoggerListener log
信息: Java Home:             C:\Program Files\Java\jdk1.6.0_45\jre
2016-3-22 14:24:30 org.apache.catalina.startup.VersionLoggerListener log
信息: Server version:        Apache Tomcat/7.0.68
2016-3-22 14:24:30 org.apache.catalina.startup.VersionLoggerListener log
信息: JVM Version:           1.6.0_45-b06
2016-3-22 14:24:30 org.apache.catalina.startup.VersionLoggerListener log
信息: JVM Vendor:            Sun Microsystems Inc.
2016-3-22 14:24:30 org.apache.catalina.startup.VersionLoggerListener log
信息: Server built:          Feb 8 2016 20:25:54 UTC
2016-3-22 14:24:30 org.apache.catalina.startup.VersionLoggerListener log
信息: CATALINA_BASE:         C:\Users\quxiucheng\Desktop\tomcat8080\apache-tomcat-7.0.68
2016-3-22 14:24:30 org.apache.catalina.startup.VersionLoggerListener log
信息: Server number:         7.0.68.0
2016-3-22 14:24:30 org.apache.catalina.startup.VersionLoggerListener log
信息: CATALINA_HOME:         C:\Users\quxiucheng\Desktop\tomcat8080\apache-tomcat-7.0.68
2016-3-22 14:24:30 org.apache.catalina.startup.VersionLoggerListener log
信息: OS Name:               Windows 7
2016-3-22 14:24:30 org.apache.catalina.startup.VersionLoggerListener log
信息: OS Version:            6.1
2016-3-22 14:24:30 org.apache.catalina.startup.VersionLoggerListener log
信息: Architecture:          amd64
2016-3-22 14:24:30 org.apache.catalina.startup.VersionLoggerListener log
信息: Command line argument: -Djava.util.logging.config.file=C:\Users\quxiucheng\Desktop\tomcat8080\apache-tomcat-7.0.68\conf\logging.properties
2016-3-22 14:24:30 org.apache.catalina.startup.VersionLoggerListener log
信息: Java Home:             C:\Program Files\Java\jdk1.6.0_45\jre
2016-3-22 14:24:30 org.apache.catalina.startup.VersionLoggerListener log
信息: Command line argument: -Djava.util.logging.manager=org.apache.juli.ClassLoaderLogManager
2016-3-22 14:24:30 org.apache.catalina.startup.VersionLoggerListener log
信息: JVM Version:           1.6.0_45-b06
2016-3-22 14:24:30 org.apache.catalina.startup.VersionLoggerListener log
信息: Command line argument: -Djava.endorsed.dirs=C:\Users\quxiucheng\Desktop\tomcat8080\apache-tomcat-7.0.68\endorsed
2016-3-22 14:24:30 org.apache.catalina.startup.VersionLoggerListener log
信息: JVM Vendor:            Sun Microsystems Inc.
2016-3-22 14:24:30 org.apache.catalina.startup.VersionLoggerListener log
信息: Command line argument: -Dcatalina.base=C:\Users\quxiucheng\Desktop\tomcat8080\apache-tomcat-7.0.68
2016-3-22 14:24:30 org.apache.catalina.startup.VersionLoggerListener log
信息: CATALINA_BASE:         C:\Users\quxiucheng\Desktop\tomcat8080\apache-tomcat-7.0.68
2016-3-22 14:24:30 org.apache.catalina.startup.VersionLoggerListener log
信息: CATALINA_HOME:         C:\Users\quxiucheng\Desktop\tomcat8080\apache-tomcat-7.0.68
2016-3-22 14:24:30 org.apache.catalina.startup.VersionLoggerListener log
信息: Command line argument: -Dcatalina.home=C:\Users\quxiucheng\Desktop\tomcat8080\apache-tomcat-7.0.68
2016-3-22 14:24:30 org.apache.catalina.startup.VersionLoggerListener log
信息: Command line argument: -Djava.util.logging.config.file=C:\Users\quxiucheng\Desktop\tomcat8080\apache-tomcat-7.0.68\conf\logging.properties
2016-3-22 14:24:30 org.apache.catalina.startup.VersionLoggerListener log
信息: Command line argument: -Djava.io.tmpdir=C:\Users\quxiucheng\Desktop\tomcat8080\apache-tomcat-7.0.68\temp
2016-3-22 14:24:30 org.apache.catalina.startup.VersionLoggerListener log
信息: Command line argument: -Djava.util.logging.manager=org.apache.juli.ClassLoaderLogManager
2016-3-22 14:24:30 org.apache.catalina.core.AprLifecycleListener lifecycleEvent
信息: Loaded APR based Apache Tomcat Native library 1.1.33 using APR version 1.5.1.
2016-3-22 14:24:30 org.apache.catalina.startup.VersionLoggerListener log
信息: Command line argument: -Djava.endorsed.dirs=C:\Users\quxiucheng\Desktop\tomcat8080\apache-tomcat-7.0.68\endorsed
2016-3-22 14:24:30 org.apache.catalina.core.AprLifecycleListener lifecycleEvent
信息: APR capabilities: IPv6 [true], sendfile [true], accept filters [false], random [true].
2016-3-22 14:24:30 org.apache.catalina.startup.VersionLoggerListener log
信息: Command line argument: -Dcatalina.base=C:\Users\quxiucheng\Desktop\tomcat8080\apache-tomcat-7.0.68
2016-3-22 14:24:30 org.apache.catalina.startup.VersionLoggerListener log
信息: Command line argument: -Dcatalina.home=C:\Users\quxiucheng\Desktop\tomcat8080\apache-tomcat-7.0.68
2016-3-22 14:24:30 org.apache.catalina.startup.VersionLoggerListener log
信息: Command line argument: -Djava.io.tmpdir=C:\Users\quxiucheng\Desktop\tomcat8080\apache-tomcat-7.0.68\temp
2016-3-22 14:24:30 org.apache.catalina.core.AprLifecycleListener lifecycleEvent
信息: Loaded APR based Apache Tomcat Native library 1.1.33 using APR version 1.5.1.
2016-3-22 14:24:30 org.apache.catalina.core.AprLifecycleListener lifecycleEvent
信息: APR capabilities: IPv6 [true], sendfile [true], accept filters [false], random [true].
2016-3-22 14:24:31 org.apache.catalina.core.AprLifecycleListener initializeSSL
信息: OpenSSL successfully initialized (OpenSSL 1.0.1m 19 Mar 2015)
2016-3-22 14:24:31 org.apache.catalina.core.AprLifecycleListener initializeSSL
信息: OpenSSL successfully initialized (OpenSSL 1.0.1m 19 Mar 2015)
2016-3-22 14:24:31 org.apache.coyote.AbstractProtocol init
信息: Initializing ProtocolHandler ["http-apr-8080"]
2016-3-22 14:24:31 org.apache.coyote.AbstractProtocol init
信息: Initializing ProtocolHandler ["ajp-apr-8009"]
2016-3-22 14:24:31 org.apache.coyote.AbstractProtocol init
信息: Initializing ProtocolHandler ["http-apr-8080"]
2016-3-22 14:24:31 org.apache.catalina.startup.Catalina load
信息: Initialization processed in 911 ms
2016-3-22 14:24:31 org.apache.coyote.AbstractProtocol init
严重: Failed to initialize end point associated with ProtocolHandler ["http-apr-8080"]
java.lang.Exception: Socket bind failed: [730048] ?????????×???(Э?é/???????/???)????í??
	at org.apache.tomcat.util.net.AprEndpoint.bind(AprEndpoint.java:470)
	at org.apache.tomcat.util.net.AbstractEndpoint.init(AbstractEndpoint.java:650)
	at org.apache.coyote.AbstractProtocol.init(AbstractProtocol.java:434)
	at org.apache.catalina.connector.Connector.initInternal(Connector.java:978)
	at org.apache.catalina.util.LifecycleBase.init(LifecycleBase.java:102)
	at org.apache.catalina.core.StandardService.initInternal(StandardService.java:560)
	at org.apache.catalina.util.LifecycleBase.init(LifecycleBase.java:102)
	at org.apache.catalina.core.StandardServer.initInternal(StandardServer.java:820)
	at org.apache.catalina.util.LifecycleBase.init(LifecycleBase.java:102)
	at org.apache.catalina.startup.Catalina.load(Catalina.java:642)
	at org.apache.catalina.startup.Catalina.load(Catalina.java:667)
	at sun.reflect.NativeMethodAccessorImpl.invoke0(Native Method)
	at sun.reflect.NativeMethodAccessorImpl.invoke(NativeMethodAccessorImpl.java:39)
	at sun.reflect.DelegatingMethodAccessorImpl.invoke(DelegatingMethodAccessorImpl.java:25)
	at java.lang.reflect.Method.invoke(Method.java:597)
	at org.apache.catalina.startup.Bootstrap.load(Bootstrap.java:253)
	at org.apache.catalina.startup.Bootstrap.main(Bootstrap.java:427)
2016-3-22 14:24:31 org.apache.catalina.core.StandardService startInternal
信息: Starting service Catalina
2016-3-22 14:24:31 org.apache.catalina.core.StandardEngine startInternal
信息: Starting Servlet Engine: Apache Tomcat/7.0.68
2016-3-22 14:24:31 org.apache.catalina.core.StandardService initInternal
严重: Failed to initialize connector [Connector[HTTP/1.1-8080]]
org.apache.catalina.LifecycleException: Failed to initialize component [Connector[HTTP/1.1-8080]]
	at org.apache.catalina.util.LifecycleBase.init(LifecycleBase.java:106)
	at org.apache.catalina.core.StandardService.initInternal(StandardService.java:560)
	at org.apache.catalina.util.LifecycleBase.init(LifecycleBase.java:102)
	at org.apache.catalina.core.StandardServer.initInternal(StandardServer.java:820)
	at org.apache.catalina.util.LifecycleBase.init(LifecycleBase.java:102)
	at org.apache.catalina.startup.Catalina.load(Catalina.java:642)
	at org.apache.catalina.startup.Catalina.load(Catalina.java:667)
	at sun.reflect.NativeMethodAccessorImpl.invoke0(Native Method)
	at sun.reflect.NativeMethodAccessorImpl.invoke(NativeMethodAccessorImpl.java:39)
	at sun.reflect.DelegatingMethodAccessorImpl.invoke(DelegatingMethodAccessorImpl.java:25)
	at java.lang.reflect.Method.invoke(Method.java:597)
	at org.apache.catalina.startup.Bootstrap.load(Bootstrap.java:253)
	at org.apache.catalina.startup.Bootstrap.main(Bootstrap.java:427)
Caused by: org.apache.catalina.LifecycleException: Protocol handler initialization failed
	at org.apache.catalina.connector.Connector.initInternal(Connector.java:980)
	at org.apache.catalina.util.LifecycleBase.init(LifecycleBase.java:102)
	... 12 more
Caused by: java.lang.Exception: Socket bind failed: [730048] ?????????×???(Э?é/???????/???)????í??
	at org.apache.tomcat.util.net.AprEndpoint.bind(AprEndpoint.java:470)
	at org.apache.tomcat.util.net.AbstractEndpoint.init(AbstractEndpoint.java:650)
	at org.apache.coyote.AbstractProtocol.init(AbstractProtocol.java:434)
	at org.apache.catalina.connector.Connector.initInternal(Connector.java:978)
	... 13 more
2016-3-22 14:24:31 org.apache.coyote.AbstractProtocol init
信息: Initializing ProtocolHandler ["ajp-apr-8009"]
2016-3-22 14:24:31 org.apache.coyote.AbstractProtocol init
严重: Failed to initialize end point associated with ProtocolHandler ["ajp-apr-8009"]
java.lang.Exception: Socket bind failed: [730048] ?????????×???(Э?é/???????/???)????í??
	at org.apache.tomcat.util.net.AprEndpoint.bind(AprEndpoint.java:470)
	at org.apache.tomcat.util.net.AbstractEndpoint.init(AbstractEndpoint.java:650)
	at org.apache.coyote.AbstractProtocol.init(AbstractProtocol.java:434)
	at org.apache.catalina.connector.Connector.initInternal(Connector.java:978)
	at org.apache.catalina.util.LifecycleBase.init(LifecycleBase.java:102)
	at org.apache.catalina.core.StandardService.initInternal(StandardService.java:560)
	at org.apache.catalina.util.LifecycleBase.init(LifecycleBase.java:102)
	at org.apache.catalina.core.StandardServer.initInternal(StandardServer.java:820)
	at org.apache.catalina.util.LifecycleBase.init(LifecycleBase.java:102)
	at org.apache.catalina.startup.Catalina.load(Catalina.java:642)
	at org.apache.catalina.startup.Catalina.load(Catalina.java:667)
	at sun.reflect.NativeMethodAccessorImpl.invoke0(Native Method)
	at sun.reflect.NativeMethodAccessorImpl.invoke(NativeMethodAccessorImpl.java:39)
	at sun.reflect.DelegatingMethodAccessorImpl.invoke(DelegatingMethodAccessorImpl.java:25)
	at java.lang.reflect.Method.invoke(Method.java:597)
	at org.apache.catalina.startup.Bootstrap.load(Bootstrap.java:253)
	at org.apache.catalina.startup.Bootstrap.main(Bootstrap.java:427)
2016-3-22 14:24:31 org.apache.catalina.core.StandardService initInternal
严重: Failed to initialize connector [Connector[AJP/1.3-8009]]
org.apache.catalina.LifecycleException: Failed to initialize component [Connector[AJP/1.3-8009]]
	at org.apache.catalina.util.LifecycleBase.init(LifecycleBase.java:106)
	at org.apache.catalina.core.StandardService.initInternal(StandardService.java:560)
	at org.apache.catalina.util.LifecycleBase.init(LifecycleBase.java:102)
	at org.apache.catalina.core.StandardServer.initInternal(StandardServer.java:820)
	at org.apache.catalina.util.LifecycleBase.init(LifecycleBase.java:102)
	at org.apache.catalina.startup.Catalina.load(Catalina.java:642)
	at org.apache.catalina.startup.Catalina.load(Catalina.java:667)
	at sun.reflect.NativeMethodAccessorImpl.invoke0(Native Method)
	at sun.reflect.NativeMethodAccessorImpl.invoke(NativeMethodAccessorImpl.java:39)
	at sun.reflect.DelegatingMethodAccessorImpl.invoke(DelegatingMethodAccessorImpl.java:25)
	at java.lang.reflect.Method.invoke(Method.java:597)
	at org.apache.catalina.startup.Bootstrap.load(Bootstrap.java:253)
	at org.apache.catalina.startup.Bootstrap.main(Bootstrap.java:427)
Caused by: org.apache.catalina.LifecycleException: Protocol handler initialization failed
	at org.apache.catalina.connector.Connector.initInternal(Connector.java:980)
	at org.apache.catalina.util.LifecycleBase.init(LifecycleBase.java:102)
	... 12 more
Caused by: java.lang.Exception: Socket bind failed: [730048] ?????????×???(Э?é/???????/???)????í??
	at org.apache.tomcat.util.net.AprEndpoint.bind(AprEndpoint.java:470)
	at org.apache.tomcat.util.net.AbstractEndpoint.init(AbstractEndpoint.java:650)
	at org.apache.coyote.AbstractProtocol.init(AbstractProtocol.java:434)
	at org.apache.catalina.connector.Connector.initInternal(Connector.java:978)
	... 13 more
2016-3-22 14:24:31 org.apache.catalina.startup.Catalina load
信息: Initialization processed in 1001 ms
2016-3-22 14:24:31 org.apache.catalina.core.StandardService startInternal
信息: Starting service Catalina
2016-3-22 14:24:31 org.apache.catalina.core.StandardEngine startInternal
信息: Starting Servlet Engine: Apache Tomcat/7.0.68
2016-3-22 14:24:32 org.apache.catalina.startup.TldConfig execute
信息: At least one JAR was scanned for TLDs yet contained no TLDs. Enable debug logging for this logger for a complete list of JARs that were scanned but no TLDs were found in them. Skipping unneeded JARs during scanning can improve startup time and JSP compilation time.
2016-3-22 14:24:32 org.apache.tomcat.websocket.server.WsSci onStartup
信息: JSR 356 WebSocket (Java WebSocket 1.1) support is not available when running on Java 6. To suppress this message, run Tomcat on Java 7, remove the WebSocket JARs from $CATALINA_HOME/lib or add the WebSocket JARs to the tomcat.util.scan.DefaultJarScanner.jarsToSkip property in $CATALINA_BASE/conf/catalina.properties. Note that the deprecated Tomcat 7 WebSocket API will be available. 
2016-3-22 14:24:32 org.springframework.web.context.ContextLoader initWebApplicationContext
信息: Root WebApplicationContext: initialization started
2016-3-22 14:24:32 org.springframework.context.support.AbstractApplicationContext prepareRefresh
信息: Refreshing Root WebApplicationContext: startup date [Tue Mar 22 14:24:32 CST 2016]; root of context hierarchy
2016-3-22 14:24:33 org.springframework.beans.factory.xml.XmlBeanDefinitionReader loadBeanDefinitions
信息: Loading XML bean definitions from file [C:\Users\quxiucheng\Desktop\012work\WEB-INF\classes\spring\spring-context-cluster.xml]
2016-3-22 14:24:33 org.apache.catalina.startup.TldConfig execute
信息: At least one JAR was scanned for TLDs yet contained no TLDs. Enable debug logging for this logger for a complete list of JARs that were scanned but no TLDs were found in them. Skipping unneeded JARs during scanning can improve startup time and JSP compilation time.
2016-3-22 14:24:33 org.apache.tomcat.websocket.server.WsSci onStartup
信息: JSR 356 WebSocket (Java WebSocket 1.1) support is not available when running on Java 6. To suppress this message, run Tomcat on Java 7, remove the WebSocket JARs from $CATALINA_HOME/lib or add the WebSocket JARs to the tomcat.util.scan.DefaultJarScanner.jarsToSkip property in $CATALINA_BASE/conf/catalina.properties. Note that the deprecated Tomcat 7 WebSocket API will be available. 
2016-3-22 14:24:33 org.springframework.beans.factory.xml.XmlBeanDefinitionReader loadBeanDefinitions
信息: Loading XML bean definitions from file [C:\Users\quxiucheng\Desktop\012work\WEB-INF\classes\spring\spring-context-db.xml]
2016-3-22 14:24:33 org.springframework.web.context.ContextLoader initWebApplicationContext
信息: Root WebApplicationContext: initialization started
2016-3-22 14:24:33 org.springframework.context.support.AbstractApplicationContext prepareRefresh
信息: Refreshing Root WebApplicationContext: startup date [Tue Mar 22 14:24:33 CST 2016]; root of context hierarchy
2016-3-22 14:24:33 org.springframework.beans.factory.xml.XmlBeanDefinitionReader loadBeanDefinitions
信息: Loading XML bean definitions from file [C:\Users\quxiucheng\Desktop\012work\WEB-INF\classes\spring\spring-context-db.xml]
2016-3-22 14:24:33 org.springframework.beans.factory.support.DefaultListableBeanFactory registerBeanDefinition
信息: Overriding bean definition for bean 'dataSource': replacing [Generic bean: class [com.alibaba.druid.pool.DruidDataSource]; scope=; abstract=false; lazyInit=false; autowireMode=0; dependencyCheck=0; autowireCandidate=true; primary=false; factoryBeanName=null; factoryMethodName=null; initMethodName=init; destroyMethodName=close; defined in file [C:\Users\quxiucheng\Desktop\012work\WEB-INF\classes\spring\spring-context-db.xml]] with [Generic bean: class [com.alibaba.druid.pool.DruidDataSource]; scope=; abstract=false; lazyInit=false; autowireMode=0; dependencyCheck=0; autowireCandidate=true; primary=false; factoryBeanName=null; factoryMethodName=null; initMethodName=init; destroyMethodName=close; defined in file [C:\Users\quxiucheng\Desktop\012work\WEB-INF\classes\spring\spring-context-db.xml]]
2016-3-22 14:24:33 org.springframework.beans.factory.xml.XmlBeanDefinitionReader loadBeanDefinitions
信息: Loading XML bean definitions from file [C:\Users\quxiucheng\Desktop\012work\WEB-INF\classes\spring\spring-context-cluster.xml]
2016-3-22 14:24:33 org.springframework.beans.factory.support.DefaultListableBeanFactory registerBeanDefinition
信息: Overriding bean definition for bean 'transactionManager': replacing [Generic bean: class [org.springframework.jdbc.datasource.DataSourceTransactionManager]; scope=; abstract=false; lazyInit=false; autowireMode=0; dependencyCheck=0; autowireCandidate=true; primary=false; factoryBeanName=null; factoryMethodName=null; initMethodName=null; destroyMethodName=null; defined in file [C:\Users\quxiucheng\Desktop\012work\WEB-INF\classes\spring\spring-context-db.xml]] with [Generic bean: class [org.springframework.jdbc.datasource.DataSourceTransactionManager]; scope=; abstract=false; lazyInit=false; autowireMode=0; dependencyCheck=0; autowireCandidate=true; primary=false; factoryBeanName=null; factoryMethodName=null; initMethodName=null; destroyMethodName=null; defined in file [C:\Users\quxiucheng\Desktop\012work\WEB-INF\classes\spring\spring-context-db.xml]]
2016-3-22 14:24:33 org.springframework.beans.factory.support.DefaultListableBeanFactory registerBeanDefinition
信息: Overriding bean definition for bean 'jdbcTemplate': replacing [Generic bean: class [org.springframework.jdbc.core.JdbcTemplate]; scope=; abstract=false; lazyInit=false; autowireMode=0; dependencyCheck=0; autowireCandidate=true; primary=false; factoryBeanName=null; factoryMethodName=null; initMethodName=null; destroyMethodName=null; defined in file [C:\Users\quxiucheng\Desktop\012work\WEB-INF\classes\spring\spring-context-db.xml]] with [Generic bean: class [org.springframework.jdbc.core.JdbcTemplate]; scope=; abstract=false; lazyInit=false; autowireMode=0; dependencyCheck=0; autowireCandidate=true; primary=false; factoryBeanName=null; factoryMethodName=null; initMethodName=null; destroyMethodName=null; defined in file [C:\Users\quxiucheng\Desktop\012work\WEB-INF\classes\spring\spring-context-db.xml]]
2016-3-22 14:24:33 org.springframework.beans.factory.xml.XmlBeanDefinitionReader loadBeanDefinitions
信息: Loading XML bean definitions from file [C:\Users\quxiucheng\Desktop\012work\WEB-INF\classes\spring\spring-context-quartz.xml]
2016-3-22 14:24:33 org.springframework.beans.factory.xml.XmlBeanDefinitionReader loadBeanDefinitions
信息: Loading XML bean definitions from file [C:\Users\quxiucheng\Desktop\012work\WEB-INF\classes\spring\spring-context-db.xml]
2016-3-22 14:24:33 org.springframework.beans.factory.support.DefaultListableBeanFactory registerBeanDefinition
信息: Overriding bean definition for bean 'taskDetail': replacing [Generic bean: class [org.springframework.scheduling.quartz.JobDetailBean]; scope=; abstract=false; lazyInit=true; autowireMode=0; dependencyCheck=0; autowireCandidate=true; primary=false; factoryBeanName=null; factoryMethodName=null; initMethodName=null; destroyMethodName=null; defined in file [C:\Users\quxiucheng\Desktop\012work\WEB-INF\classes\spring\spring-context-cluster.xml]] with [Generic bean: class [org.springframework.scheduling.quartz.MethodInvokingJobDetailFactoryBean]; scope=; abstract=false; lazyInit=true; autowireMode=0; dependencyCheck=0; autowireCandidate=true; primary=false; factoryBeanName=null; factoryMethodName=null; initMethodName=null; destroyMethodName=null; defined in file [C:\Users\quxiucheng\Desktop\012work\WEB-INF\classes\spring\spring-context-quartz.xml]]
2016-3-22 14:24:33 org.springframework.beans.factory.xml.XmlBeanDefinitionReader loadBeanDefinitions
信息: Loading XML bean definitions from file [C:\Users\quxiucheng\Desktop\012work\WEB-INF\classes\spring\spring-context-db.xml]
2016-3-22 14:24:33 org.springframework.beans.factory.support.DefaultListableBeanFactory registerBeanDefinition
信息: Overriding bean definition for bean 'taskTrigger': replacing [Generic bean: class [org.springframework.scheduling.quartz.CronTriggerBean]; scope=; abstract=false; lazyInit=true; autowireMode=0; dependencyCheck=0; autowireCandidate=true; primary=false; factoryBeanName=null; factoryMethodName=null; initMethodName=null; destroyMethodName=null; defined in file [C:\Users\quxiucheng\Desktop\012work\WEB-INF\classes\spring\spring-context-cluster.xml]] with [Generic bean: class [org.springframework.scheduling.quartz.CronTriggerBean]; scope=; abstract=false; lazyInit=true; autowireMode=0; dependencyCheck=0; autowireCandidate=true; primary=false; factoryBeanName=null; factoryMethodName=null; initMethodName=null; destroyMethodName=null; defined in file [C:\Users\quxiucheng\Desktop\012work\WEB-INF\classes\spring\spring-context-quartz.xml]]
2016-3-22 14:24:33 org.springframework.beans.factory.support.DefaultListableBeanFactory registerBeanDefinition
信息: Overriding bean definition for bean 'dataSource': replacing [Generic bean: class [com.alibaba.druid.pool.DruidDataSource]; scope=; abstract=false; lazyInit=false; autowireMode=0; dependencyCheck=0; autowireCandidate=true; primary=false; factoryBeanName=null; factoryMethodName=null; initMethodName=init; destroyMethodName=close; defined in file [C:\Users\quxiucheng\Desktop\012work\WEB-INF\classes\spring\spring-context-db.xml]] with [Generic bean: class [com.alibaba.druid.pool.DruidDataSource]; scope=; abstract=false; lazyInit=false; autowireMode=0; dependencyCheck=0; autowireCandidate=true; primary=false; factoryBeanName=null; factoryMethodName=null; initMethodName=init; destroyMethodName=close; defined in file [C:\Users\quxiucheng\Desktop\012work\WEB-INF\classes\spring\spring-context-db.xml]]
2016-3-22 14:24:33 org.springframework.beans.factory.support.DefaultListableBeanFactory registerBeanDefinition
信息: Overriding bean definition for bean 'transactionManager': replacing [Generic bean: class [org.springframework.jdbc.datasource.DataSourceTransactionManager]; scope=; abstract=false; lazyInit=false; autowireMode=0; dependencyCheck=0; autowireCandidate=true; primary=false; factoryBeanName=null; factoryMethodName=null; initMethodName=null; destroyMethodName=null; defined in file [C:\Users\quxiucheng\Desktop\012work\WEB-INF\classes\spring\spring-context-db.xml]] with [Generic bean: class [org.springframework.jdbc.datasource.DataSourceTransactionManager]; scope=; abstract=false; lazyInit=false; autowireMode=0; dependencyCheck=0; autowireCandidate=true; primary=false; factoryBeanName=null; factoryMethodName=null; initMethodName=null; destroyMethodName=null; defined in file [C:\Users\quxiucheng\Desktop\012work\WEB-INF\classes\spring\spring-context-db.xml]]
2016-3-22 14:24:33 org.springframework.beans.factory.support.DefaultListableBeanFactory registerBeanDefinition
信息: Overriding bean definition for bean 'jdbcTemplate': replacing [Generic bean: class [org.springframework.jdbc.core.JdbcTemplate]; scope=; abstract=false; lazyInit=false; autowireMode=0; dependencyCheck=0; autowireCandidate=true; primary=false; factoryBeanName=null; factoryMethodName=null; initMethodName=null; destroyMethodName=null; defined in file [C:\Users\quxiucheng\Desktop\012work\WEB-INF\classes\spring\spring-context-db.xml]] with [Generic bean: class [org.springframework.jdbc.core.JdbcTemplate]; scope=; abstract=false; lazyInit=false; autowireMode=0; dependencyCheck=0; autowireCandidate=true; primary=false; factoryBeanName=null; factoryMethodName=null; initMethodName=null; destroyMethodName=null; defined in file [C:\Users\quxiucheng\Desktop\012work\WEB-INF\classes\spring\spring-context-db.xml]]
2016-3-22 14:24:33 org.springframework.beans.factory.xml.XmlBeanDefinitionReader loadBeanDefinitions
信息: Loading XML bean definitions from file [C:\Users\quxiucheng\Desktop\012work\WEB-INF\classes\spring\spring-context-quartz.xml]
2016-3-22 14:24:33 org.springframework.beans.factory.support.DefaultListableBeanFactory registerBeanDefinition
信息: Overriding bean definition for bean 'taskDetail': replacing [Generic bean: class [org.springframework.scheduling.quartz.JobDetailBean]; scope=; abstract=false; lazyInit=true; autowireMode=0; dependencyCheck=0; autowireCandidate=true; primary=false; factoryBeanName=null; factoryMethodName=null; initMethodName=null; destroyMethodName=null; defined in file [C:\Users\quxiucheng\Desktop\012work\WEB-INF\classes\spring\spring-context-cluster.xml]] with [Generic bean: class [org.springframework.scheduling.quartz.MethodInvokingJobDetailFactoryBean]; scope=; abstract=false; lazyInit=true; autowireMode=0; dependencyCheck=0; autowireCandidate=true; primary=false; factoryBeanName=null; factoryMethodName=null; initMethodName=null; destroyMethodName=null; defined in file [C:\Users\quxiucheng\Desktop\012work\WEB-INF\classes\spring\spring-context-quartz.xml]]
2016-3-22 14:24:33 org.springframework.beans.factory.support.DefaultListableBeanFactory registerBeanDefinition
信息: Overriding bean definition for bean 'taskTrigger': replacing [Generic bean: class [org.springframework.scheduling.quartz.CronTriggerBean]; scope=; abstract=false; lazyInit=true; autowireMode=0; dependencyCheck=0; autowireCandidate=true; primary=false; factoryBeanName=null; factoryMethodName=null; initMethodName=null; destroyMethodName=null; defined in file [C:\Users\quxiucheng\Desktop\012work\WEB-INF\classes\spring\spring-context-cluster.xml]] with [Generic bean: class [org.springframework.scheduling.quartz.CronTriggerBean]; scope=; abstract=false; lazyInit=true; autowireMode=0; dependencyCheck=0; autowireCandidate=true; primary=false; factoryBeanName=null; factoryMethodName=null; initMethodName=null; destroyMethodName=null; defined in file [C:\Users\quxiucheng\Desktop\012work\WEB-INF\classes\spring\spring-context-quartz.xml]]
2016-3-22 14:24:33 org.springframework.beans.factory.support.DefaultListableBeanFactory preInstantiateSingletons
信息: Pre-instantiating singletons in org.springframework.beans.factory.support.DefaultListableBeanFactory@67b2b131: defining beans [org.springframework.context.annotation.internalConfigurationAnnotationProcessor,org.springframework.context.annotation.internalAutowiredAnnotationProcessor,org.springframework.context.annotation.internalRequiredAnnotationProcessor,org.springframework.context.annotation.internalCommonAnnotationProcessor,dataSource,transactionManager,org.springframework.aop.config.internalAutoProxyCreator,org.springframework.transaction.annotation.AnnotationTransactionAttributeSource#0,org.springframework.transaction.interceptor.TransactionInterceptor#0,org.springframework.transaction.config.internalTransactionAdvisor,jdbcTemplate,clusterService,taskDetail,taskTrigger,doSchedulerCluster,quartzTaskService,doScheduler,org.springframework.context.annotation.ConfigurationClassPostProcessor.importAwareProcessor]; root of factory hierarchy
2016-3-22 14:24:33 org.springframework.beans.factory.support.DefaultListableBeanFactory preInstantiateSingletons
信息: Pre-instantiating singletons in org.springframework.beans.factory.support.DefaultListableBeanFactory@1f248f2b: defining beans [org.springframework.context.annotation.internalConfigurationAnnotationProcessor,org.springframework.context.annotation.internalAutowiredAnnotationProcessor,org.springframework.context.annotation.internalRequiredAnnotationProcessor,org.springframework.context.annotation.internalCommonAnnotationProcessor,dataSource,transactionManager,org.springframework.aop.config.internalAutoProxyCreator,org.springframework.transaction.annotation.AnnotationTransactionAttributeSource#0,org.springframework.transaction.interceptor.TransactionInterceptor#0,org.springframework.transaction.config.internalTransactionAdvisor,jdbcTemplate,clusterService,taskDetail,taskTrigger,doSchedulerCluster,quartzTaskService,doScheduler,org.springframework.context.annotation.ConfigurationClassPostProcessor.importAwareProcessor]; root of factory hierarchy
2016-3-22 14:24:34 com.alibaba.druid.support.logging.JakartaCommonsLoggingImpl info
信息: {dataSource-1} inited
2016-3-22 14:24:34 com.alibaba.druid.support.logging.JakartaCommonsLoggingImpl info
信息: {dataSource-1} inited
2016-3-22 14:24:34 org.springframework.scheduling.quartz.SchedulerFactoryBean initSchedulerFactory
信息: Loading Quartz config from [class path resource [properties/quartz.properties]]
2016-3-22 14:24:34 org.springframework.scheduling.quartz.SchedulerFactoryBean initSchedulerFactory
信息: Loading Quartz config from [class path resource [properties/quartz.properties]]
2016-3-22 14:24:34 org.springframework.context.support.DefaultLifecycleProcessor$LifecycleGroup start
信息: Starting beans in phase 2147483647
2016-3-22 14:24:34 org.springframework.scheduling.quartz.SchedulerFactoryBean startScheduler
信息: Starting Quartz Scheduler now
2016-3-22 14:24:34 org.springframework.scheduling.quartz.SchedulerFactoryBean startScheduler
信息: Starting Quartz Scheduler now
2016-3-22 14:24:34 org.springframework.web.context.ContextLoader initWebApplicationContext
信息: Root WebApplicationContext: initialization completed in 1760 ms
2016-3-22 14:24:34 com.radiadesign.catalina.session.RedisSessionManager startInternal
信息: Attached to RedisSessionHandlerValve
2016-3-22 14:24:34 com.radiadesign.catalina.session.RedisSessionManager initializeSerializer
信息: Attempting to use serializer :com.radiadesign.catalina.session.JavaSerializer
2016-3-22 14:24:34 com.radiadesign.catalina.session.RedisSessionManager startInternal
信息: Will expire sessions after 30 seconds
2016-3-22 14:24:34 org.springframework.context.support.DefaultLifecycleProcessor$LifecycleGroup start
信息: Starting beans in phase 2147483647
2016-3-22 14:24:34 org.springframework.scheduling.quartz.SchedulerFactoryBean startScheduler
信息: Starting Quartz Scheduler now
2016-3-22 14:24:34 org.springframework.scheduling.quartz.SchedulerFactoryBean startScheduler
信息: Starting Quartz Scheduler now
2016-3-22 14:24:34 org.apache.coyote.AbstractProtocol start
信息: Starting ProtocolHandler ["http-apr-8080"]
2016-3-22 14:24:34 org.springframework.web.context.ContextLoader initWebApplicationContext
信息: Root WebApplicationContext: initialization completed in 1658 ms
2016-3-22 14:24:34 org.apache.coyote.AbstractProtocol start
信息: Starting ProtocolHandler ["ajp-apr-8009"]
2016-3-22 14:24:34 org.apache.catalina.startup.Catalina start
信息: Server startup in 3424 ms
2016-3-22 14:24:34 com.radiadesign.catalina.session.RedisSessionManager startInternal
信息: Attached to RedisSessionHandlerValve
2016-3-22 14:24:34 com.radiadesign.catalina.session.RedisSessionManager initializeSerializer
信息: Attempting to use serializer :com.radiadesign.catalina.session.JavaSerializer
2016-3-22 14:24:34 com.radiadesign.catalina.session.RedisSessionManager startInternal
信息: Will expire sessions after 30 seconds
2016-3-22 14:24:34 org.apache.catalina.startup.Catalina start
信息: Server startup in 3377 ms
2016-3-22 14:24:34 org.apache.catalina.core.StandardServer await
严重: StandardServer.await: create[localhost:8005]: 
java.net.BindException: Address already in use: JVM_Bind
	at java.net.PlainSocketImpl.socketBind(Native Method)
	at java.net.PlainSocketImpl.bind(PlainSocketImpl.java:383)
	at java.net.ServerSocket.bind(ServerSocket.java:328)
	at java.net.ServerSocket.<init>(ServerSocket.java:194)
	at org.apache.catalina.core.StandardServer.await(StandardServer.java:426)
	at org.apache.catalina.startup.Catalina.await(Catalina.java:781)
	at org.apache.catalina.startup.Catalina.start(Catalina.java:727)
	at sun.reflect.NativeMethodAccessorImpl.invoke0(Native Method)
	at sun.reflect.NativeMethodAccessorImpl.invoke(NativeMethodAccessorImpl.java:39)
	at sun.reflect.DelegatingMethodAccessorImpl.invoke(DelegatingMethodAccessorImpl.java:25)
	at java.lang.reflect.Method.invoke(Method.java:597)
	at org.apache.catalina.startup.Bootstrap.start(Bootstrap.java:294)
	at org.apache.catalina.startup.Bootstrap.main(Bootstrap.java:428)
2016-3-22 14:24:34 org.apache.coyote.AbstractProtocol pause
信息: Pausing ProtocolHandler ["http-apr-8080"]
2016-3-22 14:24:34 org.apache.coyote.AbstractProtocol pause
信息: Pausing ProtocolHandler ["ajp-apr-8009"]
2016-3-22 14:24:34 org.apache.catalina.core.StandardService stopInternal
信息: Stopping service Catalina
2016-3-22 14:24:34 org.springframework.context.support.AbstractApplicationContext doClose
信息: Closing Root WebApplicationContext: startup date [Tue Mar 22 14:24:33 CST 2016]; root of context hierarchy
2016-3-22 14:24:34 org.springframework.context.support.DefaultLifecycleProcessor$LifecycleGroup stop
信息: Stopping beans in phase 2147483647
2016-3-22 14:24:34 org.springframework.beans.factory.support.DefaultSingletonBeanRegistry destroySingletons
信息: Destroying singletons in org.springframework.beans.factory.support.DefaultListableBeanFactory@1f248f2b: defining beans [org.springframework.context.annotation.internalConfigurationAnnotationProcessor,org.springframework.context.annotation.internalAutowiredAnnotationProcessor,org.springframework.context.annotation.internalRequiredAnnotationProcessor,org.springframework.context.annotation.internalCommonAnnotationProcessor,dataSource,transactionManager,org.springframework.aop.config.internalAutoProxyCreator,org.springframework.transaction.annotation.AnnotationTransactionAttributeSource#0,org.springframework.transaction.interceptor.TransactionInterceptor#0,org.springframework.transaction.config.internalTransactionAdvisor,jdbcTemplate,clusterService,taskDetail,taskTrigger,doSchedulerCluster,quartzTaskService,doScheduler,org.springframework.context.annotation.ConfigurationClassPostProcessor.importAwareProcessor]; root of factory hierarchy
2016-3-22 14:24:34 org.springframework.scheduling.quartz.SchedulerFactoryBean destroy
信息: Shutting down Quartz Scheduler
2016-3-22 14:24:34 org.springframework.scheduling.quartz.SchedulerFactoryBean destroy
信息: Shutting down Quartz Scheduler
2016-3-22 14:24:34 com.alibaba.druid.support.logging.JakartaCommonsLoggingImpl info
信息: {dataSource-1} closed
2016-3-22 14:24:34 org.apache.catalina.loader.WebappClassLoaderBase clearReferencesJdbc
严重: The web application [] registered the JDBC driver [com.alibaba.druid.proxy.DruidDriver] but failed to unregister it when the web application was stopped. To prevent a memory leak, the JDBC Driver has been forcibly unregistered.
2016-3-22 14:24:34 org.apache.catalina.loader.WebappClassLoaderBase clearReferencesJdbc
严重: The web application [] registered the JDBC driver [com.mysql.jdbc.Driver] but failed to unregister it when the web application was stopped. To prevent a memory leak, the JDBC Driver has been forcibly unregistered.
2016-3-22 14:24:34 org.apache.catalina.loader.WebappClassLoaderBase clearReferencesThreads
严重: The web application [] appears to have started a thread named [Abandoned connection cleanup thread] but has failed to stop it. This is very likely to create a memory leak.
2016-3-22 14:24:34 org.apache.catalina.loader.WebappClassLoaderBase clearReferencesThreads
严重: The web application [] appears to have started a thread named [doSchedulerCluster_Worker-1] but has failed to stop it. This is very likely to create a memory leak.
2016-3-22 14:24:34 org.apache.catalina.loader.WebappClassLoaderBase clearReferencesThreads
严重: The web application [] appears to have started a thread named [doSchedulerCluster_Worker-2] but has failed to stop it. This is very likely to create a memory leak.
2016-3-22 14:24:34 org.apache.catalina.loader.WebappClassLoaderBase clearReferencesThreads
严重: The web application [] appears to have started a thread named [doSchedulerCluster_Worker-3] but has failed to stop it. This is very likely to create a memory leak.
2016-3-22 14:24:34 org.apache.catalina.loader.WebappClassLoaderBase clearReferencesThreads
严重: The web application [] appears to have started a thread named [doSchedulerCluster_Worker-4] but has failed to stop it. This is very likely to create a memory leak.
2016-3-22 14:24:34 org.apache.catalina.loader.WebappClassLoaderBase clearReferencesThreads
严重: The web application [] appears to have started a thread named [doSchedulerCluster_Worker-5] but has failed to stop it. This is very likely to create a memory leak.
2016-3-22 14:24:34 org.apache.catalina.loader.WebappClassLoaderBase clearReferencesThreads
严重: The web application [] appears to have started a thread named [doSchedulerCluster_Worker-6] but has failed to stop it. This is very likely to create a memory leak.
2016-3-22 14:24:34 org.apache.catalina.loader.WebappClassLoaderBase clearReferencesThreads
严重: The web application [] appears to have started a thread named [doSchedulerCluster_Worker-7] but has failed to stop it. This is very likely to create a memory leak.
2016-3-22 14:24:34 org.apache.catalina.loader.WebappClassLoaderBase clearReferencesThreads
严重: The web application [] appears to have started a thread named [doSchedulerCluster_Worker-8] but has failed to stop it. This is very likely to create a memory leak.
2016-3-22 14:24:34 org.apache.catalina.loader.WebappClassLoaderBase clearReferencesThreads
严重: The web application [] appears to have started a thread named [doSchedulerCluster_Worker-9] but has failed to stop it. This is very likely to create a memory leak.
2016-3-22 14:24:34 org.apache.catalina.loader.WebappClassLoaderBase clearReferencesThreads
严重: The web application [] appears to have started a thread named [doSchedulerCluster_Worker-10] but has failed to stop it. This is very likely to create a memory leak.
2016-3-22 14:24:34 org.apache.catalina.loader.WebappClassLoaderBase clearReferencesThreads
严重: The web application [] appears to have started a thread named [doScheduler_Worker-1] but has failed to stop it. This is very likely to create a memory leak.
2016-3-22 14:24:34 org.apache.catalina.loader.WebappClassLoaderBase clearReferencesThreads
严重: The web application [] appears to have started a thread named [doScheduler_Worker-2] but has failed to stop it. This is very likely to create a memory leak.
2016-3-22 14:24:34 org.apache.catalina.loader.WebappClassLoaderBase clearReferencesThreads
严重: The web application [] appears to have started a thread named [doScheduler_Worker-3] but has failed to stop it. This is very likely to create a memory leak.
2016-3-22 14:24:34 org.apache.catalina.loader.WebappClassLoaderBase clearReferencesThreads
严重: The web application [] appears to have started a thread named [doScheduler_Worker-4] but has failed to stop it. This is very likely to create a memory leak.
2016-3-22 14:24:34 org.apache.catalina.loader.WebappClassLoaderBase clearReferencesThreads
严重: The web application [] appears to have started a thread named [doScheduler_Worker-5] but has failed to stop it. This is very likely to create a memory leak.
2016-3-22 14:24:34 org.apache.catalina.loader.WebappClassLoaderBase clearReferencesThreads
严重: The web application [] appears to have started a thread named [doScheduler_Worker-6] but has failed to stop it. This is very likely to create a memory leak.
2016-3-22 14:24:34 org.apache.catalina.loader.WebappClassLoaderBase clearReferencesThreads
严重: The web application [] appears to have started a thread named [doScheduler_Worker-7] but has failed to stop it. This is very likely to create a memory leak.
2016-3-22 14:24:34 org.apache.catalina.loader.WebappClassLoaderBase clearReferencesThreads
严重: The web application [] appears to have started a thread named [doScheduler_Worker-8] but has failed to stop it. This is very likely to create a memory leak.
2016-3-22 14:24:34 org.apache.catalina.loader.WebappClassLoaderBase clearReferencesThreads
严重: The web application [] appears to have started a thread named [doScheduler_Worker-9] but has failed to stop it. This is very likely to create a memory leak.
2016-3-22 14:24:34 org.apache.catalina.loader.WebappClassLoaderBase clearReferencesThreads
严重: The web application [] appears to have started a thread named [doScheduler_Worker-10] but has failed to stop it. This is very likely to create a memory leak.
2016-3-22 14:24:34 org.apache.coyote.AbstractProtocol stop
信息: Stopping ProtocolHandler ["http-apr-8080"]
2016-3-22 14:24:34 org.apache.coyote.AbstractProtocol destroy
信息: Destroying ProtocolHandler ["http-apr-8080"]
2016-3-22 14:24:34 org.apache.coyote.AbstractProtocol stop
信息: Stopping ProtocolHandler ["ajp-apr-8009"]
2016-3-22 14:24:34 org.apache.coyote.AbstractProtocol destroy
信息: Destroying ProtocolHandler ["ajp-apr-8009"]
2016-3-22 14:25:00 org.apache.catalina.startup.VersionLoggerListener log
信息: Server version:        Apache Tomcat/7.0.68
2016-3-22 14:25:00 org.apache.catalina.startup.VersionLoggerListener log
信息: Server built:          Feb 8 2016 20:25:54 UTC
2016-3-22 14:25:00 org.apache.catalina.startup.VersionLoggerListener log
信息: Server number:         7.0.68.0
2016-3-22 14:25:00 org.apache.catalina.startup.VersionLoggerListener log
信息: OS Name:               Windows 7
2016-3-22 14:25:00 org.apache.catalina.startup.VersionLoggerListener log
信息: OS Version:            6.1
2016-3-22 14:25:00 org.apache.catalina.startup.VersionLoggerListener log
信息: Architecture:          amd64
2016-3-22 14:25:00 org.apache.catalina.startup.VersionLoggerListener log
信息: Java Home:             C:\Program Files\Java\jdk1.6.0_45\jre
2016-3-22 14:25:00 org.apache.catalina.startup.VersionLoggerListener log
信息: JVM Version:           1.6.0_45-b06
2016-3-22 14:25:00 org.apache.catalina.startup.VersionLoggerListener log
信息: JVM Vendor:            Sun Microsystems Inc.
2016-3-22 14:25:00 org.apache.catalina.startup.VersionLoggerListener log
信息: CATALINA_BASE:         C:\Users\quxiucheng\Desktop\tomcat8080\apache-tomcat-7.0.68
2016-3-22 14:25:00 org.apache.catalina.startup.VersionLoggerListener log
信息: CATALINA_HOME:         C:\Users\quxiucheng\Desktop\tomcat8080\apache-tomcat-7.0.68
2016-3-22 14:25:00 org.apache.catalina.startup.VersionLoggerListener log
信息: Command line argument: -Djava.util.logging.config.file=C:\Users\quxiucheng\Desktop\tomcat8080\apache-tomcat-7.0.68\conf\logging.properties
2016-3-22 14:25:00 org.apache.catalina.startup.VersionLoggerListener log
信息: Command line argument: -Djava.util.logging.manager=org.apache.juli.ClassLoaderLogManager
2016-3-22 14:25:00 org.apache.catalina.startup.VersionLoggerListener log
信息: Command line argument: -Djava.endorsed.dirs=C:\Users\quxiucheng\Desktop\tomcat8080\apache-tomcat-7.0.68\endorsed
2016-3-22 14:25:00 org.apache.catalina.startup.VersionLoggerListener log
信息: Command line argument: -Dcatalina.base=C:\Users\quxiucheng\Desktop\tomcat8080\apache-tomcat-7.0.68
2016-3-22 14:25:00 org.apache.catalina.startup.VersionLoggerListener log
信息: Command line argument: -Dcatalina.home=C:\Users\quxiucheng\Desktop\tomcat8080\apache-tomcat-7.0.68
2016-3-22 14:25:00 org.apache.catalina.startup.VersionLoggerListener log
信息: Command line argument: -Djava.io.tmpdir=C:\Users\quxiucheng\Desktop\tomcat8080\apache-tomcat-7.0.68\temp
2016-3-22 14:25:00 org.apache.catalina.core.AprLifecycleListener lifecycleEvent
信息: Loaded APR based Apache Tomcat Native library 1.1.33 using APR version 1.5.1.
2016-3-22 14:25:00 org.apache.catalina.core.AprLifecycleListener lifecycleEvent
信息: APR capabilities: IPv6 [true], sendfile [true], accept filters [false], random [true].
2016-3-22 14:25:00 org.apache.catalina.core.AprLifecycleListener initializeSSL
信息: OpenSSL successfully initialized (OpenSSL 1.0.1m 19 Mar 2015)
2016-3-22 14:25:01 org.apache.coyote.AbstractProtocol init
信息: Initializing ProtocolHandler ["http-apr-8080"]
2016-3-22 14:25:01 org.apache.coyote.AbstractProtocol init
信息: Initializing ProtocolHandler ["ajp-apr-8009"]
2016-3-22 14:25:01 org.apache.catalina.startup.Catalina load
信息: Initialization processed in 767 ms
2016-3-22 14:25:01 org.apache.catalina.core.StandardService startInternal
信息: Starting service Catalina
2016-3-22 14:25:01 org.apache.catalina.core.StandardEngine startInternal
信息: Starting Servlet Engine: Apache Tomcat/7.0.68
2016-3-22 14:25:02 org.apache.catalina.startup.TldConfig execute
信息: At least one JAR was scanned for TLDs yet contained no TLDs. Enable debug logging for this logger for a complete list of JARs that were scanned but no TLDs were found in them. Skipping unneeded JARs during scanning can improve startup time and JSP compilation time.
2016-3-22 14:25:02 org.apache.tomcat.websocket.server.WsSci onStartup
信息: JSR 356 WebSocket (Java WebSocket 1.1) support is not available when running on Java 6. To suppress this message, run Tomcat on Java 7, remove the WebSocket JARs from $CATALINA_HOME/lib or add the WebSocket JARs to the tomcat.util.scan.DefaultJarScanner.jarsToSkip property in $CATALINA_BASE/conf/catalina.properties. Note that the deprecated Tomcat 7 WebSocket API will be available. 
2016-3-22 14:25:02 org.springframework.web.context.ContextLoader initWebApplicationContext
信息: Root WebApplicationContext: initialization started
2016-3-22 14:25:02 org.springframework.context.support.AbstractApplicationContext prepareRefresh
信息: Refreshing Root WebApplicationContext: startup date [Tue Mar 22 14:25:02 CST 2016]; root of context hierarchy
2016-3-22 14:25:02 org.springframework.beans.factory.xml.XmlBeanDefinitionReader loadBeanDefinitions
信息: Loading XML bean definitions from file [C:\Users\quxiucheng\Desktop\012work\WEB-INF\classes\spring\spring-context-cluster.xml]
2016-3-22 14:25:02 org.springframework.beans.factory.xml.XmlBeanDefinitionReader loadBeanDefinitions
信息: Loading XML bean definitions from file [C:\Users\quxiucheng\Desktop\012work\WEB-INF\classes\spring\spring-context-db.xml]
2016-3-22 14:25:02 org.springframework.beans.factory.xml.XmlBeanDefinitionReader loadBeanDefinitions
信息: Loading XML bean definitions from file [C:\Users\quxiucheng\Desktop\012work\WEB-INF\classes\spring\spring-context-db.xml]
2016-3-22 14:25:02 org.springframework.beans.factory.support.DefaultListableBeanFactory registerBeanDefinition
信息: Overriding bean definition for bean 'dataSource': replacing [Generic bean: class [com.alibaba.druid.pool.DruidDataSource]; scope=; abstract=false; lazyInit=false; autowireMode=0; dependencyCheck=0; autowireCandidate=true; primary=false; factoryBeanName=null; factoryMethodName=null; initMethodName=init; destroyMethodName=close; defined in file [C:\Users\quxiucheng\Desktop\012work\WEB-INF\classes\spring\spring-context-db.xml]] with [Generic bean: class [com.alibaba.druid.pool.DruidDataSource]; scope=; abstract=false; lazyInit=false; autowireMode=0; dependencyCheck=0; autowireCandidate=true; primary=false; factoryBeanName=null; factoryMethodName=null; initMethodName=init; destroyMethodName=close; defined in file [C:\Users\quxiucheng\Desktop\012work\WEB-INF\classes\spring\spring-context-db.xml]]
2016-3-22 14:25:02 org.springframework.beans.factory.support.DefaultListableBeanFactory registerBeanDefinition
信息: Overriding bean definition for bean 'transactionManager': replacing [Generic bean: class [org.springframework.jdbc.datasource.DataSourceTransactionManager]; scope=; abstract=false; lazyInit=false; autowireMode=0; dependencyCheck=0; autowireCandidate=true; primary=false; factoryBeanName=null; factoryMethodName=null; initMethodName=null; destroyMethodName=null; defined in file [C:\Users\quxiucheng\Desktop\012work\WEB-INF\classes\spring\spring-context-db.xml]] with [Generic bean: class [org.springframework.jdbc.datasource.DataSourceTransactionManager]; scope=; abstract=false; lazyInit=false; autowireMode=0; dependencyCheck=0; autowireCandidate=true; primary=false; factoryBeanName=null; factoryMethodName=null; initMethodName=null; destroyMethodName=null; defined in file [C:\Users\quxiucheng\Desktop\012work\WEB-INF\classes\spring\spring-context-db.xml]]
2016-3-22 14:25:02 org.springframework.beans.factory.support.DefaultListableBeanFactory registerBeanDefinition
信息: Overriding bean definition for bean 'jdbcTemplate': replacing [Generic bean: class [org.springframework.jdbc.core.JdbcTemplate]; scope=; abstract=false; lazyInit=false; autowireMode=0; dependencyCheck=0; autowireCandidate=true; primary=false; factoryBeanName=null; factoryMethodName=null; initMethodName=null; destroyMethodName=null; defined in file [C:\Users\quxiucheng\Desktop\012work\WEB-INF\classes\spring\spring-context-db.xml]] with [Generic bean: class [org.springframework.jdbc.core.JdbcTemplate]; scope=; abstract=false; lazyInit=false; autowireMode=0; dependencyCheck=0; autowireCandidate=true; primary=false; factoryBeanName=null; factoryMethodName=null; initMethodName=null; destroyMethodName=null; defined in file [C:\Users\quxiucheng\Desktop\012work\WEB-INF\classes\spring\spring-context-db.xml]]
2016-3-22 14:25:02 org.springframework.beans.factory.xml.XmlBeanDefinitionReader loadBeanDefinitions
信息: Loading XML bean definitions from file [C:\Users\quxiucheng\Desktop\012work\WEB-INF\classes\spring\spring-context-quartz.xml]
2016-3-22 14:25:02 org.springframework.beans.factory.support.DefaultListableBeanFactory registerBeanDefinition
信息: Overriding bean definition for bean 'taskDetail': replacing [Generic bean: class [org.springframework.scheduling.quartz.JobDetailBean]; scope=; abstract=false; lazyInit=true; autowireMode=0; dependencyCheck=0; autowireCandidate=true; primary=false; factoryBeanName=null; factoryMethodName=null; initMethodName=null; destroyMethodName=null; defined in file [C:\Users\quxiucheng\Desktop\012work\WEB-INF\classes\spring\spring-context-cluster.xml]] with [Generic bean: class [org.springframework.scheduling.quartz.MethodInvokingJobDetailFactoryBean]; scope=; abstract=false; lazyInit=true; autowireMode=0; dependencyCheck=0; autowireCandidate=true; primary=false; factoryBeanName=null; factoryMethodName=null; initMethodName=null; destroyMethodName=null; defined in file [C:\Users\quxiucheng\Desktop\012work\WEB-INF\classes\spring\spring-context-quartz.xml]]
2016-3-22 14:25:02 org.springframework.beans.factory.support.DefaultListableBeanFactory registerBeanDefinition
信息: Overriding bean definition for bean 'taskTrigger': replacing [Generic bean: class [org.springframework.scheduling.quartz.CronTriggerBean]; scope=; abstract=false; lazyInit=true; autowireMode=0; dependencyCheck=0; autowireCandidate=true; primary=false; factoryBeanName=null; factoryMethodName=null; initMethodName=null; destroyMethodName=null; defined in file [C:\Users\quxiucheng\Desktop\012work\WEB-INF\classes\spring\spring-context-cluster.xml]] with [Generic bean: class [org.springframework.scheduling.quartz.CronTriggerBean]; scope=; abstract=false; lazyInit=true; autowireMode=0; dependencyCheck=0; autowireCandidate=true; primary=false; factoryBeanName=null; factoryMethodName=null; initMethodName=null; destroyMethodName=null; defined in file [C:\Users\quxiucheng\Desktop\012work\WEB-INF\classes\spring\spring-context-quartz.xml]]
2016-3-22 14:25:02 org.springframework.beans.factory.support.DefaultListableBeanFactory preInstantiateSingletons
信息: Pre-instantiating singletons in org.springframework.beans.factory.support.DefaultListableBeanFactory@74d402dd: defining beans [org.springframework.context.annotation.internalConfigurationAnnotationProcessor,org.springframework.context.annotation.internalAutowiredAnnotationProcessor,org.springframework.context.annotation.internalRequiredAnnotationProcessor,org.springframework.context.annotation.internalCommonAnnotationProcessor,dataSource,transactionManager,org.springframework.aop.config.internalAutoProxyCreator,org.springframework.transaction.annotation.AnnotationTransactionAttributeSource#0,org.springframework.transaction.interceptor.TransactionInterceptor#0,org.springframework.transaction.config.internalTransactionAdvisor,jdbcTemplate,clusterService,taskDetail,taskTrigger,doSchedulerCluster,quartzTaskService,doScheduler,org.springframework.context.annotation.ConfigurationClassPostProcessor.importAwareProcessor]; root of factory hierarchy
2016-3-22 14:25:03 com.alibaba.druid.support.logging.JakartaCommonsLoggingImpl info
信息: {dataSource-1} inited
2016-3-22 14:25:03 org.springframework.scheduling.quartz.SchedulerFactoryBean initSchedulerFactory
信息: Loading Quartz config from [class path resource [properties/quartz.properties]]
2016-3-22 14:25:03 org.springframework.context.support.DefaultLifecycleProcessor$LifecycleGroup start
信息: Starting beans in phase 2147483647
2016-3-22 14:25:03 org.springframework.scheduling.quartz.SchedulerFactoryBean startScheduler
信息: Starting Quartz Scheduler now
2016-3-22 14:25:03 org.springframework.scheduling.quartz.SchedulerFactoryBean startScheduler
信息: Starting Quartz Scheduler now
2016-3-22 14:25:03 org.springframework.web.context.ContextLoader initWebApplicationContext
信息: Root WebApplicationContext: initialization completed in 1227 ms
2016-3-22 14:25:03 com.radiadesign.catalina.session.RedisSessionManager startInternal
信息: Attached to RedisSessionHandlerValve
2016-3-22 14:25:03 com.radiadesign.catalina.session.RedisSessionManager initializeSerializer
信息: Attempting to use serializer :com.radiadesign.catalina.session.JavaSerializer
2016-3-22 14:25:03 com.radiadesign.catalina.session.RedisSessionManager startInternal
信息: Will expire sessions after 30 seconds
2016-3-22 14:25:03 org.apache.coyote.AbstractProtocol start
信息: Starting ProtocolHandler ["http-apr-8080"]
2016-3-22 14:25:03 org.apache.coyote.AbstractProtocol start
信息: Starting ProtocolHandler ["ajp-apr-8009"]
2016-3-22 14:25:03 org.apache.catalina.startup.Catalina start
信息: Server startup in 2590 ms
2016-3-22 14:26:24 org.apache.catalina.startup.VersionLoggerListener log
信息: Server version:        Apache Tomcat/7.0.68
2016-3-22 14:26:24 org.apache.catalina.startup.VersionLoggerListener log
信息: Server built:          Feb 8 2016 20:25:54 UTC
2016-3-22 14:26:24 org.apache.catalina.startup.VersionLoggerListener log
信息: Server number:         7.0.68.0
2016-3-22 14:26:24 org.apache.catalina.startup.VersionLoggerListener log
信息: OS Name:               Windows 7
2016-3-22 14:26:24 org.apache.catalina.startup.VersionLoggerListener log
信息: OS Version:            6.1
2016-3-22 14:26:24 org.apache.catalina.startup.VersionLoggerListener log
信息: Architecture:          amd64
2016-3-22 14:26:24 org.apache.catalina.startup.VersionLoggerListener log
信息: Java Home:             C:\Program Files\Java\jdk1.6.0_45\jre
2016-3-22 14:26:24 org.apache.catalina.startup.VersionLoggerListener log
信息: JVM Version:           1.6.0_45-b06
2016-3-22 14:26:24 org.apache.catalina.startup.VersionLoggerListener log
信息: JVM Vendor:            Sun Microsystems Inc.
2016-3-22 14:26:24 org.apache.catalina.startup.VersionLoggerListener log
信息: CATALINA_BASE:         C:\Users\quxiucheng\Desktop\tomcat8080\apache-tomcat-7.0.68
2016-3-22 14:26:24 org.apache.catalina.startup.VersionLoggerListener log
信息: CATALINA_HOME:         C:\Users\quxiucheng\Desktop\tomcat8080\apache-tomcat-7.0.68
2016-3-22 14:26:24 org.apache.catalina.startup.VersionLoggerListener log
信息: Command line argument: -Djava.util.logging.config.file=C:\Users\quxiucheng\Desktop\tomcat8080\apache-tomcat-7.0.68\conf\logging.properties
2016-3-22 14:26:24 org.apache.catalina.startup.VersionLoggerListener log
信息: Command line argument: -Djava.util.logging.manager=org.apache.juli.ClassLoaderLogManager
2016-3-22 14:26:24 org.apache.catalina.startup.VersionLoggerListener log
信息: Command line argument: -Djava.endorsed.dirs=C:\Users\quxiucheng\Desktop\tomcat8080\apache-tomcat-7.0.68\endorsed
2016-3-22 14:26:24 org.apache.catalina.startup.VersionLoggerListener log
信息: Command line argument: -Dcatalina.base=C:\Users\quxiucheng\Desktop\tomcat8080\apache-tomcat-7.0.68
2016-3-22 14:26:24 org.apache.catalina.startup.VersionLoggerListener log
信息: Command line argument: -Dcatalina.home=C:\Users\quxiucheng\Desktop\tomcat8080\apache-tomcat-7.0.68
2016-3-22 14:26:24 org.apache.catalina.startup.VersionLoggerListener log
信息: Command line argument: -Djava.io.tmpdir=C:\Users\quxiucheng\Desktop\tomcat8080\apache-tomcat-7.0.68\temp
2016-3-22 14:26:24 org.apache.catalina.core.AprLifecycleListener lifecycleEvent
信息: Loaded APR based Apache Tomcat Native library 1.1.33 using APR version 1.5.1.
2016-3-22 14:26:24 org.apache.catalina.core.AprLifecycleListener lifecycleEvent
信息: APR capabilities: IPv6 [true], sendfile [true], accept filters [false], random [true].
2016-3-22 14:26:24 org.apache.catalina.core.AprLifecycleListener initializeSSL
信息: OpenSSL successfully initialized (OpenSSL 1.0.1m 19 Mar 2015)
2016-3-22 14:26:24 org.apache.coyote.AbstractProtocol init
信息: Initializing ProtocolHandler ["http-apr-8080"]
2016-3-22 14:26:24 org.apache.coyote.AbstractProtocol init
信息: Initializing ProtocolHandler ["ajp-apr-8009"]
2016-3-22 14:26:24 org.apache.catalina.startup.Catalina load
信息: Initialization processed in 759 ms
2016-3-22 14:26:24 org.apache.catalina.core.StandardService startInternal
信息: Starting service Catalina
2016-3-22 14:26:24 org.apache.catalina.core.StandardEngine startInternal
信息: Starting Servlet Engine: Apache Tomcat/7.0.68
2016-3-22 14:26:26 org.apache.catalina.startup.TldConfig execute
信息: At least one JAR was scanned for TLDs yet contained no TLDs. Enable debug logging for this logger for a complete list of JARs that were scanned but no TLDs were found in them. Skipping unneeded JARs during scanning can improve startup time and JSP compilation time.
2016-3-22 14:26:26 org.apache.tomcat.websocket.server.WsSci onStartup
信息: JSR 356 WebSocket (Java WebSocket 1.1) support is not available when running on Java 6. To suppress this message, run Tomcat on Java 7, remove the WebSocket JARs from $CATALINA_HOME/lib or add the WebSocket JARs to the tomcat.util.scan.DefaultJarScanner.jarsToSkip property in $CATALINA_BASE/conf/catalina.properties. Note that the deprecated Tomcat 7 WebSocket API will be available. 
2016-3-22 14:26:26 org.springframework.web.context.ContextLoader initWebApplicationContext
信息: Root WebApplicationContext: initialization started
2016-3-22 14:26:26 org.springframework.context.support.AbstractApplicationContext prepareRefresh
信息: Refreshing Root WebApplicationContext: startup date [Tue Mar 22 14:26:26 CST 2016]; root of context hierarchy
2016-3-22 14:26:26 org.springframework.beans.factory.xml.XmlBeanDefinitionReader loadBeanDefinitions
信息: Loading XML bean definitions from file [C:\Users\quxiucheng\Desktop\012work\WEB-INF\classes\spring\spring-context-cluster.xml]
2016-3-22 14:26:26 org.springframework.beans.factory.xml.XmlBeanDefinitionReader loadBeanDefinitions
信息: Loading XML bean definitions from file [C:\Users\quxiucheng\Desktop\012work\WEB-INF\classes\spring\spring-context-db.xml]
2016-3-22 14:26:26 org.springframework.beans.factory.xml.XmlBeanDefinitionReader loadBeanDefinitions
信息: Loading XML bean definitions from file [C:\Users\quxiucheng\Desktop\012work\WEB-INF\classes\spring\spring-context-db.xml]
2016-3-22 14:26:26 org.springframework.beans.factory.support.DefaultListableBeanFactory registerBeanDefinition
信息: Overriding bean definition for bean 'dataSource': replacing [Generic bean: class [com.alibaba.druid.pool.DruidDataSource]; scope=; abstract=false; lazyInit=false; autowireMode=0; dependencyCheck=0; autowireCandidate=true; primary=false; factoryBeanName=null; factoryMethodName=null; initMethodName=init; destroyMethodName=close; defined in file [C:\Users\quxiucheng\Desktop\012work\WEB-INF\classes\spring\spring-context-db.xml]] with [Generic bean: class [com.alibaba.druid.pool.DruidDataSource]; scope=; abstract=false; lazyInit=false; autowireMode=0; dependencyCheck=0; autowireCandidate=true; primary=false; factoryBeanName=null; factoryMethodName=null; initMethodName=init; destroyMethodName=close; defined in file [C:\Users\quxiucheng\Desktop\012work\WEB-INF\classes\spring\spring-context-db.xml]]
2016-3-22 14:26:26 org.springframework.beans.factory.support.DefaultListableBeanFactory registerBeanDefinition
信息: Overriding bean definition for bean 'transactionManager': replacing [Generic bean: class [org.springframework.jdbc.datasource.DataSourceTransactionManager]; scope=; abstract=false; lazyInit=false; autowireMode=0; dependencyCheck=0; autowireCandidate=true; primary=false; factoryBeanName=null; factoryMethodName=null; initMethodName=null; destroyMethodName=null; defined in file [C:\Users\quxiucheng\Desktop\012work\WEB-INF\classes\spring\spring-context-db.xml]] with [Generic bean: class [org.springframework.jdbc.datasource.DataSourceTransactionManager]; scope=; abstract=false; lazyInit=false; autowireMode=0; dependencyCheck=0; autowireCandidate=true; primary=false; factoryBeanName=null; factoryMethodName=null; initMethodName=null; destroyMethodName=null; defined in file [C:\Users\quxiucheng\Desktop\012work\WEB-INF\classes\spring\spring-context-db.xml]]
2016-3-22 14:26:26 org.springframework.beans.factory.support.DefaultListableBeanFactory registerBeanDefinition
信息: Overriding bean definition for bean 'jdbcTemplate': replacing [Generic bean: class [org.springframework.jdbc.core.JdbcTemplate]; scope=; abstract=false; lazyInit=false; autowireMode=0; dependencyCheck=0; autowireCandidate=true; primary=false; factoryBeanName=null; factoryMethodName=null; initMethodName=null; destroyMethodName=null; defined in file [C:\Users\quxiucheng\Desktop\012work\WEB-INF\classes\spring\spring-context-db.xml]] with [Generic bean: class [org.springframework.jdbc.core.JdbcTemplate]; scope=; abstract=false; lazyInit=false; autowireMode=0; dependencyCheck=0; autowireCandidate=true; primary=false; factoryBeanName=null; factoryMethodName=null; initMethodName=null; destroyMethodName=null; defined in file [C:\Users\quxiucheng\Desktop\012work\WEB-INF\classes\spring\spring-context-db.xml]]
2016-3-22 14:26:26 org.springframework.beans.factory.xml.XmlBeanDefinitionReader loadBeanDefinitions
信息: Loading XML bean definitions from file [C:\Users\quxiucheng\Desktop\012work\WEB-INF\classes\spring\spring-context-quartz.xml]
2016-3-22 14:26:26 org.springframework.beans.factory.support.DefaultListableBeanFactory registerBeanDefinition
信息: Overriding bean definition for bean 'taskDetail': replacing [Generic bean: class [org.springframework.scheduling.quartz.JobDetailBean]; scope=; abstract=false; lazyInit=true; autowireMode=0; dependencyCheck=0; autowireCandidate=true; primary=false; factoryBeanName=null; factoryMethodName=null; initMethodName=null; destroyMethodName=null; defined in file [C:\Users\quxiucheng\Desktop\012work\WEB-INF\classes\spring\spring-context-cluster.xml]] with [Generic bean: class [org.springframework.scheduling.quartz.MethodInvokingJobDetailFactoryBean]; scope=; abstract=false; lazyInit=true; autowireMode=0; dependencyCheck=0; autowireCandidate=true; primary=false; factoryBeanName=null; factoryMethodName=null; initMethodName=null; destroyMethodName=null; defined in file [C:\Users\quxiucheng\Desktop\012work\WEB-INF\classes\spring\spring-context-quartz.xml]]
2016-3-22 14:26:26 org.springframework.beans.factory.support.DefaultListableBeanFactory registerBeanDefinition
信息: Overriding bean definition for bean 'taskTrigger': replacing [Generic bean: class [org.springframework.scheduling.quartz.CronTriggerBean]; scope=; abstract=false; lazyInit=true; autowireMode=0; dependencyCheck=0; autowireCandidate=true; primary=false; factoryBeanName=null; factoryMethodName=null; initMethodName=null; destroyMethodName=null; defined in file [C:\Users\quxiucheng\Desktop\012work\WEB-INF\classes\spring\spring-context-cluster.xml]] with [Generic bean: class [org.springframework.scheduling.quartz.CronTriggerBean]; scope=; abstract=false; lazyInit=true; autowireMode=0; dependencyCheck=0; autowireCandidate=true; primary=false; factoryBeanName=null; factoryMethodName=null; initMethodName=null; destroyMethodName=null; defined in file [C:\Users\quxiucheng\Desktop\012work\WEB-INF\classes\spring\spring-context-quartz.xml]]
2016-3-22 14:26:26 org.springframework.beans.factory.support.DefaultListableBeanFactory preInstantiateSingletons
信息: Pre-instantiating singletons in org.springframework.beans.factory.support.DefaultListableBeanFactory@5d90b72c: defining beans [org.springframework.context.annotation.internalConfigurationAnnotationProcessor,org.springframework.context.annotation.internalAutowiredAnnotationProcessor,org.springframework.context.annotation.internalRequiredAnnotationProcessor,org.springframework.context.annotation.internalCommonAnnotationProcessor,dataSource,transactionManager,org.springframework.aop.config.internalAutoProxyCreator,org.springframework.transaction.annotation.AnnotationTransactionAttributeSource#0,org.springframework.transaction.interceptor.TransactionInterceptor#0,org.springframework.transaction.config.internalTransactionAdvisor,jdbcTemplate,clusterService,taskDetail,taskTrigger,doSchedulerCluster,quartzTaskService,doScheduler,org.springframework.context.annotation.ConfigurationClassPostProcessor.importAwareProcessor]; root of factory hierarchy
2016-3-22 14:26:26 com.alibaba.druid.support.logging.JakartaCommonsLoggingImpl info
信息: {dataSource-1} inited
2016-3-22 14:26:27 org.springframework.scheduling.quartz.SchedulerFactoryBean initSchedulerFactory
信息: Loading Quartz config from [class path resource [properties/quartz.properties]]
2016-3-22 14:26:27 org.springframework.context.support.DefaultLifecycleProcessor$LifecycleGroup start
信息: Starting beans in phase 2147483647
2016-3-22 14:26:27 org.springframework.scheduling.quartz.SchedulerFactoryBean startScheduler
信息: Starting Quartz Scheduler now
2016-3-22 14:26:27 org.springframework.scheduling.quartz.SchedulerFactoryBean startScheduler
信息: Starting Quartz Scheduler now
2016-3-22 14:26:27 org.springframework.web.context.ContextLoader initWebApplicationContext
信息: Root WebApplicationContext: initialization completed in 1078 ms
2016-3-22 14:26:27 com.radiadesign.catalina.session.RedisSessionManager startInternal
信息: Attached to RedisSessionHandlerValve
2016-3-22 14:26:27 com.radiadesign.catalina.session.RedisSessionManager initializeSerializer
信息: Attempting to use serializer :com.radiadesign.catalina.session.JavaSerializer
2016-3-22 14:26:27 com.radiadesign.catalina.session.RedisSessionManager startInternal
信息: Will expire sessions after 30 seconds
2016-3-22 14:26:27 org.apache.coyote.AbstractProtocol start
信息: Starting ProtocolHandler ["http-apr-8080"]
2016-3-22 14:26:27 org.apache.coyote.AbstractProtocol start
信息: Starting ProtocolHandler ["ajp-apr-8009"]
2016-3-22 14:26:27 org.apache.catalina.startup.Catalina start
信息: Server startup in 2371 ms
2016-3-22 14:27:08 org.apache.catalina.startup.VersionLoggerListener log
信息: Server version:        Apache Tomcat/7.0.68
2016-3-22 14:27:08 org.apache.catalina.startup.VersionLoggerListener log
信息: Server built:          Feb 8 2016 20:25:54 UTC
2016-3-22 14:27:08 org.apache.catalina.startup.VersionLoggerListener log
信息: Server number:         7.0.68.0
2016-3-22 14:27:08 org.apache.catalina.startup.VersionLoggerListener log
信息: OS Name:               Windows 7
2016-3-22 14:27:08 org.apache.catalina.startup.VersionLoggerListener log
信息: OS Version:            6.1
2016-3-22 14:27:08 org.apache.catalina.startup.VersionLoggerListener log
信息: Architecture:          amd64
2016-3-22 14:27:08 org.apache.catalina.startup.VersionLoggerListener log
信息: Java Home:             C:\Program Files\Java\jdk1.6.0_45\jre
2016-3-22 14:27:08 org.apache.catalina.startup.VersionLoggerListener log
信息: JVM Version:           1.6.0_45-b06
2016-3-22 14:27:08 org.apache.catalina.startup.VersionLoggerListener log
信息: JVM Vendor:            Sun Microsystems Inc.
2016-3-22 14:27:08 org.apache.catalina.startup.VersionLoggerListener log
信息: CATALINA_BASE:         C:\Users\quxiucheng\Desktop\tomcat8080\apache-tomcat-7.0.68
2016-3-22 14:27:08 org.apache.catalina.startup.VersionLoggerListener log
信息: CATALINA_HOME:         C:\Users\quxiucheng\Desktop\tomcat8080\apache-tomcat-7.0.68
2016-3-22 14:27:08 org.apache.catalina.startup.VersionLoggerListener log
信息: Command line argument: -Djava.util.logging.config.file=C:\Users\quxiucheng\Desktop\tomcat8080\apache-tomcat-7.0.68\conf\logging.properties
2016-3-22 14:27:08 org.apache.catalina.startup.VersionLoggerListener log
信息: Command line argument: -Djava.util.logging.manager=org.apache.juli.ClassLoaderLogManager
2016-3-22 14:27:08 org.apache.catalina.startup.VersionLoggerListener log
信息: Command line argument: -Djava.endorsed.dirs=C:\Users\quxiucheng\Desktop\tomcat8080\apache-tomcat-7.0.68\endorsed
2016-3-22 14:27:08 org.apache.catalina.startup.VersionLoggerListener log
信息: Command line argument: -Dcatalina.base=C:\Users\quxiucheng\Desktop\tomcat8080\apache-tomcat-7.0.68
2016-3-22 14:27:08 org.apache.catalina.startup.VersionLoggerListener log
信息: Command line argument: -Dcatalina.home=C:\Users\quxiucheng\Desktop\tomcat8080\apache-tomcat-7.0.68
2016-3-22 14:27:08 org.apache.catalina.startup.VersionLoggerListener log
信息: Command line argument: -Djava.io.tmpdir=C:\Users\quxiucheng\Desktop\tomcat8080\apache-tomcat-7.0.68\temp
2016-3-22 14:27:08 org.apache.catalina.core.AprLifecycleListener lifecycleEvent
信息: Loaded APR based Apache Tomcat Native library 1.1.33 using APR version 1.5.1.
2016-3-22 14:27:08 org.apache.catalina.core.AprLifecycleListener lifecycleEvent
信息: APR capabilities: IPv6 [true], sendfile [true], accept filters [false], random [true].
2016-3-22 14:27:08 org.apache.catalina.core.AprLifecycleListener initializeSSL
信息: OpenSSL successfully initialized (OpenSSL 1.0.1m 19 Mar 2015)
2016-3-22 14:27:08 org.apache.coyote.AbstractProtocol init
信息: Initializing ProtocolHandler ["http-apr-8080"]
2016-3-22 14:27:08 org.apache.coyote.AbstractProtocol init
信息: Initializing ProtocolHandler ["ajp-apr-8009"]
2016-3-22 14:27:08 org.apache.catalina.startup.Catalina load
信息: Initialization processed in 741 ms
2016-3-22 14:27:08 org.apache.catalina.core.StandardService startInternal
信息: Starting service Catalina
2016-3-22 14:27:08 org.apache.catalina.core.StandardEngine startInternal
信息: Starting Servlet Engine: Apache Tomcat/7.0.68
2016-3-22 14:27:09 org.apache.catalina.startup.TldConfig execute
信息: At least one JAR was scanned for TLDs yet contained no TLDs. Enable debug logging for this logger for a complete list of JARs that were scanned but no TLDs were found in them. Skipping unneeded JARs during scanning can improve startup time and JSP compilation time.
2016-3-22 14:27:09 org.apache.tomcat.websocket.server.WsSci onStartup
信息: JSR 356 WebSocket (Java WebSocket 1.1) support is not available when running on Java 6. To suppress this message, run Tomcat on Java 7, remove the WebSocket JARs from $CATALINA_HOME/lib or add the WebSocket JARs to the tomcat.util.scan.DefaultJarScanner.jarsToSkip property in $CATALINA_BASE/conf/catalina.properties. Note that the deprecated Tomcat 7 WebSocket API will be available. 
2016-3-22 14:27:09 org.springframework.web.context.ContextLoader initWebApplicationContext
信息: Root WebApplicationContext: initialization started
2016-3-22 14:27:09 org.springframework.context.support.AbstractApplicationContext prepareRefresh
信息: Refreshing Root WebApplicationContext: startup date [Tue Mar 22 14:27:09 CST 2016]; root of context hierarchy
2016-3-22 14:27:09 org.springframework.beans.factory.xml.XmlBeanDefinitionReader loadBeanDefinitions
信息: Loading XML bean definitions from file [C:\Users\quxiucheng\Desktop\012work\WEB-INF\classes\spring\spring-context-cluster.xml]
2016-3-22 14:27:09 org.springframework.beans.factory.xml.XmlBeanDefinitionReader loadBeanDefinitions
信息: Loading XML bean definitions from file [C:\Users\quxiucheng\Desktop\012work\WEB-INF\classes\spring\spring-context-db.xml]
2016-3-22 14:27:09 org.springframework.beans.factory.xml.XmlBeanDefinitionReader loadBeanDefinitions
信息: Loading XML bean definitions from file [C:\Users\quxiucheng\Desktop\012work\WEB-INF\classes\spring\spring-context-db.xml]
2016-3-22 14:27:09 org.springframework.beans.factory.support.DefaultListableBeanFactory registerBeanDefinition
信息: Overriding bean definition for bean 'dataSource': replacing [Generic bean: class [com.alibaba.druid.pool.DruidDataSource]; scope=; abstract=false; lazyInit=false; autowireMode=0; dependencyCheck=0; autowireCandidate=true; primary=false; factoryBeanName=null; factoryMethodName=null; initMethodName=init; destroyMethodName=close; defined in file [C:\Users\quxiucheng\Desktop\012work\WEB-INF\classes\spring\spring-context-db.xml]] with [Generic bean: class [com.alibaba.druid.pool.DruidDataSource]; scope=; abstract=false; lazyInit=false; autowireMode=0; dependencyCheck=0; autowireCandidate=true; primary=false; factoryBeanName=null; factoryMethodName=null; initMethodName=init; destroyMethodName=close; defined in file [C:\Users\quxiucheng\Desktop\012work\WEB-INF\classes\spring\spring-context-db.xml]]
2016-3-22 14:27:09 org.springframework.beans.factory.support.DefaultListableBeanFactory registerBeanDefinition
信息: Overriding bean definition for bean 'transactionManager': replacing [Generic bean: class [org.springframework.jdbc.datasource.DataSourceTransactionManager]; scope=; abstract=false; lazyInit=false; autowireMode=0; dependencyCheck=0; autowireCandidate=true; primary=false; factoryBeanName=null; factoryMethodName=null; initMethodName=null; destroyMethodName=null; defined in file [C:\Users\quxiucheng\Desktop\012work\WEB-INF\classes\spring\spring-context-db.xml]] with [Generic bean: class [org.springframework.jdbc.datasource.DataSourceTransactionManager]; scope=; abstract=false; lazyInit=false; autowireMode=0; dependencyCheck=0; autowireCandidate=true; primary=false; factoryBeanName=null; factoryMethodName=null; initMethodName=null; destroyMethodName=null; defined in file [C:\Users\quxiucheng\Desktop\012work\WEB-INF\classes\spring\spring-context-db.xml]]
2016-3-22 14:27:09 org.springframework.beans.factory.support.DefaultListableBeanFactory registerBeanDefinition
信息: Overriding bean definition for bean 'jdbcTemplate': replacing [Generic bean: class [org.springframework.jdbc.core.JdbcTemplate]; scope=; abstract=false; lazyInit=false; autowireMode=0; dependencyCheck=0; autowireCandidate=true; primary=false; factoryBeanName=null; factoryMethodName=null; initMethodName=null; destroyMethodName=null; defined in file [C:\Users\quxiucheng\Desktop\012work\WEB-INF\classes\spring\spring-context-db.xml]] with [Generic bean: class [org.springframework.jdbc.core.JdbcTemplate]; scope=; abstract=false; lazyInit=false; autowireMode=0; dependencyCheck=0; autowireCandidate=true; primary=false; factoryBeanName=null; factoryMethodName=null; initMethodName=null; destroyMethodName=null; defined in file [C:\Users\quxiucheng\Desktop\012work\WEB-INF\classes\spring\spring-context-db.xml]]
2016-3-22 14:27:09 org.springframework.beans.factory.xml.XmlBeanDefinitionReader loadBeanDefinitions
信息: Loading XML bean definitions from file [C:\Users\quxiucheng\Desktop\012work\WEB-INF\classes\spring\spring-context-quartz.xml]
2016-3-22 14:27:09 org.springframework.beans.factory.support.DefaultListableBeanFactory registerBeanDefinition
信息: Overriding bean definition for bean 'taskDetail': replacing [Generic bean: class [org.springframework.scheduling.quartz.JobDetailBean]; scope=; abstract=false; lazyInit=true; autowireMode=0; dependencyCheck=0; autowireCandidate=true; primary=false; factoryBeanName=null; factoryMethodName=null; initMethodName=null; destroyMethodName=null; defined in file [C:\Users\quxiucheng\Desktop\012work\WEB-INF\classes\spring\spring-context-cluster.xml]] with [Generic bean: class [org.springframework.scheduling.quartz.MethodInvokingJobDetailFactoryBean]; scope=; abstract=false; lazyInit=true; autowireMode=0; dependencyCheck=0; autowireCandidate=true; primary=false; factoryBeanName=null; factoryMethodName=null; initMethodName=null; destroyMethodName=null; defined in file [C:\Users\quxiucheng\Desktop\012work\WEB-INF\classes\spring\spring-context-quartz.xml]]
2016-3-22 14:27:09 org.springframework.beans.factory.support.DefaultListableBeanFactory registerBeanDefinition
信息: Overriding bean definition for bean 'taskTrigger': replacing [Generic bean: class [org.springframework.scheduling.quartz.CronTriggerBean]; scope=; abstract=false; lazyInit=true; autowireMode=0; dependencyCheck=0; autowireCandidate=true; primary=false; factoryBeanName=null; factoryMethodName=null; initMethodName=null; destroyMethodName=null; defined in file [C:\Users\quxiucheng\Desktop\012work\WEB-INF\classes\spring\spring-context-cluster.xml]] with [Generic bean: class [org.springframework.scheduling.quartz.CronTriggerBean]; scope=; abstract=false; lazyInit=true; autowireMode=0; dependencyCheck=0; autowireCandidate=true; primary=false; factoryBeanName=null; factoryMethodName=null; initMethodName=null; destroyMethodName=null; defined in file [C:\Users\quxiucheng\Desktop\012work\WEB-INF\classes\spring\spring-context-quartz.xml]]
2016-3-22 14:27:10 org.springframework.beans.factory.support.DefaultListableBeanFactory preInstantiateSingletons
信息: Pre-instantiating singletons in org.springframework.beans.factory.support.DefaultListableBeanFactory@c4e21db: defining beans [org.springframework.context.annotation.internalConfigurationAnnotationProcessor,org.springframework.context.annotation.internalAutowiredAnnotationProcessor,org.springframework.context.annotation.internalRequiredAnnotationProcessor,org.springframework.context.annotation.internalCommonAnnotationProcessor,dataSource,transactionManager,org.springframework.aop.config.internalAutoProxyCreator,org.springframework.transaction.annotation.AnnotationTransactionAttributeSource#0,org.springframework.transaction.interceptor.TransactionInterceptor#0,org.springframework.transaction.config.internalTransactionAdvisor,jdbcTemplate,clusterService,taskDetail,taskTrigger,doSchedulerCluster,quartzTaskService,doScheduler,org.springframework.context.annotation.ConfigurationClassPostProcessor.importAwareProcessor]; root of factory hierarchy
2016-3-22 14:27:10 com.alibaba.druid.support.logging.JakartaCommonsLoggingImpl info
信息: {dataSource-1} inited
2016-3-22 14:27:10 org.springframework.scheduling.quartz.SchedulerFactoryBean initSchedulerFactory
信息: Loading Quartz config from [class path resource [properties/quartz.properties]]
2016-3-22 14:27:10 org.springframework.context.support.DefaultLifecycleProcessor$LifecycleGroup start
信息: Starting beans in phase 2147483647
2016-3-22 14:27:10 org.springframework.scheduling.quartz.SchedulerFactoryBean startScheduler
信息: Starting Quartz Scheduler now
2016-3-22 14:27:10 org.springframework.scheduling.quartz.SchedulerFactoryBean startScheduler
信息: Starting Quartz Scheduler now
2016-3-22 14:27:10 org.springframework.web.context.ContextLoader initWebApplicationContext
信息: Root WebApplicationContext: initialization completed in 1020 ms
2016-3-22 14:27:10 com.radiadesign.catalina.session.RedisSessionManager startInternal
信息: Attached to RedisSessionHandlerValve
2016-3-22 14:27:10 com.radiadesign.catalina.session.RedisSessionManager initializeSerializer
信息: Attempting to use serializer :com.radiadesign.catalina.session.JavaSerializer
2016-3-22 14:27:10 com.radiadesign.catalina.session.RedisSessionManager startInternal
信息: Will expire sessions after 30 seconds
2016-3-22 14:27:10 org.apache.coyote.AbstractProtocol start
信息: Starting ProtocolHandler ["http-apr-8080"]
2016-3-22 14:27:10 org.apache.coyote.AbstractProtocol start
信息: Starting ProtocolHandler ["ajp-apr-8009"]
2016-3-22 14:27:10 org.apache.catalina.startup.Catalina start
信息: Server startup in 2294 ms
2016-3-22 14:29:23 org.apache.catalina.startup.VersionLoggerListener log
信息: Server version:        Apache Tomcat/7.0.68
2016-3-22 14:29:23 org.apache.catalina.startup.VersionLoggerListener log
信息: Server built:          Feb 8 2016 20:25:54 UTC
2016-3-22 14:29:23 org.apache.catalina.startup.VersionLoggerListener log
信息: Server number:         7.0.68.0
2016-3-22 14:29:23 org.apache.catalina.startup.VersionLoggerListener log
信息: OS Name:               Windows 7
2016-3-22 14:29:23 org.apache.catalina.startup.VersionLoggerListener log
信息: OS Version:            6.1
2016-3-22 14:29:23 org.apache.catalina.startup.VersionLoggerListener log
信息: Architecture:          amd64
2016-3-22 14:29:23 org.apache.catalina.startup.VersionLoggerListener log
信息: Java Home:             C:\Program Files\Java\jdk1.6.0_45\jre
2016-3-22 14:29:23 org.apache.catalina.startup.VersionLoggerListener log
信息: JVM Version:           1.6.0_45-b06
2016-3-22 14:29:23 org.apache.catalina.startup.VersionLoggerListener log
信息: JVM Vendor:            Sun Microsystems Inc.
2016-3-22 14:29:23 org.apache.catalina.startup.VersionLoggerListener log
信息: CATALINA_BASE:         C:\Users\quxiucheng\Desktop\tomcat8080\apache-tomcat-7.0.68
2016-3-22 14:29:23 org.apache.catalina.startup.VersionLoggerListener log
信息: CATALINA_HOME:         C:\Users\quxiucheng\Desktop\tomcat8080\apache-tomcat-7.0.68
2016-3-22 14:29:23 org.apache.catalina.startup.VersionLoggerListener log
信息: Command line argument: -Djava.util.logging.config.file=C:\Users\quxiucheng\Desktop\tomcat8080\apache-tomcat-7.0.68\conf\logging.properties
2016-3-22 14:29:23 org.apache.catalina.startup.VersionLoggerListener log
信息: Command line argument: -Djava.util.logging.manager=org.apache.juli.ClassLoaderLogManager
2016-3-22 14:29:23 org.apache.catalina.startup.VersionLoggerListener log
信息: Command line argument: -Djava.endorsed.dirs=C:\Users\quxiucheng\Desktop\tomcat8080\apache-tomcat-7.0.68\endorsed
2016-3-22 14:29:23 org.apache.catalina.startup.VersionLoggerListener log
信息: Command line argument: -Dcatalina.base=C:\Users\quxiucheng\Desktop\tomcat8080\apache-tomcat-7.0.68
2016-3-22 14:29:23 org.apache.catalina.startup.VersionLoggerListener log
信息: Command line argument: -Dcatalina.home=C:\Users\quxiucheng\Desktop\tomcat8080\apache-tomcat-7.0.68
2016-3-22 14:29:23 org.apache.catalina.startup.VersionLoggerListener log
信息: Command line argument: -Djava.io.tmpdir=C:\Users\quxiucheng\Desktop\tomcat8080\apache-tomcat-7.0.68\temp
2016-3-22 14:29:23 org.apache.catalina.core.AprLifecycleListener lifecycleEvent
信息: Loaded APR based Apache Tomcat Native library 1.1.33 using APR version 1.5.1.
2016-3-22 14:29:23 org.apache.catalina.core.AprLifecycleListener lifecycleEvent
信息: APR capabilities: IPv6 [true], sendfile [true], accept filters [false], random [true].
2016-3-22 14:29:23 org.apache.catalina.core.AprLifecycleListener initializeSSL
信息: OpenSSL successfully initialized (OpenSSL 1.0.1m 19 Mar 2015)
2016-3-22 14:29:24 org.apache.coyote.AbstractProtocol init
信息: Initializing ProtocolHandler ["http-apr-8080"]
2016-3-22 14:29:24 org.apache.coyote.AbstractProtocol init
信息: Initializing ProtocolHandler ["ajp-apr-8009"]
2016-3-22 14:29:24 org.apache.catalina.startup.Catalina load
信息: Initialization processed in 732 ms
2016-3-22 14:29:24 org.apache.catalina.core.StandardService startInternal
信息: Starting service Catalina
2016-3-22 14:29:24 org.apache.catalina.core.StandardEngine startInternal
信息: Starting Servlet Engine: Apache Tomcat/7.0.68
2016-3-22 14:29:25 org.apache.catalina.startup.TldConfig execute
信息: At least one JAR was scanned for TLDs yet contained no TLDs. Enable debug logging for this logger for a complete list of JARs that were scanned but no TLDs were found in them. Skipping unneeded JARs during scanning can improve startup time and JSP compilation time.
2016-3-22 14:29:25 org.apache.tomcat.websocket.server.WsSci onStartup
信息: JSR 356 WebSocket (Java WebSocket 1.1) support is not available when running on Java 6. To suppress this message, run Tomcat on Java 7, remove the WebSocket JARs from $CATALINA_HOME/lib or add the WebSocket JARs to the tomcat.util.scan.DefaultJarScanner.jarsToSkip property in $CATALINA_BASE/conf/catalina.properties. Note that the deprecated Tomcat 7 WebSocket API will be available. 
2016-3-22 14:29:25 org.springframework.web.context.ContextLoader initWebApplicationContext
信息: Root WebApplicationContext: initialization started
2016-3-22 14:29:25 org.springframework.context.support.AbstractApplicationContext prepareRefresh
信息: Refreshing Root WebApplicationContext: startup date [Tue Mar 22 14:29:25 CST 2016]; root of context hierarchy
2016-3-22 14:29:25 org.springframework.beans.factory.xml.XmlBeanDefinitionReader loadBeanDefinitions
信息: Loading XML bean definitions from file [C:\Users\quxiucheng\Desktop\012work\WEB-INF\classes\spring\spring-context-cluster.xml]
2016-3-22 14:29:25 org.springframework.beans.factory.xml.XmlBeanDefinitionReader loadBeanDefinitions
信息: Loading XML bean definitions from file [C:\Users\quxiucheng\Desktop\012work\WEB-INF\classes\spring\spring-context-db.xml]
2016-3-22 14:29:25 org.springframework.beans.factory.xml.XmlBeanDefinitionReader loadBeanDefinitions
信息: Loading XML bean definitions from file [C:\Users\quxiucheng\Desktop\012work\WEB-INF\classes\spring\spring-context-db.xml]
2016-3-22 14:29:25 org.springframework.beans.factory.support.DefaultListableBeanFactory registerBeanDefinition
信息: Overriding bean definition for bean 'dataSource': replacing [Generic bean: class [com.alibaba.druid.pool.DruidDataSource]; scope=; abstract=false; lazyInit=false; autowireMode=0; dependencyCheck=0; autowireCandidate=true; primary=false; factoryBeanName=null; factoryMethodName=null; initMethodName=init; destroyMethodName=close; defined in file [C:\Users\quxiucheng\Desktop\012work\WEB-INF\classes\spring\spring-context-db.xml]] with [Generic bean: class [com.alibaba.druid.pool.DruidDataSource]; scope=; abstract=false; lazyInit=false; autowireMode=0; dependencyCheck=0; autowireCandidate=true; primary=false; factoryBeanName=null; factoryMethodName=null; initMethodName=init; destroyMethodName=close; defined in file [C:\Users\quxiucheng\Desktop\012work\WEB-INF\classes\spring\spring-context-db.xml]]
2016-3-22 14:29:25 org.springframework.beans.factory.support.DefaultListableBeanFactory registerBeanDefinition
信息: Overriding bean definition for bean 'transactionManager': replacing [Generic bean: class [org.springframework.jdbc.datasource.DataSourceTransactionManager]; scope=; abstract=false; lazyInit=false; autowireMode=0; dependencyCheck=0; autowireCandidate=true; primary=false; factoryBeanName=null; factoryMethodName=null; initMethodName=null; destroyMethodName=null; defined in file [C:\Users\quxiucheng\Desktop\012work\WEB-INF\classes\spring\spring-context-db.xml]] with [Generic bean: class [org.springframework.jdbc.datasource.DataSourceTransactionManager]; scope=; abstract=false; lazyInit=false; autowireMode=0; dependencyCheck=0; autowireCandidate=true; primary=false; factoryBeanName=null; factoryMethodName=null; initMethodName=null; destroyMethodName=null; defined in file [C:\Users\quxiucheng\Desktop\012work\WEB-INF\classes\spring\spring-context-db.xml]]
2016-3-22 14:29:25 org.springframework.beans.factory.support.DefaultListableBeanFactory registerBeanDefinition
信息: Overriding bean definition for bean 'jdbcTemplate': replacing [Generic bean: class [org.springframework.jdbc.core.JdbcTemplate]; scope=; abstract=false; lazyInit=false; autowireMode=0; dependencyCheck=0; autowireCandidate=true; primary=false; factoryBeanName=null; factoryMethodName=null; initMethodName=null; destroyMethodName=null; defined in file [C:\Users\quxiucheng\Desktop\012work\WEB-INF\classes\spring\spring-context-db.xml]] with [Generic bean: class [org.springframework.jdbc.core.JdbcTemplate]; scope=; abstract=false; lazyInit=false; autowireMode=0; dependencyCheck=0; autowireCandidate=true; primary=false; factoryBeanName=null; factoryMethodName=null; initMethodName=null; destroyMethodName=null; defined in file [C:\Users\quxiucheng\Desktop\012work\WEB-INF\classes\spring\spring-context-db.xml]]
2016-3-22 14:29:25 org.springframework.beans.factory.xml.XmlBeanDefinitionReader loadBeanDefinitions
信息: Loading XML bean definitions from file [C:\Users\quxiucheng\Desktop\012work\WEB-INF\classes\spring\spring-context-quartz.xml]
2016-3-22 14:29:25 org.springframework.beans.factory.support.DefaultListableBeanFactory registerBeanDefinition
信息: Overriding bean definition for bean 'taskDetail': replacing [Generic bean: class [org.springframework.scheduling.quartz.JobDetailBean]; scope=; abstract=false; lazyInit=true; autowireMode=0; dependencyCheck=0; autowireCandidate=true; primary=false; factoryBeanName=null; factoryMethodName=null; initMethodName=null; destroyMethodName=null; defined in file [C:\Users\quxiucheng\Desktop\012work\WEB-INF\classes\spring\spring-context-cluster.xml]] with [Generic bean: class [org.springframework.scheduling.quartz.MethodInvokingJobDetailFactoryBean]; scope=; abstract=false; lazyInit=true; autowireMode=0; dependencyCheck=0; autowireCandidate=true; primary=false; factoryBeanName=null; factoryMethodName=null; initMethodName=null; destroyMethodName=null; defined in file [C:\Users\quxiucheng\Desktop\012work\WEB-INF\classes\spring\spring-context-quartz.xml]]
2016-3-22 14:29:25 org.springframework.beans.factory.support.DefaultListableBeanFactory registerBeanDefinition
信息: Overriding bean definition for bean 'taskTrigger': replacing [Generic bean: class [org.springframework.scheduling.quartz.CronTriggerBean]; scope=; abstract=false; lazyInit=true; autowireMode=0; dependencyCheck=0; autowireCandidate=true; primary=false; factoryBeanName=null; factoryMethodName=null; initMethodName=null; destroyMethodName=null; defined in file [C:\Users\quxiucheng\Desktop\012work\WEB-INF\classes\spring\spring-context-cluster.xml]] with [Generic bean: class [org.springframework.scheduling.quartz.CronTriggerBean]; scope=; abstract=false; lazyInit=true; autowireMode=0; dependencyCheck=0; autowireCandidate=true; primary=false; factoryBeanName=null; factoryMethodName=null; initMethodName=null; destroyMethodName=null; defined in file [C:\Users\quxiucheng\Desktop\012work\WEB-INF\classes\spring\spring-context-quartz.xml]]
2016-3-22 14:29:25 org.springframework.beans.factory.support.DefaultListableBeanFactory preInstantiateSingletons
信息: Pre-instantiating singletons in org.springframework.beans.factory.support.DefaultListableBeanFactory@d1c55bb: defining beans [org.springframework.context.annotation.internalConfigurationAnnotationProcessor,org.springframework.context.annotation.internalAutowiredAnnotationProcessor,org.springframework.context.annotation.internalRequiredAnnotationProcessor,org.springframework.context.annotation.internalCommonAnnotationProcessor,dataSource,transactionManager,org.springframework.aop.config.internalAutoProxyCreator,org.springframework.transaction.annotation.AnnotationTransactionAttributeSource#0,org.springframework.transaction.interceptor.TransactionInterceptor#0,org.springframework.transaction.config.internalTransactionAdvisor,jdbcTemplate,clusterService,taskDetail,taskTrigger,doSchedulerCluster,quartzTaskService,doScheduler,org.springframework.context.annotation.ConfigurationClassPostProcessor.importAwareProcessor]; root of factory hierarchy
2016-3-22 14:29:26 com.alibaba.druid.support.logging.JakartaCommonsLoggingImpl info
信息: {dataSource-1} inited
2016-3-22 14:29:26 org.springframework.scheduling.quartz.SchedulerFactoryBean initSchedulerFactory
信息: Loading Quartz config from [class path resource [properties/quartz.properties]]
2016-3-22 14:29:26 org.springframework.context.support.DefaultLifecycleProcessor$LifecycleGroup start
信息: Starting beans in phase 2147483647
2016-3-22 14:29:26 org.springframework.scheduling.quartz.SchedulerFactoryBean startScheduler
信息: Starting Quartz Scheduler now
2016-3-22 14:29:26 org.springframework.scheduling.quartz.SchedulerFactoryBean startScheduler
信息: Starting Quartz Scheduler now
2016-3-22 14:29:26 org.springframework.web.context.ContextLoader initWebApplicationContext
信息: Root WebApplicationContext: initialization completed in 1087 ms
2016-3-22 14:29:26 com.radiadesign.catalina.session.RedisSessionManager startInternal
信息: Attached to RedisSessionHandlerValve
2016-3-22 14:29:26 com.radiadesign.catalina.session.RedisSessionManager initializeSerializer
信息: Attempting to use serializer :com.radiadesign.catalina.session.JavaSerializer
2016-3-22 14:29:26 com.radiadesign.catalina.session.RedisSessionManager startInternal
信息: Will expire sessions after 30 seconds
2016-3-22 14:29:26 org.apache.coyote.AbstractProtocol start
信息: Starting ProtocolHandler ["http-apr-8080"]
2016-3-22 14:29:26 org.apache.coyote.AbstractProtocol start
信息: Starting ProtocolHandler ["ajp-apr-8009"]
2016-3-22 14:29:26 org.apache.catalina.startup.Catalina start
信息: Server startup in 2375 ms
