2016-3-23 13:54:08 org.apache.catalina.core.ApplicationContext log
信息: No Spring WebApplicationInitializer types detected on classpath
2016-3-23 13:54:08 org.apache.catalina.core.ApplicationContext log
信息: Initializing Spring root WebApplicationContext
2016-3-23 13:54:10 org.apache.catalina.core.ApplicationContext log
信息: Initializing Spring FrameworkServlet 'springMvc'
2016-3-23 13:56:06 org.apache.catalina.core.ApplicationContext log
信息: No Spring WebApplicationInitializer types detected on classpath
2016-3-23 13:56:06 org.apache.catalina.core.ApplicationContext log
信息: Initializing Spring root WebApplicationContext
2016-3-23 13:56:08 org.apache.catalina.core.ApplicationContext log
信息: Initializing Spring FrameworkServlet 'springMvc'
2016-3-23 13:58:08 org.apache.catalina.core.ApplicationContext log
信息: No Spring WebApplicationInitializer types detected on classpath
2016-3-23 13:58:08 org.apache.catalina.core.ApplicationContext log
信息: Initializing Spring root WebApplicationContext
2016-3-23 13:58:10 org.apache.catalina.core.ApplicationContext log
信息: Initializing Spring FrameworkServlet 'springMvc'
2016-3-23 14:06:40 org.apache.catalina.core.ApplicationContext log
信息: No Spring WebApplicationInitializer types detected on classpath
2016-3-23 14:06:40 org.apache.catalina.core.ApplicationContext log
信息: Initializing Spring root WebApplicationContext
2016-3-23 14:06:44 org.apache.catalina.core.ApplicationContext log
信息: Initializing Spring FrameworkServlet 'springMvc'
2016-3-23 14:07:04 org.apache.catalina.core.ApplicationContext log
信息: No Spring WebApplicationInitializer types detected on classpath
2016-3-23 14:07:04 org.apache.catalina.core.ApplicationContext log
信息: Initializing Spring root WebApplicationContext
2016-3-23 14:07:06 org.apache.catalina.core.ApplicationContext log
信息: Initializing Spring FrameworkServlet 'springMvc'
2016-3-23 14:07:30 org.apache.catalina.core.ApplicationContext log
信息: No Spring WebApplicationInitializer types detected on classpath
2016-3-23 14:07:30 org.apache.catalina.core.ApplicationContext log
信息: Initializing Spring root WebApplicationContext
2016-3-23 14:07:33 org.apache.catalina.core.ApplicationContext log
信息: Initializing Spring FrameworkServlet 'springMvc'
2016-3-23 15:11:31 org.apache.catalina.core.ApplicationContext log
信息: No Spring WebApplicationInitializer types detected on classpath
2016-3-23 15:11:31 org.apache.catalina.core.ApplicationContext log
信息: Initializing Spring root WebApplicationContext
2016-3-23 15:11:35 org.apache.catalina.core.ApplicationContext log
信息: Initializing Spring FrameworkServlet 'springMvc'
2016-3-23 15:11:36 org.apache.catalina.core.ApplicationContext log
信息: Destroying Spring FrameworkServlet 'springMvc'
2016-3-23 15:11:36 org.apache.catalina.core.ApplicationContext log
信息: Closing Spring root WebApplicationContext
2016-3-23 15:12:01 org.apache.catalina.core.ApplicationContext log
信息: No Spring WebApplicationInitializer types detected on classpath
2016-3-23 15:12:01 org.apache.catalina.core.ApplicationContext log
信息: Initializing Spring root WebApplicationContext
2016-3-23 15:12:03 org.apache.catalina.core.ApplicationContext log
信息: Initializing Spring FrameworkServlet 'springMvc'
2016-3-23 15:12:04 org.apache.catalina.core.ApplicationContext log
信息: Destroying Spring FrameworkServlet 'springMvc'
2016-3-23 15:12:04 org.apache.catalina.core.ApplicationContext log
信息: Closing Spring root WebApplicationContext
2016-3-23 15:13:15 org.apache.catalina.core.ApplicationContext log
信息: No Spring WebApplicationInitializer types detected on classpath
2016-3-23 15:13:15 org.apache.catalina.core.ApplicationContext log
信息: Initializing Spring root WebApplicationContext
2016-3-23 15:13:17 org.apache.catalina.core.ApplicationContext log
信息: Initializing Spring FrameworkServlet 'springMvc'
2016-3-23 15:13:18 org.apache.catalina.core.ApplicationContext log
信息: Destroying Spring FrameworkServlet 'springMvc'
2016-3-23 15:13:18 org.apache.catalina.core.ApplicationContext log
信息: Closing Spring root WebApplicationContext
2016-3-23 15:13:23 org.apache.catalina.core.ApplicationContext log
信息: No Spring WebApplicationInitializer types detected on classpath
2016-3-23 15:13:23 org.apache.catalina.core.ApplicationContext log
信息: Initializing Spring root WebApplicationContext
2016-3-23 15:13:59 org.apache.catalina.core.ApplicationContext log
信息: No Spring WebApplicationInitializer types detected on classpath
2016-3-23 15:13:59 org.apache.catalina.core.ApplicationContext log
信息: Initializing Spring root WebApplicationContext
2016-3-23 15:14:01 org.apache.catalina.core.ApplicationContext log
信息: Initializing Spring FrameworkServlet 'springMvc'
2016-3-23 15:44:01 org.apache.catalina.core.ApplicationContext log
信息: No Spring WebApplicationInitializer types detected on classpath
2016-3-23 15:44:01 org.apache.catalina.core.ApplicationContext log
信息: Initializing Spring root WebApplicationContext
2016-3-23 15:44:03 org.apache.catalina.core.ApplicationContext log
信息: Initializing Spring FrameworkServlet 'springMvc'
2016-3-23 15:44:23 org.apache.catalina.core.ApplicationDispatcher invoke
严重: Servlet.service() for servlet jsp threw exception
org.apache.jasper.JasperException: /WEB-INF/base/task/taskList.jsp (line: 1, column: 2) Page-encoding specified in XML prolog (UTF-8) is different from that specified in page directive (UTF8)
	at org.apache.jasper.compiler.DefaultErrorHandler.jspError(DefaultErrorHandler.java:42)
	at org.apache.jasper.compiler.ErrorDispatcher.dispatch(ErrorDispatcher.java:443)
	at org.apache.jasper.compiler.ErrorDispatcher.jspError(ErrorDispatcher.java:237)
	at org.apache.jasper.compiler.Validator$DirectiveVisitor.comparePageEncodings(Validator.java:369)
	at org.apache.jasper.compiler.Validator$DirectiveVisitor.visit(Validator.java:199)
	at org.apache.jasper.compiler.Node$PageDirective.accept(Node.java:589)
	at org.apache.jasper.compiler.Node$Nodes.visit(Node.java:2392)
	at org.apache.jasper.compiler.Node$Visitor.visitBody(Node.java:2444)
	at org.apache.jasper.compiler.Node$Visitor.visit(Node.java:2450)
	at org.apache.jasper.compiler.Node$Root.accept(Node.java:474)
	at org.apache.jasper.compiler.Node$Nodes.visit(Node.java:2392)
	at org.apache.jasper.compiler.Validator.validateDirectives(Validator.java:1805)
	at org.apache.jasper.compiler.Compiler.generateJava(Compiler.java:196)
	at org.apache.jasper.compiler.Compiler.compile(Compiler.java:374)
	at org.apache.jasper.compiler.Compiler.compile(Compiler.java:354)
	at org.apache.jasper.compiler.Compiler.compile(Compiler.java:341)
	at org.apache.jasper.JspCompilationContext.compile(JspCompilationContext.java:662)
	at org.apache.jasper.servlet.JspServletWrapper.service(JspServletWrapper.java:364)
	at org.apache.jasper.servlet.JspServlet.serviceJspFile(JspServlet.java:395)
	at org.apache.jasper.servlet.JspServlet.service(JspServlet.java:339)
	at javax.servlet.http.HttpServlet.service(HttpServlet.java:731)
	at org.apache.catalina.core.ApplicationFilterChain.internalDoFilter(ApplicationFilterChain.java:303)
	at org.apache.catalina.core.ApplicationFilterChain.doFilter(ApplicationFilterChain.java:208)
	at org.apache.catalina.core.ApplicationDispatcher.invoke(ApplicationDispatcher.java:747)
	at org.apache.catalina.core.ApplicationDispatcher.processRequest(ApplicationDispatcher.java:485)
	at org.apache.catalina.core.ApplicationDispatcher.doForward(ApplicationDispatcher.java:410)
	at org.apache.catalina.core.ApplicationDispatcher.forward(ApplicationDispatcher.java:337)
	at org.springframework.web.servlet.view.InternalResourceView.renderMergedOutputModel(InternalResourceView.java:238)
	at org.springframework.web.servlet.view.AbstractView.render(AbstractView.java:264)
	at org.springframework.web.servlet.DispatcherServlet.render(DispatcherServlet.java:1208)
	at org.springframework.web.servlet.DispatcherServlet.processDispatchResult(DispatcherServlet.java:992)
	at org.springframework.web.servlet.DispatcherServlet.doDispatch(DispatcherServlet.java:939)
	at org.springframework.web.servlet.DispatcherServlet.doService(DispatcherServlet.java:856)
	at org.springframework.web.servlet.FrameworkServlet.processRequest(FrameworkServlet.java:936)
	at org.springframework.web.servlet.FrameworkServlet.doGet(FrameworkServlet.java:827)
	at javax.servlet.http.HttpServlet.service(HttpServlet.java:624)
	at org.springframework.web.servlet.FrameworkServlet.service(FrameworkServlet.java:812)
	at javax.servlet.http.HttpServlet.service(HttpServlet.java:731)
	at org.apache.catalina.core.ApplicationFilterChain.internalDoFilter(ApplicationFilterChain.java:303)
	at org.apache.catalina.core.ApplicationFilterChain.doFilter(ApplicationFilterChain.java:208)
	at org.springframework.web.filter.CharacterEncodingFilter.doFilterInternal(CharacterEncodingFilter.java:88)
	at org.springframework.web.filter.OncePerRequestFilter.doFilter(OncePerRequestFilter.java:107)
	at org.apache.catalina.core.ApplicationFilterChain.internalDoFilter(ApplicationFilterChain.java:241)
	at org.apache.catalina.core.ApplicationFilterChain.doFilter(ApplicationFilterChain.java:208)
	at org.apache.catalina.core.StandardWrapperValve.invoke(StandardWrapperValve.java:220)
	at org.apache.catalina.core.StandardContextValve.invoke(StandardContextValve.java:122)
	at org.apache.catalina.authenticator.AuthenticatorBase.invoke(AuthenticatorBase.java:505)
	at com.radiadesign.catalina.session.RedisSessionHandlerValve.invoke(RedisSessionHandlerValve.java:26)
	at org.apache.catalina.core.StandardHostValve.invoke(StandardHostValve.java:169)
	at org.apache.catalina.valves.ErrorReportValve.invoke(ErrorReportValve.java:103)
	at org.apache.catalina.valves.AccessLogValve.invoke(AccessLogValve.java:956)
	at org.apache.catalina.core.StandardEngineValve.invoke(StandardEngineValve.java:116)
	at org.apache.catalina.connector.CoyoteAdapter.service(CoyoteAdapter.java:436)
	at org.apache.coyote.http11.AbstractHttp11Processor.process(AbstractHttp11Processor.java:1078)
	at org.apache.coyote.AbstractProtocol$AbstractConnectionHandler.process(AbstractProtocol.java:625)
	at org.apache.tomcat.util.net.AprEndpoint$SocketProcessor.doRun(AprEndpoint.java:2517)
	at org.apache.tomcat.util.net.AprEndpoint$SocketProcessor.run(AprEndpoint.java:2506)
	at java.util.concurrent.ThreadPoolExecutor$Worker.runTask(ThreadPoolExecutor.java:895)
	at java.util.concurrent.ThreadPoolExecutor$Worker.run(ThreadPoolExecutor.java:918)
	at org.apache.tomcat.util.threads.TaskThread$WrappingRunnable.run(TaskThread.java:61)
	at java.lang.Thread.run(Thread.java:662)
2016-3-23 15:44:23 org.apache.catalina.core.StandardWrapperValve invoke
严重: Servlet.service() for servlet [springMvc] in context with path [] threw exception [/WEB-INF/base/task/taskList.jsp (line: 1, column: 2) Page-encoding specified in XML prolog (UTF-8) is different from that specified in page directive (UTF8)] with root cause
org.apache.jasper.JasperException: /WEB-INF/base/task/taskList.jsp (line: 1, column: 2) Page-encoding specified in XML prolog (UTF-8) is different from that specified in page directive (UTF8)
	at org.apache.jasper.compiler.DefaultErrorHandler.jspError(DefaultErrorHandler.java:42)
	at org.apache.jasper.compiler.ErrorDispatcher.dispatch(ErrorDispatcher.java:443)
	at org.apache.jasper.compiler.ErrorDispatcher.jspError(ErrorDispatcher.java:237)
	at org.apache.jasper.compiler.Validator$DirectiveVisitor.comparePageEncodings(Validator.java:369)
	at org.apache.jasper.compiler.Validator$DirectiveVisitor.visit(Validator.java:199)
	at org.apache.jasper.compiler.Node$PageDirective.accept(Node.java:589)
	at org.apache.jasper.compiler.Node$Nodes.visit(Node.java:2392)
	at org.apache.jasper.compiler.Node$Visitor.visitBody(Node.java:2444)
	at org.apache.jasper.compiler.Node$Visitor.visit(Node.java:2450)
	at org.apache.jasper.compiler.Node$Root.accept(Node.java:474)
	at org.apache.jasper.compiler.Node$Nodes.visit(Node.java:2392)
	at org.apache.jasper.compiler.Validator.validateDirectives(Validator.java:1805)
	at org.apache.jasper.compiler.Compiler.generateJava(Compiler.java:196)
	at org.apache.jasper.compiler.Compiler.compile(Compiler.java:374)
	at org.apache.jasper.compiler.Compiler.compile(Compiler.java:354)
	at org.apache.jasper.compiler.Compiler.compile(Compiler.java:341)
	at org.apache.jasper.JspCompilationContext.compile(JspCompilationContext.java:662)
	at org.apache.jasper.servlet.JspServletWrapper.service(JspServletWrapper.java:364)
	at org.apache.jasper.servlet.JspServlet.serviceJspFile(JspServlet.java:395)
	at org.apache.jasper.servlet.JspServlet.service(JspServlet.java:339)
	at javax.servlet.http.HttpServlet.service(HttpServlet.java:731)
	at org.apache.catalina.core.ApplicationFilterChain.internalDoFilter(ApplicationFilterChain.java:303)
	at org.apache.catalina.core.ApplicationFilterChain.doFilter(ApplicationFilterChain.java:208)
	at org.apache.catalina.core.ApplicationDispatcher.invoke(ApplicationDispatcher.java:747)
	at org.apache.catalina.core.ApplicationDispatcher.processRequest(ApplicationDispatcher.java:485)
	at org.apache.catalina.core.ApplicationDispatcher.doForward(ApplicationDispatcher.java:410)
	at org.apache.catalina.core.ApplicationDispatcher.forward(ApplicationDispatcher.java:337)
	at org.springframework.web.servlet.view.InternalResourceView.renderMergedOutputModel(InternalResourceView.java:238)
	at org.springframework.web.servlet.view.AbstractView.render(AbstractView.java:264)
	at org.springframework.web.servlet.DispatcherServlet.render(DispatcherServlet.java:1208)
	at org.springframework.web.servlet.DispatcherServlet.processDispatchResult(DispatcherServlet.java:992)
	at org.springframework.web.servlet.DispatcherServlet.doDispatch(DispatcherServlet.java:939)
	at org.springframework.web.servlet.DispatcherServlet.doService(DispatcherServlet.java:856)
	at org.springframework.web.servlet.FrameworkServlet.processRequest(FrameworkServlet.java:936)
	at org.springframework.web.servlet.FrameworkServlet.doGet(FrameworkServlet.java:827)
	at javax.servlet.http.HttpServlet.service(HttpServlet.java:624)
	at org.springframework.web.servlet.FrameworkServlet.service(FrameworkServlet.java:812)
	at javax.servlet.http.HttpServlet.service(HttpServlet.java:731)
	at org.apache.catalina.core.ApplicationFilterChain.internalDoFilter(ApplicationFilterChain.java:303)
	at org.apache.catalina.core.ApplicationFilterChain.doFilter(ApplicationFilterChain.java:208)
	at org.springframework.web.filter.CharacterEncodingFilter.doFilterInternal(CharacterEncodingFilter.java:88)
	at org.springframework.web.filter.OncePerRequestFilter.doFilter(OncePerRequestFilter.java:107)
	at org.apache.catalina.core.ApplicationFilterChain.internalDoFilter(ApplicationFilterChain.java:241)
	at org.apache.catalina.core.ApplicationFilterChain.doFilter(ApplicationFilterChain.java:208)
	at org.apache.catalina.core.StandardWrapperValve.invoke(StandardWrapperValve.java:220)
	at org.apache.catalina.core.StandardContextValve.invoke(StandardContextValve.java:122)
	at org.apache.catalina.authenticator.AuthenticatorBase.invoke(AuthenticatorBase.java:505)
	at com.radiadesign.catalina.session.RedisSessionHandlerValve.invoke(RedisSessionHandlerValve.java:26)
	at org.apache.catalina.core.StandardHostValve.invoke(StandardHostValve.java:169)
	at org.apache.catalina.valves.ErrorReportValve.invoke(ErrorReportValve.java:103)
	at org.apache.catalina.valves.AccessLogValve.invoke(AccessLogValve.java:956)
	at org.apache.catalina.core.StandardEngineValve.invoke(StandardEngineValve.java:116)
	at org.apache.catalina.connector.CoyoteAdapter.service(CoyoteAdapter.java:436)
	at org.apache.coyote.http11.AbstractHttp11Processor.process(AbstractHttp11Processor.java:1078)
	at org.apache.coyote.AbstractProtocol$AbstractConnectionHandler.process(AbstractProtocol.java:625)
	at org.apache.tomcat.util.net.AprEndpoint$SocketProcessor.doRun(AprEndpoint.java:2517)
	at org.apache.tomcat.util.net.AprEndpoint$SocketProcessor.run(AprEndpoint.java:2506)
	at java.util.concurrent.ThreadPoolExecutor$Worker.runTask(ThreadPoolExecutor.java:895)
	at java.util.concurrent.ThreadPoolExecutor$Worker.run(ThreadPoolExecutor.java:918)
	at org.apache.tomcat.util.threads.TaskThread$WrappingRunnable.run(TaskThread.java:61)
	at java.lang.Thread.run(Thread.java:662)
2016-3-23 15:45:10 org.apache.catalina.core.ApplicationContext log
信息: No Spring WebApplicationInitializer types detected on classpath
2016-3-23 15:45:11 org.apache.catalina.core.ApplicationContext log
信息: Initializing Spring root WebApplicationContext
2016-3-23 15:45:12 org.apache.catalina.core.ApplicationContext log
信息: Initializing Spring FrameworkServlet 'springMvc'
2016-3-23 15:53:16 org.apache.catalina.core.ApplicationContext log
信息: No Spring WebApplicationInitializer types detected on classpath
2016-3-23 15:53:16 org.apache.catalina.core.ApplicationContext log
信息: Initializing Spring root WebApplicationContext
2016-3-23 15:53:17 org.apache.catalina.core.ApplicationContext log
信息: Initializing Spring FrameworkServlet 'springMvc'
2016-3-23 15:54:10 org.apache.catalina.core.ApplicationContext log
信息: No Spring WebApplicationInitializer types detected on classpath
2016-3-23 15:54:10 org.apache.catalina.core.ApplicationContext log
信息: Initializing Spring root WebApplicationContext
2016-3-23 15:54:11 org.apache.catalina.core.ApplicationContext log
信息: Initializing Spring FrameworkServlet 'springMvc'
2016-3-23 15:54:12 org.apache.catalina.core.ApplicationContext log
信息: Destroying Spring FrameworkServlet 'springMvc'
2016-3-23 15:54:12 org.apache.catalina.core.ApplicationContext log
信息: Closing Spring root WebApplicationContext
2016-3-23 15:54:25 org.apache.catalina.core.ApplicationContext log
信息: No Spring WebApplicationInitializer types detected on classpath
2016-3-23 15:54:25 org.apache.catalina.core.ApplicationContext log
信息: Initializing Spring root WebApplicationContext
2016-3-23 15:54:27 org.apache.catalina.core.ApplicationContext log
信息: Initializing Spring FrameworkServlet 'springMvc'
2016-3-23 16:15:51 org.apache.catalina.core.ApplicationContext log
信息: No Spring WebApplicationInitializer types detected on classpath
2016-3-23 16:15:51 org.apache.catalina.core.ApplicationContext log
信息: Initializing Spring root WebApplicationContext
2016-3-23 16:15:53 org.apache.catalina.core.ApplicationContext log
信息: Initializing Spring FrameworkServlet 'springMvc'
2016-3-23 16:20:56 org.apache.catalina.core.ApplicationContext log
信息: No Spring WebApplicationInitializer types detected on classpath
2016-3-23 16:20:56 org.apache.catalina.core.ApplicationContext log
信息: Initializing Spring root WebApplicationContext
2016-3-23 16:20:58 org.apache.catalina.core.ApplicationContext log
信息: Initializing Spring FrameworkServlet 'springMvc'
2016-3-23 16:23:30 org.apache.catalina.core.ApplicationContext log
信息: No Spring WebApplicationInitializer types detected on classpath
2016-3-23 16:23:30 org.apache.catalina.core.ApplicationContext log
信息: Initializing Spring root WebApplicationContext
2016-3-23 16:23:32 org.apache.catalina.core.ApplicationContext log
信息: Initializing Spring FrameworkServlet 'springMvc'
2016-3-23 16:32:53 org.apache.catalina.core.ApplicationContext log
信息: No Spring WebApplicationInitializer types detected on classpath
2016-3-23 16:32:53 org.apache.catalina.core.ApplicationContext log
信息: Initializing Spring root WebApplicationContext
2016-3-23 16:32:57 org.apache.catalina.core.ApplicationContext log
信息: Set web app root system property: 'webapp.root' = [C:\Users\quxiucheng\Desktop\012work\]
2016-3-23 16:32:57 org.apache.catalina.core.ApplicationContext log
信息: Initializing log4j from [classpath:/properties/log4j.properties]
2016-3-23 16:32:57 org.apache.catalina.core.ApplicationContext log
信息: Initializing Spring FrameworkServlet 'springServlet'
