2016-3-20 11:31:50 org.apache.catalina.core.ApplicationContext log
信息: No Spring WebApplicationInitializer types detected on classpath
2016-3-20 11:31:51 org.apache.catalina.core.ApplicationContext log
信息: ContextListener: contextInitialized()
2016-3-20 11:31:51 org.apache.catalina.core.ApplicationContext log
信息: SessionListener: contextInitialized()
2016-3-20 11:31:51 org.apache.catalina.core.ApplicationContext log
信息: ContextListener: attributeAdded('org.apache.jasper.compiler.TldLocationsCache', 'org.apache.jasper.compiler.TldLocationsCache@69c01ba9')
2016-3-20 11:32:08 org.apache.catalina.core.ApplicationContext log
信息: No Spring WebApplicationInitializer types detected on classpath
2016-3-20 11:32:08 org.apache.catalina.core.ApplicationContext log
信息: ContextListener: contextInitialized()
2016-3-20 11:32:08 org.apache.catalina.core.ApplicationContext log
信息: SessionListener: contextInitialized()
2016-3-20 11:32:08 org.apache.catalina.core.ApplicationContext log
信息: ContextListener: attributeAdded('org.apache.jasper.compiler.TldLocationsCache', 'org.apache.jasper.compiler.TldLocationsCache@4b4ed577')
2016-3-20 11:32:57 org.apache.catalina.core.ApplicationContext log
信息: Initializing Spring FrameworkServlet 'springMVC'
2016-3-20 11:35:43 org.apache.catalina.core.ApplicationContext log
信息: ContextListener: contextInitialized()
2016-3-20 11:35:43 org.apache.catalina.core.ApplicationContext log
信息: SessionListener: contextInitialized()
2016-3-20 11:35:43 org.apache.catalina.core.ApplicationContext log
信息: ContextListener: attributeAdded('org.apache.jasper.compiler.TldLocationsCache', 'org.apache.jasper.compiler.TldLocationsCache@1bd7b222')
2016-3-20 11:35:44 org.apache.catalina.core.ApplicationContext log
信息: No Spring WebApplicationInitializer types detected on classpath
2016-3-20 11:35:49 org.apache.catalina.core.ApplicationContext log
信息: Initializing Spring FrameworkServlet 'springMVC'
2016-3-20 11:52:59 org.apache.catalina.core.ApplicationContext log
信息: ContextListener: contextInitialized()
2016-3-20 11:52:59 org.apache.catalina.core.ApplicationContext log
信息: SessionListener: contextInitialized()
2016-3-20 11:52:59 org.apache.catalina.core.ApplicationContext log
信息: ContextListener: attributeAdded('org.apache.jasper.compiler.TldLocationsCache', 'org.apache.jasper.compiler.TldLocationsCache@77fe4169')
2016-3-20 12:00:14 org.apache.catalina.core.ApplicationContext log
信息: No Spring WebApplicationInitializer types detected on classpath
2016-3-20 12:00:35 org.apache.catalina.core.ApplicationContext log
信息: Initializing Spring FrameworkServlet 'springMVC'
2016-3-20 12:01:41 org.apache.catalina.core.ApplicationContext log
信息: No Spring WebApplicationInitializer types detected on classpath
2016-3-20 12:02:35 org.apache.catalina.core.ApplicationContext log
信息: Initializing Spring FrameworkServlet 'springMVC'
